SF:lib/database/database.g.dart
DA:10,1
DA:13,2
DA:15,1
DA:20,1
DA:26,2
DA:28,1
DA:30,1
DA:41,2
DA:43,1
DA:52,2
DA:54,1
DA:60,1
DA:61,5
DA:62,1
DA:63,2
DA:64,1
DA:67,1
DA:72,1
DA:73,1
DA:74,1
DA:75,0
DA:77,1
DA:78,1
DA:80,3
DA:83,0
DA:85,1
DA:86,1
DA:88,3
DA:91,0
DA:93,1
DA:94,0
DA:96,0
DA:102,1
DA:103,1
DA:104,0
DA:106,0
DA:107,0
DA:108,0
DA:110,0
DA:112,0
DA:114,0
DA:116,0
DA:118,0
DA:120,0
DA:122,0
DA:127,0
DA:129,0
DA:147,1
DA:153,0
DA:155,0
DA:156,0
DA:157,0
DA:158,0
DA:159,0
DA:163,0
DA:164,0
DA:165,0
DA:166,0
DA:167,0
DA:168,0
DA:172,0
DA:176,0
DA:177,0
DA:178,0
DA:179,0
DA:180,0
DA:181,0
DA:184,0
DA:186,0
DA:187,0
DA:188,0
DA:189,0
DA:190,0
DA:191,0
DA:195,0
DA:200,0
DA:201,0
DA:202,0
DA:203,0
DA:204,0
DA:206,0
DA:207,0
DA:208,0
DA:209,0
DA:210,0
DA:211,0
DA:215,0
DA:217,0
DA:218,0
DA:219,0
DA:220,0
DA:221,0
DA:222,0
DA:223,0
DA:226,0
DA:227,0
DA:228,0
DA:231,0
DA:232,0
DA:233,0
DA:234,0
DA:235,0
DA:243,1
DA:249,2
DA:254,2
DA:255,2
DA:256,0
DA:262,0
DA:263,0
DA:264,0
DA:265,0
DA:266,0
DA:270,0
DA:276,0
DA:277,0
DA:278,0
DA:279,0
DA:280,0
DA:284,1
DA:286,1
DA:287,2
DA:288,0
DA:290,2
DA:291,4
DA:293,2
DA:294,4
DA:296,2
DA:297,0
DA:302,0
DA:304,0
DA:305,0
DA:306,0
DA:307,0
DA:308,0
DA:309,0
DA:310,0
DA:319,1
DA:322,2
DA:324,1
DA:329,1
DA:337,2
DA:339,1
DA:343,1
DA:349,2
DA:351,1
DA:360,2
DA:362,1
DA:371,2
DA:373,1
DA:380,2
DA:382,1
DA:391,2
DA:393,1
DA:402,2
DA:404,1
DA:406,1
DA:418,2
DA:420,1
DA:422,1
DA:433,2
DA:435,1
DA:444,2
DA:446,1
DA:455,2
DA:457,1
DA:461,1
DA:466,1
DA:467,1
DA:468,1
DA:469,1
DA:470,1
DA:471,1
DA:472,1
DA:473,1
DA:474,1
DA:475,1
DA:476,1
DA:477,1
DA:478,1
DA:479,1
DA:481,1
DA:482,2
DA:483,1
DA:486,1
DA:491,1
DA:492,1
DA:493,1
DA:494,0
DA:496,1
DA:497,1
DA:499,3
DA:502,0
DA:504,1
DA:505,1
DA:507,3
DA:510,0
DA:512,1
DA:513,1
DA:515,3
DA:518,0
DA:520,1
DA:521,1
DA:523,3
DA:526,0
DA:528,1
DA:529,1
DA:531,3
DA:534,0
DA:536,1
DA:537,1
DA:539,2
DA:540,1
DA:545,1
DA:546,1
DA:548,3
DA:551,1
DA:552,1
DA:554,3
DA:557,0
DA:559,1
DA:560,1
DA:562,2
DA:563,1
DA:568,0
DA:570,1
DA:571,1
DA:573,2
DA:574,1
DA:579,1
DA:580,1
DA:582,2
DA:583,1
DA:591,1
DA:592,1
DA:593,1
DA:595,0
DA:596,1
DA:597,3
DA:599,2
DA:601,3
DA:603,2
DA:605,3
DA:607,2
DA:609,3
DA:611,2
DA:613,3
DA:615,2
DA:617,3
DA:619,2
DA:621,3
DA:623,2
DA:625,3
DA:627,2
DA:629,3
DA:631,2
DA:633,3
DA:635,2
DA:637,3
DA:639,2
DA:641,3
DA:643,2
DA:648,0
DA:650,0
DA:701,2
DA:715,0
DA:717,0
DA:718,0
DA:719,0
DA:720,0
DA:721,0
DA:722,0
DA:723,0
DA:724,0
DA:725,0
DA:727,0
DA:728,0
DA:729,0
DA:730,0
DA:731,0
DA:733,0
DA:737,0
DA:738,0
DA:739,0
DA:740,0
DA:741,0
DA:742,0
DA:743,0
DA:744,0
DA:745,0
DA:747,0
DA:748,0
DA:749,0
DA:750,0
DA:751,0
DA:753,0
DA:754,0
DA:758,0
DA:762,0
DA:763,0
DA:764,0
DA:765,0
DA:766,0
DA:767,0
DA:768,0
DA:769,0
DA:770,0
DA:771,0
DA:772,0
DA:773,0
DA:774,0
DA:775,0
DA:778,0
DA:780,0
DA:781,0
DA:782,0
DA:783,0
DA:784,0
DA:785,0
DA:786,0
DA:787,0
DA:788,0
DA:789,0
DA:790,0
DA:791,0
DA:792,0
DA:793,0
DA:797,0
DA:810,0
DA:811,0
DA:812,0
DA:813,0
DA:814,0
DA:815,0
DA:816,0
DA:817,0
DA:818,0
DA:819,0
DA:820,0
DA:821,0
DA:822,0
DA:823,0
DA:824,0
DA:826,0
DA:827,0
DA:828,0
DA:829,0
DA:830,0
DA:831,0
DA:832,0
DA:833,0
DA:834,0
DA:835,0
DA:836,0
DA:837,0
DA:838,0
DA:839,0
DA:840,0
DA:841,0
DA:842,0
DA:843,0
DA:844,0
DA:845,0
DA:846,0
DA:847,0
DA:848,0
DA:849,0
DA:853,0
DA:855,0
DA:856,0
DA:857,0
DA:858,0
DA:859,0
DA:860,0
DA:861,0
DA:862,0
DA:863,0
DA:864,0
DA:865,0
DA:866,0
DA:867,0
DA:868,0
DA:869,0
DA:872,0
DA:873,0
DA:874,0
DA:875,0
DA:876,0
DA:877,0
DA:878,0
DA:879,0
DA:880,0
DA:881,0
DA:882,0
DA:883,0
DA:884,0
DA:885,0
DA:887,0
DA:890,0
DA:891,0
DA:892,0
DA:893,0
DA:894,0
DA:895,0
DA:896,0
DA:897,0
DA:898,0
DA:899,0
DA:900,0
DA:901,0
DA:902,0
DA:918,2
DA:932,0
DA:945,0
DA:946,0
DA:947,0
DA:948,0
DA:949,0
DA:950,0
DA:951,0
DA:952,0
DA:966,0
DA:967,0
DA:968,0
DA:969,0
DA:970,0
DA:971,0
DA:972,0
DA:973,0
DA:974,0
DA:975,0
DA:976,0
DA:977,0
DA:978,0
DA:982,0
DA:996,0
DA:997,0
DA:998,0
DA:999,0
DA:1000,0
DA:1001,0
DA:1002,0
DA:1003,0
DA:1004,0
DA:1005,0
DA:1006,0
DA:1007,0
DA:1008,0
DA:1012,1
DA:1014,1
DA:1015,2
DA:1016,0
DA:1018,2
DA:1019,4
DA:1021,2
DA:1022,4
DA:1024,2
DA:1025,4
DA:1027,2
DA:1028,4
DA:1030,2
DA:1031,4
DA:1033,2
DA:1034,4
DA:1036,2
DA:1037,4
DA:1039,2
DA:1040,4
DA:1042,2
DA:1043,4
DA:1045,2
DA:1046,4
DA:1048,2
DA:1049,4
DA:1054,0
DA:1056,0
DA:1057,0
DA:1058,0
DA:1059,0
DA:1060,0
DA:1061,0
DA:1062,0
DA:1063,0
DA:1064,0
DA:1065,0
DA:1066,0
DA:1067,0
DA:1068,0
DA:1069,0
DA:1070,0
DA:1079,1
DA:1082,2
DA:1084,1
DA:1089,1
DA:1095,2
DA:1097,1
DA:1099,1
DA:1110,2
DA:1112,1
DA:1114,1
DA:1123,2
DA:1125,1
DA:1127,1
DA:1138,2
DA:1140,1
DA:1144,1
DA:1153,2
DA:1155,1
DA:1161,1
DA:1162,1
DA:1163,1
DA:1164,1
DA:1165,1
DA:1166,1
DA:1167,1
DA:1168,1
DA:1170,1
DA:1171,2
DA:1172,1
DA:1175,1
DA:1180,1
DA:1181,1
DA:1182,1
DA:1183,0
DA:1185,1
DA:1186,1
DA:1188,3
DA:1191,0
DA:1193,1
DA:1194,1
DA:1196,3
DA:1199,0
DA:1201,1
DA:1202,1
DA:1204,3
DA:1207,0
DA:1209,1
DA:1210,1
DA:1212,3
DA:1215,1
DA:1216,0
DA:1218,0
DA:1224,1
DA:1225,1
DA:1226,1
DA:1228,0
DA:1229,1
DA:1230,3
DA:1232,2
DA:1234,3
DA:1236,2
DA:1238,3
DA:1240,2
DA:1242,3
DA:1244,2
DA:1246,3
DA:1248,2
DA:1250,3
DA:1252,2
DA:1257,0
DA:1259,0
DA:1282,1
DA:1290,0
DA:1292,0
DA:1293,0
DA:1294,0
DA:1295,0
DA:1296,0
DA:1297,0
DA:1298,0
DA:1302,0
DA:1303,0
DA:1304,0
DA:1305,0
DA:1306,0
DA:1307,0
DA:1308,0
DA:1309,0
DA:1313,0
DA:1317,0
DA:1318,0
DA:1319,0
DA:1320,0
DA:1321,0
DA:1322,0
DA:1323,0
DA:1324,0
DA:1327,0
DA:1329,0
DA:1330,0
DA:1331,0
DA:1332,0
DA:1333,0
DA:1334,0
DA:1335,0
DA:1336,0
DA:1340,0
DA:1347,0
DA:1348,0
DA:1349,0
DA:1350,0
DA:1351,0
DA:1352,0
DA:1353,0
DA:1355,0
DA:1356,0
DA:1357,0
DA:1358,0
DA:1359,0
DA:1360,0
DA:1361,0
DA:1362,0
DA:1366,0
DA:1368,0
DA:1369,0
DA:1370,0
DA:1371,0
DA:1372,0
DA:1373,0
DA:1374,0
DA:1375,0
DA:1376,0
DA:1379,0
DA:1381,0
DA:1382,0
DA:1385,0
DA:1386,0
DA:1387,0
DA:1388,0
DA:1389,0
DA:1390,0
DA:1391,0
DA:1402,0
DA:1410,1
DA:1417,1
DA:1418,1
DA:1419,1
DA:1420,0
DA:1428,0
DA:1429,0
DA:1430,0
DA:1431,0
DA:1432,0
DA:1433,0
DA:1434,0
DA:1438,0
DA:1446,0
DA:1447,0
DA:1448,0
DA:1449,0
DA:1450,0
DA:1451,0
DA:1452,0
DA:1456,1
DA:1458,1
DA:1459,2
DA:1460,0
DA:1462,2
DA:1463,4
DA:1465,2
DA:1466,4
DA:1468,2
DA:1469,4
DA:1471,2
DA:1472,4
DA:1474,2
DA:1475,0
DA:1480,0
DA:1482,0
DA:1483,0
DA:1484,0
DA:1485,0
DA:1486,0
DA:1487,0
DA:1488,0
DA:1489,0
DA:1490,0
DA:1499,1
DA:1502,2
DA:1504,1
DA:1509,1
DA:1517,2
DA:1519,1
DA:1523,1
DA:1531,2
DA:1533,1
DA:1537,1
DA:1543,2
DA:1545,1
DA:1547,1
DA:1558,2
DA:1560,1
DA:1562,1
DA:1570,2
DA:1572,1
DA:1581,2
DA:1583,1
DA:1592,2
DA:1594,1
DA:1596,1
DA:1604,2
DA:1606,1
DA:1616,2
DA:1618,1
DA:1628,2
DA:1630,1
DA:1640,2
DA:1642,1
DA:1644,1
DA:1656,2
DA:1658,1
DA:1665,2
DA:1667,1
DA:1669,1
DA:1677,2
DA:1679,1
DA:1689,2
DA:1691,1
DA:1697,1
DA:1698,1
DA:1699,1
DA:1700,1
DA:1701,1
DA:1702,1
DA:1703,1
DA:1704,1
DA:1705,1
DA:1706,1
DA:1707,1
DA:1708,1
DA:1709,1
DA:1710,1
DA:1711,1
DA:1712,1
DA:1713,1
DA:1714,1
DA:1716,1
DA:1717,2
DA:1718,1
DA:1721,0
DA:1726,0
DA:1727,0
DA:1728,0
DA:1729,0
DA:1731,0
DA:1732,0
DA:1734,0
DA:1737,0
DA:1739,0
DA:1740,0
DA:1742,0
DA:1745,0
DA:1747,0
DA:1748,0
DA:1750,0
DA:1753,0
DA:1755,0
DA:1756,0
DA:1758,0
DA:1759,0
DA:1764,0
DA:1765,0
DA:1767,0
DA:1768,0
DA:1773,0
DA:1775,0
DA:1776,0
DA:1778,0
DA:1779,0
DA:1784,0
DA:1786,0
DA:1787,0
DA:1789,0
DA:1790,0
DA:1795,0
DA:1796,0
DA:1798,0
DA:1801,0
DA:1802,0
DA:1804,0
DA:1807,0
DA:1808,0
DA:1810,0
DA:1813,0
DA:1814,0
DA:1816,0
DA:1819,0
DA:1820,0
DA:1822,0
DA:1825,0
DA:1826,0
DA:1828,0
DA:1831,0
DA:1832,0
DA:1834,0
DA:1837,0
DA:1838,0
DA:1840,0
DA:1846,1
DA:1847,1
DA:1848,0
DA:1850,0
DA:1851,0
DA:1852,0
DA:1854,0
DA:1856,0
DA:1858,0
DA:1860,0
DA:1862,0
DA:1864,0
DA:1866,0
DA:1868,0
DA:1870,0
DA:1872,0
DA:1874,0
DA:1876,0
DA:1878,0
DA:1880,0
DA:1882,0
DA:1884,0
DA:1886,0
DA:1888,0
DA:1890,0
DA:1892,0
DA:1894,0
DA:1896,0
DA:1898,0
DA:1900,0
DA:1902,0
DA:1904,0
DA:1906,0
DA:1908,0
DA:1910,0
DA:1912,0
DA:1914,0
DA:1919,0
DA:1921,0
DA:1973,0
DA:1991,0
DA:1993,0
DA:1994,0
DA:1995,0
DA:1996,0
DA:1997,0
DA:1998,0
DA:1999,0
DA:2001,0
DA:2002,0
DA:2003,0
DA:2004,0
DA:2006,0
DA:2007,0
DA:2008,0
DA:2009,0
DA:2010,0
DA:2011,0
DA:2013,0
DA:2014,0
DA:2016,0
DA:2017,0
DA:2021,0
DA:2022,0
DA:2023,0
DA:2024,0
DA:2025,0
DA:2026,0
DA:2027,0
DA:2029,0
DA:2030,0
DA:2031,0
DA:2032,0
DA:2034,0
DA:2035,0
DA:2036,0
DA:2037,0
DA:2038,0
DA:2039,0
DA:2041,0
DA:2042,0
DA:2044,0
DA:2045,0
DA:2046,0
DA:2050,0
DA:2054,0
DA:2055,0
DA:2056,0
DA:2057,0
DA:2058,0
DA:2059,0
DA:2060,0
DA:2061,0
DA:2062,0
DA:2063,0
DA:2064,0
DA:2065,0
DA:2066,0
DA:2067,0
DA:2068,0
DA:2069,0
DA:2070,0
DA:2071,0
DA:2074,0
DA:2076,0
DA:2077,0
DA:2078,0
DA:2079,0
DA:2080,0
DA:2081,0
DA:2082,0
DA:2083,0
DA:2084,0
DA:2085,0
DA:2086,0
DA:2087,0
DA:2088,0
DA:2089,0
DA:2090,0
DA:2091,0
DA:2092,0
DA:2093,0
DA:2097,0
DA:2114,0
DA:2115,0
DA:2116,0
DA:2117,0
DA:2118,0
DA:2119,0
DA:2120,0
DA:2121,0
DA:2122,0
DA:2123,0
DA:2124,0
DA:2125,0
DA:2126,0
DA:2127,0
DA:2128,0
DA:2129,0
DA:2130,0
DA:2131,0
DA:2132,0
DA:2134,0
DA:2135,0
DA:2136,0
DA:2137,0
DA:2138,0
DA:2139,0
DA:2140,0
DA:2141,0
DA:2142,0
DA:2143,0
DA:2144,0
DA:2145,0
DA:2146,0
DA:2147,0
DA:2148,0
DA:2149,0
DA:2150,0
DA:2151,0
DA:2152,0
DA:2153,0
DA:2154,0
DA:2155,0
DA:2156,0
DA:2157,0
DA:2158,0
DA:2159,0
DA:2160,0
DA:2161,0
DA:2162,0
DA:2163,0
DA:2167,0
DA:2169,0
DA:2170,0
DA:2171,0
DA:2172,0
DA:2173,0
DA:2174,0
DA:2175,0
DA:2176,0
DA:2177,0
DA:2178,0
DA:2179,0
DA:2180,0
DA:2181,0
DA:2182,0
DA:2183,0
DA:2184,0
DA:2185,0
DA:2186,0
DA:2187,0
DA:2190,0
DA:2191,0
DA:2192,0
DA:2193,0
DA:2194,0
DA:2195,0
DA:2196,0
DA:2197,0
DA:2198,0
DA:2199,0
DA:2200,0
DA:2201,0
DA:2202,0
DA:2203,0
DA:2204,0
DA:2205,0
DA:2206,0
DA:2207,0
DA:2209,0
DA:2212,0
DA:2213,0
DA:2214,0
DA:2215,0
DA:2216,0
DA:2217,0
DA:2218,0
DA:2219,0
DA:2220,0
DA:2221,0
DA:2222,0
DA:2223,0
DA:2224,0
DA:2225,0
DA:2226,0
DA:2227,0
DA:2228,0
DA:2248,0
DA:2266,0
DA:2283,0
DA:2284,0
DA:2285,0
DA:2286,0
DA:2287,0
DA:2288,0
DA:2306,0
DA:2307,0
DA:2308,0
DA:2309,0
DA:2310,0
DA:2311,0
DA:2312,0
DA:2313,0
DA:2314,0
DA:2315,0
DA:2316,0
DA:2317,0
DA:2318,0
DA:2319,0
DA:2320,0
DA:2321,0
DA:2322,0
DA:2326,0
DA:2344,0
DA:2345,0
DA:2346,0
DA:2347,0
DA:2348,0
DA:2349,0
DA:2350,0
DA:2351,0
DA:2352,0
DA:2353,0
DA:2354,0
DA:2355,0
DA:2356,0
DA:2357,0
DA:2358,0
DA:2359,0
DA:2360,0
DA:2364,0
DA:2366,0
DA:2367,0
DA:2368,0
DA:2370,0
DA:2371,0
DA:2373,0
DA:2374,0
DA:2376,0
DA:2377,0
DA:2379,0
DA:2380,0
DA:2382,0
DA:2383,0
DA:2385,0
DA:2386,0
DA:2388,0
DA:2389,0
DA:2391,0
DA:2392,0
DA:2394,0
DA:2395,0
DA:2397,0
DA:2398,0
DA:2400,0
DA:2401,0
DA:2403,0
DA:2404,0
DA:2406,0
DA:2407,0
DA:2409,0
DA:2410,0
DA:2412,0
DA:2413,0
DA:2418,0
DA:2420,0
DA:2421,0
DA:2422,0
DA:2423,0
DA:2424,0
DA:2425,0
DA:2426,0
DA:2427,0
DA:2428,0
DA:2429,0
DA:2430,0
DA:2431,0
DA:2432,0
DA:2433,0
DA:2434,0
DA:2435,0
DA:2436,0
DA:2437,0
DA:2438,0
DA:2447,1
DA:2450,2
DA:2452,1
DA:2457,1
DA:2465,2
DA:2467,1
DA:2471,1
DA:2479,2
DA:2481,1
DA:2485,1
DA:2491,2
DA:2493,1
DA:2495,1
DA:2506,2
DA:2508,1
DA:2517,2
DA:2519,1
DA:2528,1
DA:2529,1
DA:2531,1
DA:2540,2
DA:2542,1
DA:2551,2
DA:2553,1
DA:2562,2
DA:2564,1
DA:2573,2
DA:2575,1
DA:2579,1
DA:2588,2
DA:2590,1
DA:2596,1
DA:2597,1
DA:2598,1
DA:2599,1
DA:2600,1
DA:2601,1
DA:2602,1
DA:2603,1
DA:2604,1
DA:2605,1
DA:2606,1
DA:2607,1
DA:2608,1
DA:2609,1
DA:2611,1
DA:2612,2
DA:2613,1
DA:2616,0
DA:2621,0
DA:2622,0
DA:2623,0
DA:2624,0
DA:2626,0
DA:2627,0
DA:2629,0
DA:2632,0
DA:2634,0
DA:2635,0
DA:2637,0
DA:2640,0
DA:2642,0
DA:2643,0
DA:2645,0
DA:2648,0
DA:2650,0
DA:2651,0
DA:2653,0
DA:2656,0
DA:2657,0
DA:2659,0
DA:2660,0
DA:2665,0
DA:2666,0
DA:2668,0
DA:2669,0
DA:2674,0
DA:2675,0
DA:2677,0
DA:2678,0
DA:2683,0
DA:2684,0
DA:2686,0
DA:2687,0
DA:2692,0
DA:2693,0
DA:2695,0
DA:2698,0
DA:2699,0
DA:2701,0
DA:2704,0
DA:2705,0
DA:2707,0
DA:2713,1
DA:2714,1
DA:2715,0
DA:2717,0
DA:2718,0
DA:2719,0
DA:2721,0
DA:2723,0
DA:2725,0
DA:2727,0
DA:2729,0
DA:2731,0
DA:2733,0
DA:2735,0
DA:2737,0
DA:2739,0
DA:2741,0
DA:2743,0
DA:2745,0
DA:2747,0
DA:2749,0
DA:2751,0
DA:2753,0
DA:2755,0
DA:2757,0
DA:2759,0
DA:2761,0
DA:2763,0
DA:2765,0
DA:2770,0
DA:2772,0
DA:2813,0
DA:2827,0
DA:2829,0
DA:2830,0
DA:2831,0
DA:2832,0
DA:2833,0
DA:2834,0
DA:2835,0
DA:2837,0
DA:2838,0
DA:2840,0
DA:2841,0
DA:2843,0
DA:2844,0
DA:2846,0
DA:2847,0
DA:2849,0
DA:2850,0
DA:2852,0
DA:2853,0
DA:2857,0
DA:2858,0
DA:2859,0
DA:2860,0
DA:2861,0
DA:2862,0
DA:2863,0
DA:2865,0
DA:2866,0
DA:2868,0
DA:2869,0
DA:2871,0
DA:2872,0
DA:2874,0
DA:2875,0
DA:2877,0
DA:2878,0
DA:2880,0
DA:2881,0
DA:2882,0
DA:2886,0
DA:2890,0
DA:2891,0
DA:2892,0
DA:2893,0
DA:2894,0
DA:2895,0
DA:2896,0
DA:2897,0
DA:2898,0
DA:2899,0
DA:2900,0
DA:2901,0
DA:2902,0
DA:2903,0
DA:2906,0
DA:2908,0
DA:2909,0
DA:2910,0
DA:2911,0
DA:2912,0
DA:2913,0
DA:2914,0
DA:2915,0
DA:2916,0
DA:2917,0
DA:2918,0
DA:2919,0
DA:2920,0
DA:2921,0
DA:2925,0
DA:2938,0
DA:2939,0
DA:2940,0
DA:2941,0
DA:2942,0
DA:2943,0
DA:2944,0
DA:2945,0
DA:2946,0
DA:2947,0
DA:2948,0
DA:2949,0
DA:2950,0
DA:2951,0
DA:2952,0
DA:2953,0
DA:2954,0
DA:2955,0
DA:2956,0
DA:2958,0
DA:2959,0
DA:2960,0
DA:2961,0
DA:2962,0
DA:2963,0
DA:2964,0
DA:2965,0
DA:2966,0
DA:2967,0
DA:2968,0
DA:2969,0
DA:2970,0
DA:2971,0
DA:2972,0
DA:2973,0
DA:2974,0
DA:2975,0
DA:2976,0
DA:2977,0
DA:2978,0
DA:2979,0
DA:2980,0
DA:2981,0
DA:2982,0
DA:2983,0
DA:2987,0
DA:2989,0
DA:2990,0
DA:2991,0
DA:2992,0
DA:2993,0
DA:2994,0
DA:2995,0
DA:2996,0
DA:2997,0
DA:2998,0
DA:2999,0
DA:3000,0
DA:3001,0
DA:3002,0
DA:3003,0
DA:3006,0
DA:3007,0
DA:3008,0
DA:3009,0
DA:3010,0
DA:3011,0
DA:3012,0
DA:3013,0
DA:3014,0
DA:3015,0
DA:3016,0
DA:3017,0
DA:3018,0
DA:3019,0
DA:3021,0
DA:3024,0
DA:3025,0
DA:3026,0
DA:3027,0
DA:3028,0
DA:3029,0
DA:3030,0
DA:3031,0
DA:3032,0
DA:3033,0
DA:3034,0
DA:3035,0
DA:3036,0
DA:3053,0
DA:3067,0
DA:3080,0
DA:3081,0
DA:3082,0
DA:3083,0
DA:3097,0
DA:3098,0
DA:3099,0
DA:3100,0
DA:3101,0
DA:3102,0
DA:3103,0
DA:3104,0
DA:3105,0
DA:3106,0
DA:3107,0
DA:3108,0
DA:3109,0
DA:3113,0
DA:3127,0
DA:3128,0
DA:3129,0
DA:3130,0
DA:3131,0
DA:3132,0
DA:3133,0
DA:3134,0
DA:3135,0
DA:3136,0
DA:3137,0
DA:3138,0
DA:3139,0
DA:3143,0
DA:3145,0
DA:3146,0
DA:3147,0
DA:3149,0
DA:3150,0
DA:3152,0
DA:3153,0
DA:3155,0
DA:3156,0
DA:3158,0
DA:3159,0
DA:3161,0
DA:3162,0
DA:3164,0
DA:3165,0
DA:3167,0
DA:3168,0
DA:3170,0
DA:3171,0
DA:3173,0
DA:3174,0
DA:3176,0
DA:3177,0
DA:3179,0
DA:3180,0
DA:3185,0
DA:3187,0
DA:3188,0
DA:3189,0
DA:3190,0
DA:3191,0
DA:3192,0
DA:3193,0
DA:3194,0
DA:3195,0
DA:3196,0
DA:3197,0
DA:3198,0
DA:3199,0
DA:3200,0
DA:3201,0
DA:3210,1
DA:3213,2
DA:3215,1
DA:3220,1
DA:3228,2
DA:3230,1
DA:3232,1
DA:3244,2
DA:3246,1
DA:3256,2
DA:3258,1
DA:3264,1
DA:3265,1
DA:3266,1
DA:3267,1
DA:3268,1
DA:3269,1
DA:3271,1
DA:3272,2
DA:3273,1
DA:3276,0
DA:3281,0
DA:3282,0
DA:3283,0
DA:3284,0
DA:3286,0
DA:3287,0
DA:3289,0
DA:3290,0
DA:3295,0
DA:3296,0
DA:3298,0
DA:3301,0
DA:3302,0
DA:3304,0
DA:3310,1
DA:3311,1
DA:3312,1
DA:3314,0
DA:3315,1
DA:3316,3
DA:3318,2
DA:3320,3
DA:3322,2
DA:3324,3
DA:3326,2
DA:3328,3
DA:3330,2
DA:3335,0
DA:3337,0
DA:3356,1
DA:3362,0
DA:3364,0
DA:3365,0
DA:3366,0
DA:3367,0
DA:3368,0
DA:3372,0
DA:3373,0
DA:3374,0
DA:3375,0
DA:3376,0
DA:3377,0
DA:3381,0
DA:3385,0
DA:3386,0
DA:3387,0
DA:3388,0
DA:3389,0
DA:3390,0
DA:3393,0
DA:3395,0
DA:3396,0
DA:3397,0
DA:3398,0
DA:3399,0
DA:3400,0
DA:3404,0
DA:3409,0
DA:3410,0
DA:3411,0
DA:3412,0
DA:3413,0
DA:3415,0
DA:3416,0
DA:3417,0
DA:3418,0
DA:3419,0
DA:3420,0
DA:3421,0
DA:3422,0
DA:3426,0
DA:3428,0
DA:3429,0
DA:3430,0
DA:3431,0
DA:3432,0
DA:3433,0
DA:3434,0
DA:3437,0
DA:3438,0
DA:3439,0
DA:3442,0
DA:3443,0
DA:3444,0
DA:3445,0
DA:3446,0
DA:3454,1
DA:3460,0
DA:3466,0
DA:3472,0
DA:3473,0
DA:3474,0
DA:3475,0
DA:3476,0
DA:3480,0
DA:3486,0
DA:3487,0
DA:3488,0
DA:3489,0
DA:3490,0
DA:3494,0
DA:3496,0
DA:3497,0
DA:3498,0
DA:3500,0
DA:3501,0
DA:3503,0
DA:3504,0
DA:3506,0
DA:3507,0
DA:3512,0
DA:3514,0
DA:3515,0
DA:3516,0
DA:3517,0
DA:3518,0
DA:3519,0
DA:3520,0
DA:3529,1
DA:3532,2
DA:3534,1
DA:3539,1
DA:3547,2
DA:3549,1
DA:3551,1
DA:3562,2
DA:3564,1
DA:3566,1
DA:3575,2
DA:3577,1
DA:3586,2
DA:3588,1
DA:3598,2
DA:3600,1
DA:3606,1
DA:3607,1
DA:3608,1
DA:3609,1
DA:3610,1
DA:3611,1
DA:3612,1
DA:3613,1
DA:3615,1
DA:3616,2
DA:3617,1
DA:3620,1
DA:3625,1
DA:3626,1
DA:3627,1
DA:3628,0
DA:3630,1
DA:3631,1
DA:3633,2
DA:3634,1
DA:3639,0
DA:3641,1
DA:3642,1
DA:3644,2
DA:3645,1
DA:3650,0
DA:3652,1
DA:3653,1
DA:3655,3
DA:3658,0
DA:3660,1
DA:3661,1
DA:3663,2
DA:3664,1
DA:3669,1
DA:3670,1
DA:3672,3
DA:3678,1
DA:3679,1
DA:3680,1
DA:3682,0
DA:3683,1
DA:3684,3
DA:3686,2
DA:3688,3
DA:3690,2
DA:3692,3
DA:3694,2
DA:3696,3
DA:3698,2
DA:3700,3
DA:3702,2
DA:3704,3
DA:3706,2
DA:3711,0
DA:3713,0
DA:3740,1
DA:3748,0
DA:3750,0
DA:3751,0
DA:3752,0
DA:3753,0
DA:3754,0
DA:3755,0
DA:3756,0
DA:3760,0
DA:3761,0
DA:3762,0
DA:3763,0
DA:3764,0
DA:3765,0
DA:3766,0
DA:3767,0
DA:3771,0
DA:3775,0
DA:3776,0
DA:3777,0
DA:3778,0
DA:3779,0
DA:3780,0
DA:3781,0
DA:3782,0
DA:3785,0
DA:3787,0
DA:3788,0
DA:3789,0
DA:3790,0
DA:3791,0
DA:3792,0
DA:3793,0
DA:3794,0
DA:3798,0
DA:3805,0
DA:3806,0
DA:3807,0
DA:3808,0
DA:3809,0
DA:3810,0
DA:3811,0
DA:3813,0
DA:3814,0
DA:3815,0
DA:3816,0
DA:3817,0
DA:3818,0
DA:3819,0
DA:3820,0
DA:3821,0
DA:3822,0
DA:3823,0
DA:3824,0
DA:3825,0
DA:3826,0
DA:3830,0
DA:3832,0
DA:3833,0
DA:3834,0
DA:3835,0
DA:3836,0
DA:3837,0
DA:3838,0
DA:3839,0
DA:3840,0
DA:3843,0
DA:3844,0
DA:3845,0
DA:3846,0
DA:3847,0
DA:3848,0
DA:3849,0
DA:3850,0
DA:3852,0
DA:3855,0
DA:3856,0
DA:3857,0
DA:3858,0
DA:3859,0
DA:3860,0
DA:3861,0
DA:3871,2
DA:3879,0
DA:3886,0
DA:3887,0
DA:3888,0
DA:3889,0
DA:3897,0
DA:3898,0
DA:3899,0
DA:3900,0
DA:3901,0
DA:3902,0
DA:3903,0
DA:3907,0
DA:3915,0
DA:3916,0
DA:3917,0
DA:3918,0
DA:3919,0
DA:3920,0
DA:3921,0
DA:3925,1
DA:3927,1
DA:3928,2
DA:3929,0
DA:3931,2
DA:3932,4
DA:3934,2
DA:3935,4
DA:3937,2
DA:3938,4
DA:3940,2
DA:3941,4
DA:3943,2
DA:3944,4
DA:3949,0
DA:3951,0
DA:3952,0
DA:3953,0
DA:3954,0
DA:3955,0
DA:3956,0
DA:3957,0
DA:3958,0
DA:3959,0
DA:3964,22
DA:3965,0
DA:3966,2
DA:3967,2
DA:3968,1
DA:3969,1
DA:3970,2
DA:3973,1
DA:3974,1
DA:3975,2
DA:3976,1
DA:3977,1
DA:3978,0
DA:3980,0
DA:3981,1
DA:3982,1
DA:3983,1
DA:3984,1
DA:3985,1
DA:3986,1
DA:3987,1
DA:3988,1
DA:3989,1
DA:3991,1
DA:4027,0
DA:4029,0
DA:4030,0
DA:4031,0
DA:4032,0
DA:4035,0
DA:4036,0
DA:4037,0
DA:4038,0
DA:4039,0
DA:4041,0
DA:4042,0
DA:4043,0
DA:4047,0
DA:4048,0
DA:4049,0
DA:4050,0
DA:4051,0
DA:4052,0
DA:4056,0
DA:4057,0
DA:4058,0
DA:4059,0
DA:4060,0
DA:4062,0
DA:4063,0
DA:4065,0
DA:4066,0
DA:4070,0
DA:4075,0
DA:4076,0
DA:4077,0
DA:4078,0
DA:4079,0
DA:4083,0
DA:4085,0
DA:4086,0
DA:4087,0
DA:4088,0
DA:4090,0
DA:4091,0
DA:4093,0
DA:4094,0
DA:4101,0
DA:4108,0
DA:4109,0
DA:4110,0
DA:4113,0
DA:4114,0
DA:4115,0
DA:4118,0
DA:4119,0
DA:4120,0
DA:4123,0
DA:4124,0
DA:4125,0
DA:4128,0
DA:4131,0
DA:4133,0
DA:4134,0
DA:4135,0
DA:4137,0
DA:4141,0
DA:4142,0
DA:4143,0
DA:4150,0
DA:4153,0
DA:4156,0
DA:4158,0
DA:4159,0
DA:4160,0
DA:4162,0
DA:4166,0
DA:4167,0
DA:4168,0
DA:4175,0
DA:4178,0
DA:4181,0
DA:4183,0
DA:4184,0
DA:4185,0
DA:4187,0
DA:4191,0
DA:4192,0
DA:4193,0
DA:4200,0
DA:4206,0
DA:4213,0
DA:4214,0
DA:4215,0
DA:4218,0
DA:4219,0
DA:4220,0
DA:4223,0
DA:4224,0
DA:4225,0
DA:4228,0
DA:4229,0
DA:4230,0
DA:4236,0
DA:4243,0
DA:4244,0
DA:4246,0
DA:4247,0
DA:4249,0
DA:4250,0
DA:4252,0
DA:4253,0
DA:4255,0
DA:4258,0
DA:4260,0
DA:4261,0
DA:4262,0
DA:4264,0
DA:4268,0
DA:4269,0
DA:4270,0
DA:4277,0
DA:4280,0
DA:4283,0
DA:4285,0
DA:4286,0
DA:4287,0
DA:4289,0
DA:4293,0
DA:4294,0
DA:4295,0
DA:4302,0
DA:4305,0
DA:4309,0
DA:4311,0
DA:4312,0
DA:4313,0
DA:4315,0
DA:4319,0
DA:4320,0
DA:4321,0
DA:4328,0
DA:4351,0
DA:4352,0
DA:4353,0
DA:4356,0
DA:4357,0
DA:4358,0
DA:4359,0
DA:4360,0
DA:4361,0
DA:4363,0
DA:4368,0
DA:4375,0
DA:4380,0
DA:4386,0
DA:4387,0
DA:4388,0
DA:4389,0
DA:4390,0
DA:4393,0
DA:4395,0
DA:4400,0
DA:4402,0
DA:4403,0
DA:4404,0
DA:4405,0
DA:4408,0
DA:4409,0
DA:4411,0
DA:4418,0
DA:4419,0
DA:4420,0
DA:4424,0
DA:4426,0
DA:4427,0
DA:4432,0
DA:4439,0
DA:4440,0
DA:4441,0
DA:4445,0
DA:4447,0
DA:4448,0
DA:4453,0
DA:4460,0
DA:4461,0
DA:4462,0
DA:4466,0
DA:4468,0
DA:4469,0
DA:4532,0
DA:4534,0
DA:4535,0
DA:4536,0
DA:4539,0
DA:4540,0
DA:4542,0
DA:4543,0
DA:4544,0
DA:4545,0
DA:4546,0
DA:4548,0
DA:4549,0
DA:4556,0
DA:4563,0
DA:4564,0
DA:4565,0
DA:4568,0
DA:4569,0
DA:4570,0
DA:4573,0
DA:4574,0
DA:4575,0
DA:4578,0
DA:4579,0
DA:4580,0
DA:4583,0
DA:4584,0
DA:4585,0
DA:4588,0
DA:4589,0
DA:4590,0
DA:4593,0
DA:4594,0
DA:4595,0
DA:4598,0
DA:4599,0
DA:4600,0
DA:4603,0
DA:4604,0
DA:4605,0
DA:4608,0
DA:4609,0
DA:4610,0
DA:4613,0
DA:4614,0
DA:4615,0
DA:4618,0
DA:4619,0
DA:4621,0
DA:4622,0
DA:4623,0
DA:4625,0
DA:4629,0
DA:4630,0
DA:4631,0
DA:4644,0
DA:4651,0
DA:4652,0
DA:4653,0
DA:4656,0
DA:4657,0
DA:4658,0
DA:4661,0
DA:4662,0
DA:4663,0
DA:4666,0
DA:4667,0
DA:4668,0
DA:4671,0
DA:4672,0
DA:4673,0
DA:4676,0
DA:4677,0
DA:4678,0
DA:4681,0
DA:4682,0
DA:4683,0
DA:4686,0
DA:4687,0
DA:4688,0
DA:4691,0
DA:4692,0
DA:4693,0
DA:4696,0
DA:4697,0
DA:4698,0
DA:4701,0
DA:4702,0
DA:4703,0
DA:4706,0
DA:4707,0
DA:4709,0
DA:4710,0
DA:4711,0
DA:4713,0
DA:4717,0
DA:4718,0
DA:4719,0
DA:4732,0
DA:4739,0
DA:4740,0
DA:4742,0
DA:4743,0
DA:4745,0
DA:4746,0
DA:4748,0
DA:4749,0
DA:4750,0
DA:4753,0
DA:4754,0
DA:4756,0
DA:4757,0
DA:4758,0
DA:4761,0
DA:4762,0
DA:4764,0
DA:4765,0
DA:4767,0
DA:4768,0
DA:4769,0
DA:4772,0
DA:4773,0
DA:4774,0
DA:4777,0
DA:4778,0
DA:4779,0
DA:4782,0
DA:4783,0
DA:4785,0
DA:4786,0
DA:4787,0
DA:4789,0
DA:4793,0
DA:4794,0
DA:4795,0
DA:4821,0
DA:4822,0
DA:4823,0
DA:4826,0
DA:4827,0
DA:4828,0
DA:4829,0
DA:4830,0
DA:4831,0
DA:4833,0
DA:4846,0
DA:4861,0
DA:4874,0
DA:4888,0
DA:4889,0
DA:4890,0
DA:4891,0
DA:4892,0
DA:4895,0
DA:4896,0
DA:4897,0
DA:4899,0
DA:4915,0
DA:4918,0
DA:4920,0
DA:4922,0
DA:4924,0
DA:4925,0
DA:4932,0
DA:4933,0
DA:4981,0
DA:4987,0
DA:4988,0
DA:4989,0
DA:4990,0
DA:4991,0
DA:4992,0
DA:4996,0
DA:4997,0
DA:4998,0
DA:4999,0
DA:5000,0
DA:5002,0
DA:5003,0
DA:5005,0
DA:5006,0
DA:5010,0
DA:5015,0
DA:5016,0
DA:5017,0
DA:5018,0
DA:5019,0
DA:5023,0
DA:5025,0
DA:5026,0
DA:5027,0
DA:5028,0
DA:5030,0
DA:5031,0
DA:5033,0
DA:5034,0
DA:5041,0
DA:5048,0
DA:5049,0
DA:5050,0
DA:5053,0
DA:5054,0
DA:5055,0
DA:5058,0
DA:5059,0
DA:5060,0
DA:5063,0
DA:5064,0
DA:5065,0
DA:5068,0
DA:5069,0
DA:5070,0
DA:5073,0
DA:5074,0
DA:5075,0
DA:5078,0
DA:5081,0
DA:5083,0
DA:5084,0
DA:5085,0
DA:5087,0
DA:5091,0
DA:5092,0
DA:5093,0
DA:5100,0
DA:5103,0
DA:5106,0
DA:5108,0
DA:5109,0
DA:5110,0
DA:5112,0
DA:5116,0
DA:5117,0
DA:5118,0
DA:5125,0
DA:5131,0
DA:5138,0
DA:5139,0
DA:5140,0
DA:5143,0
DA:5144,0
DA:5145,0
DA:5148,0
DA:5149,0
DA:5150,0
DA:5153,0
DA:5154,0
DA:5155,0
DA:5158,0
DA:5159,0
DA:5160,0
DA:5163,0
DA:5164,0
DA:5165,0
DA:5171,0
DA:5178,0
DA:5179,0
DA:5181,0
DA:5182,0
DA:5184,0
DA:5185,0
DA:5187,0
DA:5188,0
DA:5190,0
DA:5191,0
DA:5193,0
DA:5194,0
DA:5196,0
DA:5199,0
DA:5201,0
DA:5202,0
DA:5203,0
DA:5205,0
DA:5209,0
DA:5210,0
DA:5211,0
DA:5218,0
DA:5221,0
DA:5225,0
DA:5227,0
DA:5228,0
DA:5229,0
DA:5231,0
DA:5235,0
DA:5236,0
DA:5237,0
DA:5244,0
DA:5266,0
DA:5269,0
DA:5270,0
DA:5273,0
DA:5274,0
DA:5278,0
DA:5279,0
DA:5283,0
DA:5284,0
DA:5289,0
DA:5296,0
DA:5305,0
DA:5312,0
DA:5320,0
DA:5321,0
DA:5322,0
DA:5323,0
DA:5324,0
DA:5327,0
DA:5329,0
DA:5333,0
DA:5335,0
DA:5336,0
DA:5337,0
DA:5340,0
DA:5341,0
DA:5343,0
DA:5351,0
DA:5352,0
DA:5353,0
DA:5357,0
DA:5359,0
DA:5360,0
DA:5365,0
DA:5373,0
DA:5374,0
DA:5375,0
DA:5379,0
DA:5381,0
DA:5382,0
DA:5453,0
DA:5459,0
DA:5460,0
DA:5461,0
DA:5464,0
DA:5465,0
DA:5467,0
DA:5468,0
DA:5469,0
DA:5470,0
DA:5471,0
DA:5473,0
DA:5474,0
DA:5478,0
DA:5479,0
DA:5480,0
DA:5481,0
DA:5482,0
DA:5486,0
DA:5487,0
DA:5489,0
DA:5490,0
DA:5491,0
DA:5492,0
DA:5493,0
DA:5495,0
DA:5496,0
DA:5503,0
DA:5510,0
DA:5511,0
DA:5512,0
DA:5515,0
DA:5516,0
DA:5517,0
DA:5520,0
DA:5521,0
DA:5522,0
DA:5525,0
DA:5526,0
DA:5527,0
DA:5530,0
DA:5531,0
DA:5532,0
DA:5535,0
DA:5536,0
DA:5537,0
DA:5540,0
DA:5541,0
DA:5542,0
DA:5545,0
DA:5546,0
DA:5547,0
DA:5550,0
DA:5551,0
DA:5552,0
DA:5555,0
DA:5556,0
DA:5557,0
DA:5560,0
DA:5561,0
DA:5562,0
DA:5565,0
DA:5566,0
DA:5567,0
DA:5570,0
DA:5571,0
DA:5572,0
DA:5575,0
DA:5576,0
DA:5577,0
DA:5580,0
DA:5581,0
DA:5583,0
DA:5584,0
DA:5585,0
DA:5587,0
DA:5591,0
DA:5592,0
DA:5593,0
DA:5603,0
DA:5605,0
DA:5607,0
DA:5608,0
DA:5609,0
DA:5611,0
DA:5615,0
DA:5616,0
DA:5617,0
DA:5630,0
DA:5637,0
DA:5638,0
DA:5639,0
DA:5642,0
DA:5643,0
DA:5644,0
DA:5647,0
DA:5648,0
DA:5649,0
DA:5652,0
DA:5653,0
DA:5654,0
DA:5657,0
DA:5658,0
DA:5659,0
DA:5662,0
DA:5663,0
DA:5664,0
DA:5667,0
DA:5668,0
DA:5669,0
DA:5672,0
DA:5673,0
DA:5674,0
DA:5677,0
DA:5678,0
DA:5679,0
DA:5682,0
DA:5683,0
DA:5684,0
DA:5687,0
DA:5688,0
DA:5689,0
DA:5692,0
DA:5693,0
DA:5694,0
DA:5697,0
DA:5698,0
DA:5699,0
DA:5702,0
DA:5703,0
DA:5704,0
DA:5707,0
DA:5708,0
DA:5710,0
DA:5711,0
DA:5712,0
DA:5714,0
DA:5718,0
DA:5719,0
DA:5720,0
DA:5730,0
DA:5732,0
DA:5734,0
DA:5735,0
DA:5736,0
DA:5738,0
DA:5742,0
DA:5743,0
DA:5744,0
DA:5757,0
DA:5764,0
DA:5765,0
DA:5767,0
DA:5768,0
DA:5770,0
DA:5771,0
DA:5772,0
DA:5775,0
DA:5776,0
DA:5777,0
DA:5780,0
DA:5781,0
DA:5782,0
DA:5785,0
DA:5786,0
DA:5787,0
DA:5790,0
DA:5791,0
DA:5793,0
DA:5794,0
DA:5796,0
DA:5797,0
DA:5799,0
DA:5800,0
DA:5802,0
DA:5803,0
DA:5804,0
DA:5807,0
DA:5808,0
DA:5810,0
DA:5811,0
DA:5813,0
DA:5814,0
DA:5816,0
DA:5817,0
DA:5819,0
DA:5820,0
DA:5821,0
DA:5823,0
DA:5827,0
DA:5828,0
DA:5829,0
DA:5839,0
DA:5841,0
DA:5843,0
DA:5844,0
DA:5845,0
DA:5847,0
DA:5851,0
DA:5852,0
DA:5853,0
DA:5879,0
DA:5882,0
DA:5883,0
DA:5886,0
DA:5887,0
DA:5888,0
DA:5889,0
DA:5890,0
DA:5891,0
DA:5893,0
DA:5910,0
DA:5929,0
DA:5946,0
DA:5964,0
DA:5965,0
DA:5966,0
DA:5967,0
DA:5968,0
DA:5971,0
DA:5972,0
DA:5973,0
DA:5975,0
DA:5991,0
DA:5994,0
DA:5996,0
DA:5999,0
DA:6002,0
DA:6003,0
DA:6009,0
DA:6011,0
DA:6014,0
DA:6017,0
DA:6018,0
DA:6025,0
DA:6026,0
DA:6086,0
DA:6092,0
DA:6093,0
DA:6094,0
DA:6097,0
DA:6098,0
DA:6100,0
DA:6101,0
DA:6102,0
DA:6103,0
DA:6104,0
DA:6106,0
DA:6107,0
DA:6111,0
DA:6112,0
DA:6113,0
DA:6114,0
DA:6115,0
DA:6119,0
DA:6120,0
DA:6122,0
DA:6123,0
DA:6124,0
DA:6125,0
DA:6126,0
DA:6128,0
DA:6129,0
DA:6136,0
DA:6143,0
DA:6144,0
DA:6145,0
DA:6148,0
DA:6149,0
DA:6150,0
DA:6153,0
DA:6154,0
DA:6155,0
DA:6158,0
DA:6159,0
DA:6160,0
DA:6163,0
DA:6164,0
DA:6165,0
DA:6168,0
DA:6169,0
DA:6170,0
DA:6173,0
DA:6174,0
DA:6175,0
DA:6178,0
DA:6179,0
DA:6180,0
DA:6183,0
DA:6184,0
DA:6185,0
DA:6188,0
DA:6189,0
DA:6190,0
DA:6193,0
DA:6194,0
DA:6196,0
DA:6197,0
DA:6198,0
DA:6200,0
DA:6204,0
DA:6205,0
DA:6206,0
DA:6216,0
DA:6218,0
DA:6220,0
DA:6221,0
DA:6222,0
DA:6224,0
DA:6228,0
DA:6229,0
DA:6230,0
DA:6243,0
DA:6250,0
DA:6251,0
DA:6252,0
DA:6255,0
DA:6256,0
DA:6257,0
DA:6260,0
DA:6261,0
DA:6262,0
DA:6265,0
DA:6266,0
DA:6267,0
DA:6270,0
DA:6271,0
DA:6272,0
DA:6275,0
DA:6276,0
DA:6277,0
DA:6280,0
DA:6281,0
DA:6282,0
DA:6285,0
DA:6286,0
DA:6287,0
DA:6290,0
DA:6291,0
DA:6292,0
DA:6295,0
DA:6296,0
DA:6297,0
DA:6300,0
DA:6301,0
DA:6303,0
DA:6304,0
DA:6305,0
DA:6307,0
DA:6311,0
DA:6312,0
DA:6313,0
DA:6323,0
DA:6325,0
DA:6327,0
DA:6328,0
DA:6329,0
DA:6331,0
DA:6335,0
DA:6336,0
DA:6337,0
DA:6350,0
DA:6357,0
DA:6358,0
DA:6360,0
DA:6361,0
DA:6363,0
DA:6364,0
DA:6365,0
DA:6368,0
DA:6369,0
DA:6370,0
DA:6373,0
DA:6374,0
DA:6375,0
DA:6378,0
DA:6379,0
DA:6380,0
DA:6383,0
DA:6384,0
DA:6385,0
DA:6388,0
DA:6389,0
DA:6391,0
DA:6392,0
DA:6394,0
DA:6395,0
DA:6397,0
DA:6398,0
DA:6400,0
DA:6401,0
DA:6402,0
DA:6404,0
DA:6408,0
DA:6409,0
DA:6410,0
DA:6420,0
DA:6422,0
DA:6424,0
DA:6425,0
DA:6426,0
DA:6428,0
DA:6432,0
DA:6433,0
DA:6434,0
DA:6460,0
DA:6463,0
DA:6464,0
DA:6467,0
DA:6468,0
DA:6469,0
DA:6470,0
DA:6474,0
DA:6475,0
DA:6480,0
DA:6493,0
DA:6508,0
DA:6521,0
DA:6535,0
DA:6536,0
DA:6537,0
DA:6538,0
DA:6539,0
DA:6542,0
DA:6543,0
DA:6544,0
DA:6546,0
DA:6562,0
DA:6565,0
DA:6567,0
DA:6570,0
DA:6573,0
DA:6574,0
DA:6580,0
DA:6582,0
DA:6585,0
DA:6588,0
DA:6589,0
DA:6596,0
DA:6597,0
DA:6636,0
DA:6643,0
DA:6644,0
DA:6645,0
DA:6648,0
DA:6649,0
DA:6650,0
DA:6653,0
DA:6654,0
DA:6655,0
DA:6658,0
DA:6659,0
DA:6660,0
DA:6666,0
DA:6673,0
DA:6674,0
DA:6675,0
DA:6678,0
DA:6679,0
DA:6680,0
DA:6683,0
DA:6684,0
DA:6685,0
DA:6688,0
DA:6689,0
DA:6690,0
DA:6696,0
DA:6703,0
DA:6704,0
DA:6706,0
DA:6707,0
DA:6708,0
DA:6711,0
DA:6712,0
DA:6714,0
DA:6715,0
DA:6736,0
DA:6737,0
DA:6738,0
DA:6741,0
DA:6742,0
DA:6743,0
DA:6744,0
DA:6745,0
DA:6746,0
DA:6748,0
DA:6753,0
DA:6760,0
DA:6765,0
DA:6771,0
DA:6772,0
DA:6773,0
DA:6817,0
DA:6824,0
DA:6825,0
DA:6826,0
DA:6829,0
DA:6830,0
DA:6831,0
DA:6834,0
DA:6835,0
DA:6836,0
DA:6839,0
DA:6840,0
DA:6841,0
DA:6844,0
DA:6845,0
DA:6846,0
DA:6849,0
DA:6850,0
DA:6851,0
DA:6857,0
DA:6864,0
DA:6865,0
DA:6866,0
DA:6869,0
DA:6870,0
DA:6871,0
DA:6874,0
DA:6875,0
DA:6876,0
DA:6879,0
DA:6880,0
DA:6881,0
DA:6884,0
DA:6885,0
DA:6886,0
DA:6889,0
DA:6890,0
DA:6891,0
DA:6897,0
DA:6904,0
DA:6905,0
DA:6907,0
DA:6908,0
DA:6909,0
DA:6912,0
DA:6913,0
DA:6914,0
DA:6917,0
DA:6918,0
DA:6920,0
DA:6921,0
DA:6922,0
DA:6925,0
DA:6926,0
DA:6951,0
DA:6954,0
DA:6955,0
DA:6958,0
DA:6959,0
DA:6960,0
DA:6961,0
DA:6962,0
DA:6963,0
DA:6968,0
DA:6975,0
DA:6984,0
DA:6991,0
DA:6999,0
DA:7000,0
DA:7001,0
DA:7031,0
DA:7032,0
DA:7033,0
DA:7034,0
DA:7035,0
DA:7036,0
DA:7037,0
DA:7038,0
DA:7039,0
DA:7040,0
DA:7041,0
DA:7042,0
DA:7043,0
DA:7044,0
DA:7045,0
LF:2936
LH:513
end_of_record
SF:lib/database/database.dart
DA:20,15
DA:23,15
DA:26,1
DA:28,1
DA:31,1
DA:33,1
DA:34,1
DA:35,1
DA:38,1
DA:43,1
DA:48,1
DA:54,1
DA:59,1
DA:64,1
DA:70,1
DA:75,1
DA:80,1
DA:85,1
DA:91,1
DA:97,1
DA:99,0
DA:100,0
DA:102,0
DA:105,0
DA:108,0
DA:110,0
DA:111,0
DA:112,0
DA:115,0
DA:120,0
DA:125,0
DA:131,0
DA:134,0
DA:137,0
DA:138,0
DA:141,0
DA:145,0
DA:146,0
DA:149,0
DA:150,0
DA:153,0
DA:158,0
DA:163,0
DA:168,0
DA:174,0
DA:181,0
DA:184,1
DA:186,1
DA:189,1
DA:192,1
DA:199,3
DA:201,3
DA:205,1
DA:206,1
DA:208,1
DA:209,1
DA:210,1
DA:211,1
DA:212,1
DA:213,1
DA:216,1
DA:217,1
DA:218,1
DA:221,1
DA:222,1
DA:223,1
DA:224,1
DA:227,1
DA:228,1
DA:229,1
DA:230,1
DA:231,1
DA:234,1
DA:235,1
DA:236,1
DA:237,1
DA:240,1
DA:241,1
DA:242,1
DA:243,1
DA:246,1
DA:247,1
DA:248,1
DA:251,1
DA:252,1
DA:253,1
DA:256,1
DA:257,1
DA:258,1
DA:261,1
DA:262,1
DA:263,1
DA:264,1
DA:267,1
DA:268,1
DA:269,1
DA:272,1
DA:273,1
DA:274,1
DA:277,1
DA:280,2
DA:281,3
DA:282,1
DA:283,1
DA:284,1
DA:285,1
DA:293,1
DA:294,6
DA:295,6
DA:296,6
DA:297,6
DA:298,6
DA:299,6
DA:300,6
DA:302,1
DA:310,1
DA:315,6
DA:316,6
DA:317,0
DA:318,0
DA:319,0
DA:320,0
DA:321,0
DA:322,0
DA:326,0
LF:125
LH:92
end_of_record
SF:lib/models/fuel_entry_model.dart
DA:20,11
DA:36,1
DA:37,1
DA:38,1
DA:39,1
DA:40,1
DA:41,1
DA:42,1
DA:43,1
DA:44,1
DA:45,1
DA:46,1
DA:47,1
DA:48,1
DA:49,1
DA:54,10
DA:67,10
DA:83,2
DA:84,2
DA:85,4
DA:86,4
DA:87,4
DA:88,4
DA:89,4
DA:90,4
DA:91,4
DA:92,4
DA:93,4
DA:94,4
DA:95,4
DA:100,1
DA:101,1
DA:102,2
DA:103,2
DA:104,2
DA:105,2
DA:106,2
DA:107,2
DA:108,2
DA:109,2
DA:110,2
DA:111,2
DA:112,2
DA:113,2
DA:118,2
DA:123,2
DA:124,2
DA:125,4
DA:129,1
DA:132,1
DA:133,1
DA:134,1
DA:138,1
DA:142,2
DA:143,2
DA:146,4
DA:147,1
DA:151,0
DA:152,0
DA:156,8
DA:157,1
DA:161,4
DA:162,1
DA:166,4
DA:167,4
DA:171,4
DA:172,1
DA:173,4
DA:174,1
DA:178,4
DA:179,1
DA:183,4
DA:184,0
DA:185,4
DA:186,4
DA:190,6
DA:191,0
DA:192,8
DA:193,0
DA:194,8
DA:195,0
DA:199,2
DA:200,0
DA:201,0
DA:208,6
DA:209,1
DA:210,8
DA:211,1
DA:212,8
DA:213,0
DA:217,6
DA:218,6
DA:221,2
DA:222,6
DA:229,6
DA:234,4
DA:238,1
DA:239,1
DA:240,3
DA:244,0
DA:245,0
DA:246,0
DA:247,0
DA:248,0
DA:249,0
DA:253,8
DA:257,4
DA:260,0
DA:261,0
DA:262,0
DA:263,0
DA:264,0
DA:268,8
DA:282,8
DA:283,3
DA:284,8
DA:285,8
DA:286,8
DA:287,7
DA:288,8
DA:289,8
DA:290,8
DA:291,8
DA:292,8
DA:293,8
DA:294,8
DA:298,1
DA:301,1
DA:302,3
DA:303,3
DA:304,3
DA:305,3
DA:306,3
DA:307,3
DA:308,3
DA:309,3
DA:310,3
DA:311,3
DA:312,3
DA:313,3
DA:316,1
DA:318,1
DA:319,1
DA:320,1
DA:321,1
DA:322,1
DA:323,1
DA:324,1
DA:325,1
DA:326,1
DA:327,1
DA:328,1
DA:329,1
DA:330,1
DA:334,2
DA:336,26
DA:340,0
DA:343,0
DA:344,0
DA:345,0
DA:347,0
DA:351,0
DA:352,0
DA:353,0
DA:355,0
LF:165
LH:136
end_of_record
SF:lib/models/user_settings_model.dart
DA:11,2
DA:19,1
DA:20,1
DA:21,1
DA:22,1
DA:23,1
DA:24,1
DA:29,1
DA:34,1
DA:35,1
DA:43,1
DA:44,1
DA:45,2
DA:46,2
DA:47,2
DA:52,1
DA:53,1
DA:54,2
DA:55,2
DA:56,2
DA:57,2
DA:62,2
DA:63,2
DA:66,4
DA:67,1
DA:68,6
DA:69,1
DA:70,8
DA:71,1
DA:75,8
DA:76,1
DA:79,8
DA:80,1
DA:83,6
DA:84,1
DA:91,6
DA:94,1
DA:100,1
DA:101,1
DA:102,1
DA:103,1
DA:104,1
DA:109,1
DA:110,1
DA:113,1
DA:116,1
DA:117,3
DA:118,3
DA:119,3
DA:120,3
DA:123,1
DA:125,1
DA:126,1
DA:127,1
DA:128,1
DA:129,1
DA:133,1
DA:135,5
DA:147,3
LF:59
LH:59
end_of_record
SF:lib/models/exchange_rate_cache_model.dart
DA:13,2
DA:23,0
DA:24,0
DA:25,0
DA:26,0
DA:27,0
DA:28,0
DA:29,0
DA:30,0
DA:35,2
DA:42,2
DA:43,2
DA:44,2
DA:45,2
DA:53,2
DA:54,2
DA:55,4
DA:56,4
DA:57,4
DA:58,4
DA:59,4
DA:64,1
DA:65,1
DA:66,2
DA:67,2
DA:68,2
DA:69,2
DA:70,2
DA:71,2
DA:76,1
DA:77,1
DA:80,2
DA:81,1
DA:82,3
DA:83,1
DA:84,4
DA:85,1
DA:89,2
DA:90,1
DA:91,3
DA:92,0
DA:93,4
DA:94,0
DA:98,3
DA:99,1
DA:103,2
DA:104,1
DA:105,2
DA:106,4
DA:110,4
DA:111,1
DA:114,4
DA:115,1
DA:122,3
DA:125,1
DA:126,1
DA:127,2
DA:128,2
DA:132,1
DA:133,1
DA:134,3
DA:138,1
DA:139,2
DA:143,3
DA:146,1
DA:147,2
DA:151,1
DA:159,1
DA:160,1
DA:161,1
DA:162,1
DA:163,1
DA:164,1
DA:165,1
DA:170,1
DA:171,1
DA:173,0
DA:178,3
DA:181,4
DA:184,5
DA:186,1
DA:189,1
DA:190,3
DA:191,3
DA:192,3
DA:193,3
DA:194,3
DA:195,3
DA:198,1
DA:200,1
DA:201,1
DA:202,1
DA:203,1
DA:204,1
DA:205,1
DA:206,1
DA:210,1
DA:212,7
LF:98
LH:87
end_of_record
SF:lib/database/connection/connection.dart
DA:8,20
LF:1
LH:1
end_of_record
SF:lib/database/connection/native_connection.dart
DA:11,10
DA:12,19
DA:14,9
DA:15,0
DA:19,9
DA:20,0
DA:23,0
DA:24,0
DA:26,0
LF:9
LH:4
end_of_record
SF:lib/database/tables/vehicles_table.dart
DA:10,0
DA:14,0
DA:18,0
DA:21,0
DA:25,1
DA:26,1
LF:6
LH:2
end_of_record
SF:lib/database/tables/fuel_entries_table.dart
DA:12,0
DA:15,0
DA:18,0
DA:22,0
DA:26,0
DA:30,0
DA:34,0
DA:38,0
DA:42,0
DA:46,0
DA:51,0
DA:56,0
DA:60,1
DA:61,1
LF:14
LH:2
end_of_record
SF:lib/database/tables/maintenance_categories_table.dart
DA:10,0
DA:13,0
DA:16,0
DA:19,0
DA:22,0
DA:25,0
LF:6
LH:0
end_of_record
SF:lib/database/tables/maintenance_logs_table.dart
DA:12,0
DA:15,0
DA:18,0
DA:21,0
DA:24,0
DA:27,0
DA:30,0
DA:33,0
DA:36,0
DA:39,0
DA:42,0
DA:45,0
DA:48,0
DA:51,0
DA:54,0
DA:57,0
LF:16
LH:0
end_of_record
SF:lib/database/tables/maintenance_schedules_table.dart
DA:12,0
DA:15,0
DA:18,0
DA:21,0
DA:24,0
DA:27,0
DA:30,0
DA:33,0
DA:36,0
DA:39,0
DA:42,0
DA:45,0
LF:12
LH:0
end_of_record
SF:lib/database/tables/user_settings_table.dart
DA:11,0
DA:16,0
DA:19,0
DA:22,0
DA:24,1
DA:25,1
LF:6
LH:2
end_of_record
SF:lib/database/tables/exchange_rates_cache_table.dart
DA:10,0
DA:14,0
DA:18,0
DA:22,0
DA:26,0
DA:29,0
DA:31,1
DA:32,1
LF:8
LH:2
end_of_record
SF:lib/providers/units_providers.g.dart
DA:9,0
DA:14,0
DA:16,0
DA:18,0
DA:20,0
DA:21,0
DA:24,0
DA:26,0
DA:28,0
DA:29,0
DA:46,41
DA:51,0
DA:52,0
DA:55,0
DA:59,0
DA:64,0
DA:69,0
DA:73,0
DA:84,0
DA:85,0
DA:86,0
DA:87,0
DA:99,0
DA:107,0
DA:111,0
DA:115,0
DA:117,0
DA:118,0
DA:119,0
DA:124,0
DA:129,0
DA:131,0
DA:134,0
DA:136,0
DA:137,0
DA:140,0
DA:142,0
DA:143,0
DA:145,0
DA:159,0
DA:161,0
DA:163,0
DA:166,0
DA:181,41
DA:186,0
DA:187,0
DA:190,0
DA:194,0
DA:199,0
DA:204,0
DA:208,0
DA:219,0
DA:220,0
DA:221,0
DA:233,0
DA:241,0
DA:245,0
DA:247,0
DA:249,0
DA:250,0
DA:251,0
DA:256,0
DA:261,0
DA:263,0
DA:266,0
DA:268,0
DA:271,0
DA:273,0
DA:274,0
DA:276,0
DA:290,0
DA:292,0
DA:293,0
DA:296,0
DA:311,41
DA:316,0
DA:317,0
DA:320,0
DA:324,0
DA:329,0
DA:334,0
DA:338,0
DA:349,0
DA:350,0
DA:351,0
DA:363,0
DA:371,0
DA:375,0
DA:377,0
DA:379,0
DA:380,0
DA:381,0
DA:386,0
DA:391,0
DA:393,0
DA:396,0
DA:398,0
DA:401,0
DA:403,0
DA:404,0
DA:406,0
DA:419,0
DA:421,0
DA:422,0
DA:425,0
DA:441,41
DA:446,0
DA:447,0
DA:450,0
DA:454,0
DA:459,0
DA:464,0
DA:468,0
DA:479,0
DA:480,0
DA:481,0
DA:496,0
DA:504,0
DA:508,0
DA:512,0
DA:514,0
DA:515,0
DA:516,0
DA:521,0
DA:526,0
DA:528,0
DA:531,0
DA:533,0
DA:534,0
DA:537,0
DA:539,0
DA:540,0
DA:542,0
DA:556,0
DA:558,0
DA:560,0
DA:563,0
DA:579,41
DA:584,0
DA:585,0
DA:588,0
DA:592,0
DA:597,0
DA:602,0
DA:606,0
DA:617,0
DA:618,0
DA:619,0
DA:634,0
DA:642,0
DA:646,0
DA:650,0
DA:652,0
DA:653,0
DA:654,0
DA:659,0
DA:664,0
DA:666,0
DA:669,0
DA:671,0
DA:672,0
DA:675,0
DA:677,0
DA:678,0
DA:680,0
DA:694,0
DA:696,0
DA:698,0
DA:701,0
DA:717,41
DA:722,0
DA:723,0
DA:726,0
DA:730,0
DA:735,0
DA:740,0
DA:744,0
DA:755,0
DA:756,0
DA:757,0
DA:769,0
DA:777,0
DA:781,0
DA:785,0
DA:787,0
DA:788,0
DA:789,0
DA:794,0
DA:799,0
DA:801,0
DA:804,0
DA:806,0
DA:809,0
DA:811,0
DA:812,0
DA:814,0
DA:828,0
DA:830,0
DA:831,0
DA:834,4
DA:840,8
DA:841,4
LF:202
LH:9
end_of_record
SF:lib/providers/units_providers.dart
DA:19,0
DA:21,0
DA:23,0
DA:28,0
DA:30,0
DA:32,0
DA:37,0
DA:39,0
DA:41,0
DA:46,0
DA:48,0
DA:50,0
DA:55,0
DA:57,0
DA:59,0
DA:69,0
DA:70,0
DA:71,0
DA:76,0
DA:77,0
DA:78,0
DA:83,0
DA:84,0
DA:89,0
DA:90,0
DA:95,0
DA:96,0
DA:101,0
DA:102,0
DA:106,0
DA:108,0
DA:109,0
DA:110,0
DA:111,0
DA:116,0
DA:118,0
DA:119,0
DA:120,0
DA:121,0
DA:126,0
DA:128,0
DA:129,0
DA:130,0
DA:131,0
DA:136,0
DA:141,0
DA:144,0
DA:145,0
DA:146,0
DA:147,0
DA:152,0
DA:157,0
DA:160,0
DA:161,0
DA:162,0
DA:163,0
DA:168,0
DA:173,0
DA:176,0
DA:177,0
DA:178,0
DA:179,0
DA:189,4
DA:190,4
DA:191,0
DA:195,4
DA:197,4
DA:198,0
DA:202,0
DA:203,0
DA:204,0
DA:208,0
DA:216,0
DA:222,0
DA:224,0
DA:225,0
DA:226,0
DA:227,0
DA:229,0
DA:231,0
DA:240,4
DA:243,4
DA:247,0
DA:249,0
DA:252,0
DA:256,0
DA:257,0
DA:262,0
DA:264,0
DA:265,0
DA:266,0
DA:267,0
DA:269,0
DA:270,0
DA:272,0
DA:273,0
DA:278,0
DA:280,0
DA:281,0
DA:282,0
DA:283,0
DA:285,0
DA:286,0
DA:288,0
DA:289,0
DA:294,0
DA:296,0
DA:297,0
DA:298,0
DA:299,0
DA:301,0
DA:302,0
DA:304,0
DA:305,0
DA:310,0
DA:312,0
DA:313,0
DA:314,0
DA:315,0
DA:317,0
DA:319,0
DA:320,0
DA:325,0
DA:327,0
DA:328,0
DA:329,0
DA:330,0
DA:332,0
DA:334,0
DA:335,0
DA:340,0
DA:342,0
DA:343,0
DA:344,0
DA:345,0
DA:347,0
DA:349,0
DA:350,0
LF:138
LH:6
end_of_record
SF:lib/models/vehicle_model.dart
DA:11,13
DA:19,1
DA:20,1
DA:21,1
DA:22,1
DA:23,1
DA:24,1
DA:29,12
DA:33,12
DA:36,12
DA:41,1
DA:42,1
DA:43,1
DA:44,1
DA:45,2
DA:50,1
DA:51,1
DA:52,2
DA:53,2
DA:54,2
DA:55,2
DA:60,2
DA:61,2
DA:64,6
DA:65,2
DA:66,8
DA:67,1
DA:68,8
DA:69,1
DA:73,4
DA:74,2
DA:81,6
DA:84,11
DA:90,11
DA:91,4
DA:92,9
DA:93,10
DA:94,11
DA:98,2
DA:101,2
DA:102,6
DA:103,3
DA:104,3
DA:105,3
DA:108,2
DA:110,10
DA:113,2
DA:115,10
LF:48
LH:48
end_of_record
SF:lib/providers/fuel_entry_providers.g.dart
DA:9,5
DA:14,0
DA:16,5
DA:18,10
DA:20,20
DA:21,10
DA:24,5
DA:26,20
DA:28,10
DA:29,20
DA:47,33
DA:52,5
DA:53,5
DA:56,0
DA:60,0
DA:65,0
DA:70,0
DA:74,0
DA:86,5
DA:87,5
DA:88,5
DA:89,5
DA:101,5
DA:109,5
DA:113,0
DA:118,0
DA:120,0
DA:121,0
DA:122,0
DA:127,0
DA:132,5
DA:134,5
DA:137,5
DA:139,5
DA:140,15
DA:143,5
DA:145,15
DA:146,15
DA:148,5
DA:163,5
DA:165,0
DA:166,0
DA:169,2
DA:186,33
DA:191,2
DA:192,2
DA:195,0
DA:199,0
DA:204,0
DA:209,0
DA:213,0
DA:225,2
DA:226,2
DA:227,4
DA:244,2
DA:253,2
DA:258,0
DA:263,0
DA:265,0
DA:266,0
DA:267,0
DA:272,0
DA:273,0
DA:278,2
DA:280,2
DA:283,2
DA:285,2
DA:286,6
DA:287,6
DA:290,2
DA:292,6
DA:293,6
DA:294,6
DA:296,2
DA:314,2
DA:316,0
DA:318,0
DA:319,0
DA:320,0
DA:323,2
DA:341,33
DA:346,2
DA:351,2
DA:358,0
DA:362,0
DA:367,0
DA:372,0
DA:376,0
DA:388,2
DA:392,2
DA:393,4
DA:412,2
DA:422,2
DA:428,0
DA:435,0
DA:437,0
DA:438,0
DA:439,0
DA:444,0
DA:445,0
DA:446,0
DA:451,2
DA:453,2
DA:456,2
DA:458,2
DA:459,6
DA:460,6
DA:461,6
DA:464,2
DA:466,6
DA:467,6
DA:468,6
DA:469,6
DA:471,2
DA:492,2
DA:494,0
DA:496,0
DA:497,0
DA:499,0
DA:500,0
DA:502,0
DA:505,1
DA:522,33
DA:527,1
DA:528,1
DA:531,0
DA:535,0
DA:540,0
DA:545,0
DA:549,0
DA:561,1
DA:562,1
DA:563,2
DA:578,1
DA:586,1
DA:590,0
DA:595,0
DA:597,0
DA:598,0
DA:599,0
DA:604,0
DA:609,1
DA:611,1
DA:614,1
DA:616,1
DA:617,3
DA:620,1
DA:622,3
DA:623,3
DA:625,1
DA:640,1
DA:642,0
DA:643,0
DA:646,1
DA:661,33
DA:666,1
DA:667,1
DA:670,0
DA:672,0
DA:677,0
DA:682,0
DA:686,0
DA:697,1
DA:698,1
DA:699,2
DA:710,1
DA:718,1
DA:722,0
DA:726,0
DA:728,0
DA:729,0
DA:730,0
DA:735,0
DA:740,1
DA:742,1
DA:745,1
DA:747,4
DA:750,1
DA:752,3
DA:753,3
DA:755,1
DA:769,1
DA:771,0
DA:772,0
DA:775,1
DA:781,3
DA:794,1
DA:810,33
DA:815,1
DA:816,1
DA:819,0
DA:823,0
DA:828,0
DA:833,0
DA:837,0
DA:848,1
DA:849,1
DA:850,2
DA:865,1
DA:873,1
DA:877,0
DA:881,0
DA:883,0
DA:884,0
DA:885,0
DA:890,0
DA:895,1
DA:897,1
DA:900,1
DA:902,1
DA:903,3
DA:906,1
DA:908,3
DA:909,3
DA:911,1
DA:925,1
DA:927,0
DA:928,0
DA:931,1
DA:938,2
DA:939,1
DA:953,1
DA:970,33
DA:975,1
DA:976,1
DA:979,0
DA:983,0
DA:988,0
DA:993,0
DA:997,0
DA:1009,1
DA:1010,1
DA:1011,2
DA:1026,1
DA:1034,1
DA:1038,0
DA:1042,0
DA:1044,0
DA:1045,0
DA:1046,0
DA:1051,0
DA:1056,1
DA:1058,1
DA:1061,1
DA:1063,1
DA:1064,3
DA:1067,1
DA:1069,3
DA:1070,3
DA:1072,1
DA:1086,1
DA:1088,0
DA:1090,0
DA:1093,11
DA:1100,24
DA:1101,12
LF:256
LH:155
end_of_record
SF:lib/providers/fuel_entry_providers.dart
DA:7,36
DA:11,5
DA:12,5
DA:21,49
DA:27,6
DA:32,6
DA:33,4
DA:34,0
DA:39,1
DA:42,1
DA:43,3
DA:44,3
DA:45,0
DA:48,0
DA:49,0
DA:55,11
DA:57,11
DA:61,11
DA:63,33
DA:65,23
DA:66,11
DA:68,0
DA:69,0
DA:74,1
DA:75,1
DA:76,4
DA:80,5
DA:81,10
DA:82,14
DA:88,5
DA:89,5
DA:90,10
DA:92,10
DA:93,10
DA:95,10
DA:96,5
DA:105,0
DA:106,0
DA:107,0
DA:108,0
DA:118,1
DA:119,1
DA:120,0
DA:123,2
DA:124,3
DA:130,3
DA:132,2
DA:133,1
DA:134,5
DA:135,1
DA:137,2
DA:138,1
DA:145,0
DA:146,0
DA:147,0
DA:148,0
DA:157,1
DA:158,2
DA:159,3
DA:165,2
DA:167,2
DA:168,1
DA:169,4
DA:170,1
DA:172,2
DA:173,1
DA:180,0
DA:181,0
DA:182,0
DA:183,0
DA:192,0
DA:193,0
DA:194,0
DA:195,0
DA:200,0
DA:201,0
DA:202,0
DA:208,0
DA:210,0
DA:218,0
DA:219,0
DA:220,0
DA:221,0
DA:230,0
DA:231,0
DA:236,5
DA:241,15
DA:242,22
DA:244,17
DA:249,2
DA:255,6
DA:256,4
DA:257,6
DA:258,6
DA:259,2
DA:261,10
DA:266,2
DA:273,6
DA:274,4
DA:275,4
DA:276,6
DA:277,6
DA:278,2
DA:280,10
DA:285,1
DA:290,3
DA:291,5
DA:292,1
DA:295,5
DA:296,1
DA:300,1
DA:302,2
DA:306,1
DA:308,2
DA:312,1
DA:317,2
DA:318,5
DA:322,1
DA:326,3
DA:327,1
DA:329,2
DA:330,1
DA:331,1
DA:332,2
DA:334,2
DA:338,2
DA:339,5
DA:346,1
DA:351,3
DA:352,2
DA:353,3
DA:354,1
DA:356,1
DA:359,3
DA:360,3
DA:362,2
LF:136
LH:102
end_of_record
SF:lib/providers/vehicle_providers.g.dart
DA:9,2
DA:13,0
DA:15,3
DA:17,6
DA:19,12
DA:20,6
DA:23,3
DA:25,12
DA:27,6
DA:28,12
DA:45,33
DA:50,3
DA:51,3
DA:54,0
DA:56,0
DA:61,0
DA:66,0
DA:70,0
DA:81,3
DA:82,3
DA:83,4
DA:94,3
DA:102,3
DA:106,1
DA:110,1
DA:112,1
DA:113,2
DA:114,1
DA:119,1
DA:124,3
DA:126,3
DA:129,3
DA:131,12
DA:134,3
DA:136,9
DA:137,9
DA:139,3
DA:153,3
DA:155,0
DA:156,0
DA:159,1
DA:174,33
DA:179,1
DA:180,1
DA:183,0
DA:187,0
DA:192,0
DA:197,0
DA:201,0
DA:212,1
DA:213,1
DA:214,2
DA:231,1
DA:240,1
DA:245,0
DA:249,0
DA:251,0
DA:252,0
DA:253,0
DA:258,0
DA:259,0
DA:264,1
DA:266,1
DA:269,1
DA:271,1
DA:272,3
DA:273,3
DA:276,1
DA:278,3
DA:279,3
DA:280,3
DA:282,1
DA:299,1
DA:301,0
DA:302,0
DA:303,0
DA:304,0
DA:307,5
DA:313,15
DA:326,1
DA:341,33
DA:346,1
DA:347,1
DA:350,0
DA:354,0
DA:359,0
DA:364,0
DA:368,0
DA:380,1
DA:381,1
DA:382,2
DA:394,1
DA:402,1
DA:406,0
DA:410,0
DA:412,0
DA:413,0
DA:414,0
DA:419,0
DA:424,1
DA:426,1
DA:429,1
DA:431,4
DA:434,1
DA:436,3
DA:437,3
DA:439,1
DA:453,1
DA:455,0
DA:456,0
DA:459,0
DA:465,0
DA:466,0
DA:480,2
DA:487,6
DA:500,12
DA:506,24
DA:507,12
LF:118
LH:78
end_of_record
SF:lib/providers/vehicle_providers.dart
DA:8,36
DA:12,8
DA:13,8
DA:35,48
DA:46,0
DA:49,9
DA:52,0
DA:53,0
DA:56,0
DA:59,0
DA:66,9
DA:75,9
DA:76,7
DA:77,8
DA:79,1
DA:80,9
DA:81,9
DA:82,8
DA:86,1
DA:89,1
DA:90,3
DA:91,3
DA:92,0
DA:93,0
DA:94,0
DA:97,0
DA:98,0
DA:99,0
DA:100,0
DA:101,0
DA:102,0
DA:103,0
DA:110,12
DA:112,12
DA:116,12
DA:119,36
DA:120,12
DA:123,12
DA:126,0
DA:127,0
DA:135,1
DA:136,1
DA:137,4
DA:141,8
DA:142,16
DA:143,23
DA:153,8
DA:154,8
DA:155,16
DA:157,16
DA:158,24
DA:160,16
DA:161,8
DA:165,8
DA:171,0
DA:172,0
DA:173,0
DA:174,0
DA:184,2
DA:185,2
DA:186,0
DA:189,4
DA:190,6
DA:200,6
DA:202,4
DA:203,2
DA:204,10
DA:205,2
DA:207,4
DA:208,2
DA:212,2
DA:216,0
DA:217,0
DA:218,0
DA:219,0
DA:228,1
DA:229,2
DA:230,3
DA:240,2
DA:242,2
DA:243,1
DA:244,4
DA:245,1
DA:247,2
DA:248,1
DA:252,1
DA:256,0
DA:257,0
DA:258,0
DA:259,0
DA:268,0
DA:269,0
DA:270,0
DA:271,0
DA:276,0
DA:277,0
DA:278,0
DA:288,0
DA:290,0
DA:299,0
DA:300,0
DA:301,0
DA:302,0
DA:311,0
DA:312,0
DA:317,2
DA:320,4
DA:324,1
DA:327,4
DA:328,4
DA:329,2
DA:334,5
DA:337,10
DA:341,1
DA:345,1
DA:349,0
DA:352,0
DA:353,0
DA:354,0
DA:355,0
DA:356,0
DA:359,0
DA:363,2
DA:367,4
LF:124
LH:72
end_of_record
SF:lib/models/vehicle_statistics.dart
DA:22,2
DA:39,2
DA:40,2
DA:49,2
DA:54,1
DA:58,1
DA:59,0
DA:67,1
DA:74,2
DA:75,2
DA:76,2
DA:79,1
DA:80,1
DA:81,1
DA:82,1
DA:85,1
DA:88,1
DA:94,1
DA:95,3
DA:98,1
DA:99,1
DA:102,1
DA:108,1
DA:109,1
DA:111,2
DA:112,2
DA:116,2
DA:117,1
DA:118,1
DA:119,3
DA:122,1
DA:124,1
DA:141,1
DA:142,2
DA:143,3
DA:147,0
DA:148,0
DA:149,0
DA:150,0
DA:151,0
DA:152,0
DA:156,1
DA:157,3
DA:161,1
DA:162,2
DA:163,0
DA:167,1
DA:168,3
DA:172,1
DA:173,3
DA:177,1
DA:178,2
DA:180,2
DA:181,5
DA:182,1
DA:186,1
DA:187,2
DA:189,2
DA:190,2
DA:191,2
DA:192,2
DA:197,1
DA:212,1
DA:213,1
DA:214,1
DA:215,1
DA:216,1
DA:217,1
DA:218,1
DA:219,1
DA:220,1
DA:221,1
DA:222,1
DA:223,1
DA:224,1
DA:225,1
DA:229,1
DA:232,1
DA:233,3
DA:234,3
DA:235,3
DA:236,3
DA:237,3
DA:240,0
DA:242,0
DA:243,0
DA:244,0
DA:245,0
DA:246,0
DA:247,0
DA:251,0
DA:253,0
DA:254,0
LF:93
LH:75
end_of_record
SF:lib/providers/currency_settings_providers.dart
DA:9,3
DA:11,3
DA:22,3
DA:24,9
DA:25,3
DA:37,1
DA:39,1
DA:40,2
DA:43,3
DA:46,1
DA:47,1
DA:48,2
DA:52,1
DA:55,0
DA:72,1
DA:78,3
DA:79,1
DA:81,1
DA:82,1
DA:83,1
DA:84,1
DA:85,1
DA:86,1
DA:90,4
DA:91,1
DA:95,2
DA:96,1
DA:110,1
DA:114,3
DA:115,1
DA:117,1
DA:118,1
DA:119,0
DA:120,1
DA:124,4
DA:125,1
DA:129,2
DA:130,1
DA:142,1
DA:143,1
DA:144,2
DA:147,3
DA:148,1
DA:150,1
DA:151,2
DA:152,1
DA:163,1
DA:164,3
DA:165,1
DA:167,1
DA:168,2
DA:169,1
DA:181,1
DA:183,3
DA:185,2
DA:186,1
DA:189,3
DA:201,1
DA:202,3
DA:203,1
DA:204,2
DA:212,1
DA:214,3
DA:215,1
DA:222,1
DA:224,2
DA:225,1
DA:231,1
DA:233,3
DA:234,1
DA:235,1
DA:236,1
DA:237,1
DA:238,1
DA:252,2
DA:259,1
DA:262,1
DA:263,3
DA:264,0
DA:265,0
DA:266,0
DA:269,1
DA:271,1
DA:272,1
DA:273,1
DA:274,1
DA:275,1
LF:87
LH:82
end_of_record
SF:lib/providers/currency_settings_providers.g.dart
DA:9,3
DA:16,6
DA:17,3
DA:31,1
DA:40,3
DA:53,1
DA:62,3
DA:75,1
DA:84,2
DA:85,1
DA:99,3
DA:110,6
DA:111,3
LF:13
LH:13
end_of_record
SF:lib/models/currency/currency_settings.dart
DA:38,41
DA:51,2
DA:52,2
DA:53,2
DA:54,2
DA:55,2
DA:56,2
DA:57,2
DA:58,2
DA:59,2
DA:60,2
DA:61,4
DA:62,2
DA:63,2
DA:64,4
DA:70,2
DA:71,2
DA:72,2
DA:73,2
DA:74,2
DA:75,2
DA:76,2
DA:77,2
DA:78,2
DA:79,2
DA:80,4
DA:85,2
DA:96,2
DA:97,2
DA:98,2
DA:99,2
DA:100,2
DA:101,2
DA:102,2
DA:103,2
DA:104,2
DA:105,0
DA:109,0
DA:112,0
DA:113,0
DA:114,0
DA:115,0
DA:116,0
DA:117,0
DA:118,0
DA:119,0
DA:120,0
DA:121,0
DA:124,0
DA:126,0
DA:127,0
DA:128,0
DA:129,0
DA:130,0
DA:131,0
DA:132,0
DA:133,0
DA:134,0
DA:135,0
DA:139,0
DA:141,0
DA:145,0
DA:146,0
DA:147,0
DA:148,0
DA:157,0
DA:158,0
DA:159,0
DA:160,0
DA:161,0
DA:162,0
DA:163,0
DA:167,0
DA:168,0
DA:172,0
DA:173,0
DA:177,0
DA:178,0
DA:180,0
DA:182,0
DA:186,0
DA:187,0
DA:189,0
DA:193,0
DA:194,0
DA:198,2
DA:199,8
DA:203,2
DA:204,6
DA:205,2
DA:210,2
DA:211,2
DA:212,8
DA:213,2
DA:215,2
DA:217,2
DA:222,2
DA:223,4
DA:225,2
DA:226,2
DA:227,2
DA:232,0
DA:233,0
DA:234,0
DA:235,0
DA:239,0
DA:240,0
DA:241,0
DA:242,0
DA:243,0
DA:244,0
DA:245,0
DA:246,0
DA:248,0
DA:253,0
DA:254,0
DA:256,0
DA:257,0
DA:258,0
DA:259,0
DA:260,0
DA:261,0
DA:262,0
DA:263,0
DA:264,0
DA:265,0
DA:266,0
DA:267,0
DA:268,0
DA:269,0
DA:270,0
DA:271,0
DA:272,0
DA:273,0
DA:274,0
DA:275,0
DA:276,0
DA:278,0
LF:138
LH:52
end_of_record
SF:lib/utils/currency_display_utils.dart
DA:110,1
DA:111,1
DA:112,1
DA:125,1
DA:126,1
DA:127,1
DA:134,1
DA:135,1
DA:136,1
DA:149,1
DA:150,1
DA:151,1
DA:152,1
DA:154,2
DA:155,1
DA:157,1
DA:167,1
DA:168,1
DA:170,2
DA:171,2
DA:173,1
DA:174,1
DA:175,1
DA:176,1
DA:181,2
DA:182,1
DA:183,1
DA:185,1
DA:188,3
DA:198,1
DA:200,3
DA:201,1
DA:202,1
DA:209,1
DA:210,2
DA:223,1
DA:224,1
DA:225,1
DA:226,1
DA:228,2
DA:235,1
DA:236,1
DA:240,1
DA:246,1
DA:247,1
DA:287,1
LF:46
LH:46
end_of_record
SF:lib/utils/currency_validator.dart
DA:79,3
DA:80,6
DA:81,6
DA:82,3
DA:86,2
DA:87,4
DA:91,3
DA:92,6
DA:96,3
DA:97,3
DA:103,1
DA:104,2
DA:108,1
DA:109,3
DA:115,1
DA:116,2
DA:120,2
DA:121,4
DA:125,1
DA:126,1
DA:130,2
DA:131,4
DA:135,2
DA:137,4
DA:141,2
DA:142,1
DA:149,1
DA:150,1
DA:154,1
DA:162,1
DA:163,1
DA:167,1
DA:175,1
DA:176,1
DA:177,1
DA:179,1
DA:180,1
DA:182,1
DA:190,2
DA:191,2
DA:192,2
DA:193,2
DA:194,2
DA:195,2
DA:196,2
DA:197,2
DA:198,2
DA:199,2
DA:200,2
DA:206,2
DA:207,6
LF:51
LH:51
end_of_record
SF:lib/models/maintenance_category_model.dart
DA:16,0
DA:26,0
DA:27,0
DA:28,0
DA:29,0
DA:30,0
DA:31,0
DA:32,0
DA:33,0
DA:38,0
DA:39,0
DA:40,0
DA:41,0
DA:42,0
DA:43,0
DA:48,0
DA:49,0
DA:50,0
DA:52,0
DA:54,0
DA:56,0
DA:58,0
DA:60,0
DA:62,0
DA:64,0
DA:66,0
DA:68,0
DA:76,0
DA:78,0
DA:85,0
DA:93,0
DA:94,0
DA:95,0
DA:96,0
DA:97,0
DA:98,0
DA:99,0
DA:103,0
DA:106,0
DA:107,0
DA:108,0
DA:109,0
DA:110,0
DA:111,0
DA:114,0
DA:116,0
DA:117,0
DA:118,0
DA:119,0
DA:120,0
DA:121,0
DA:125,0
DA:127,0
LF:53
LH:0
end_of_record
SF:lib/models/maintenance_log_model.dart
DA:25,0
DA:45,0
DA:46,0
DA:47,0
DA:48,0
DA:49,0
DA:50,0
DA:51,0
DA:52,0
DA:53,0
DA:54,0
DA:55,0
DA:56,0
DA:57,0
DA:58,0
DA:59,0
DA:60,0
DA:61,0
DA:62,0
DA:67,0
DA:68,0
DA:69,0
DA:70,0
DA:71,0
DA:72,0
DA:73,0
DA:74,0
DA:75,0
DA:76,0
DA:77,0
DA:78,0
DA:79,0
DA:80,0
DA:81,0
DA:82,0
DA:87,0
DA:105,0
DA:106,0
DA:107,0
DA:108,0
DA:109,0
DA:110,0
DA:111,0
DA:112,0
DA:113,0
DA:114,0
DA:115,0
DA:116,0
DA:117,0
DA:118,0
DA:119,0
DA:120,0
DA:121,0
DA:125,0
DA:128,0
DA:129,0
DA:130,0
DA:131,0
DA:132,0
DA:133,0
DA:134,0
DA:135,0
DA:136,0
DA:137,0
DA:138,0
DA:139,0
DA:140,0
DA:141,0
DA:142,0
DA:145,0
DA:147,0
DA:148,0
DA:149,0
DA:150,0
DA:151,0
DA:152,0
DA:153,0
DA:154,0
DA:155,0
DA:156,0
DA:157,0
DA:158,0
DA:159,0
DA:160,0
DA:161,0
DA:165,0
DA:167,0
LF:87
LH:0
end_of_record
SF:lib/models/repositories/currency_settings_repository.dart
DA:32,4
DA:34,4
DA:37,2
DA:39,2
DA:40,2
DA:43,2
DA:49,2
DA:51,1
DA:52,1
DA:54,1
DA:77,2
DA:79,2
DA:80,1
DA:84,2
DA:87,4
DA:90,4
DA:91,2
DA:94,4
DA:96,0
DA:110,1
DA:111,1
DA:112,2
DA:115,1
DA:116,1
DA:117,1
DA:131,2
DA:133,2
DA:134,2
DA:136,0
DA:150,1
DA:151,1
DA:152,2
DA:155,1
DA:156,1
DA:157,1
DA:169,1
DA:170,1
DA:171,1
DA:172,1
DA:185,1
DA:187,1
DA:188,1
DA:189,1
DA:191,0
DA:208,2
DA:210,2
DA:211,4
DA:223,1
DA:225,1
DA:226,1
DA:232,1
DA:233,1
DA:234,1
DA:240,1
DA:242,1
DA:243,1
DA:246,0
DA:258,2
DA:260,4
DA:265,8
DA:270,8
DA:275,4
DA:276,2
LF:63
LH:59
end_of_record
SF:lib/navigation/app_router.dart
DA:20,3
DA:23,1
DA:24,1
DA:25,2
DA:26,1
DA:27,1
DA:30,1
DA:32,1
DA:35,1
DA:37,1
DA:38,0
DA:39,1
DA:42,1
DA:45,0
DA:47,1
DA:50,1
DA:52,1
DA:55,1
DA:57,1
DA:60,0
DA:62,1
DA:65,0
DA:67,1
DA:70,0
DA:72,1
DA:75,0
DA:77,0
DA:78,0
DA:79,0
DA:82,1
DA:85,0
DA:87,0
DA:88,0
DA:89,0
DA:92,1
DA:95,0
DA:100,0
DA:101,0
DA:104,0
DA:105,0
DA:107,0
DA:108,0
DA:111,0
DA:114,0
DA:116,0
DA:119,0
DA:120,0
DA:121,0
DA:124,0
DA:125,0
LF:50
LH:22
end_of_record
SF:lib/navigation/main_layout.dart
DA:12,1
DA:17,1
DA:19,3
DA:21,1
DA:22,1
DA:24,2
DA:25,0
DA:32,1
DA:34,2
DA:47,18
DA:49,1
DA:51,3
DA:53,1
DA:54,1
DA:55,2
DA:87,1
DA:89,1
DA:91,1
DA:93,1
DA:95,1
DA:97,1
DA:105,1
DA:107,1
DA:108,0
DA:110,1
DA:111,2
DA:113,1
DA:114,0
DA:116,1
DA:117,2
DA:119,1
DA:120,2
DA:136,25
DA:144,6
DA:146,6
DA:147,12
DA:149,6
DA:150,3
DA:152,0
DA:154,5
DA:155,6
DA:161,6
DA:169,0
DA:170,0
DA:171,0
DA:175,0
DA:178,0
DA:180,0
DA:184,0
LF:49
LH:38
end_of_record
SF:lib/screens/dashboard_screen.dart
DA:23,20
DA:25,3
DA:26,3
DA:33,3
DA:35,3
DA:36,3
DA:38,3
DA:39,3
DA:41,0
DA:42,0
DA:43,0
DA:48,3
DA:50,3
DA:52,3
DA:53,3
DA:55,9
DA:57,9
DA:59,9
DA:61,9
DA:63,9
DA:76,3
DA:78,3
DA:80,6
DA:82,3
DA:83,3
DA:84,3
DA:85,3
DA:87,3
DA:88,3
DA:89,1
DA:90,3
DA:95,3
DA:96,3
DA:99,3
DA:100,12
DA:101,3
DA:102,0
DA:111,1
DA:112,2
DA:114,4
DA:115,1
DA:116,3
DA:117,1
DA:118,0
DA:122,3
DA:123,6
DA:124,3
DA:125,12
DA:126,3
DA:127,0
DA:139,3
DA:146,3
DA:148,3
DA:149,3
DA:151,3
DA:153,3
DA:154,3
DA:155,3
DA:156,3
DA:157,3
DA:159,9
DA:162,3
DA:163,3
DA:164,3
DA:165,9
DA:172,3
DA:173,3
DA:174,12
DA:175,9
DA:179,3
DA:180,3
DA:181,9
DA:195,3
DA:197,3
DA:199,3
DA:200,3
DA:203,4
DA:204,2
DA:206,1
DA:207,1
DA:209,1
DA:211,1
DA:212,1
DA:213,1
DA:214,1
DA:216,3
DA:219,1
DA:220,1
DA:221,3
DA:222,3
DA:226,1
DA:227,0
DA:234,1
DA:236,1
DA:237,1
DA:238,1
DA:239,0
DA:243,1
DA:244,4
DA:247,1
DA:248,0
DA:252,1
DA:257,1
DA:258,0
DA:260,0
DA:261,0
DA:262,0
DA:264,0
DA:266,0
DA:267,0
DA:269,0
DA:270,0
DA:272,0
DA:274,0
DA:276,0
DA:277,0
DA:280,0
DA:281,0
DA:283,0
DA:284,0
DA:288,2
DA:289,0
DA:290,0
DA:299,0
DA:300,0
DA:302,0
DA:303,0
DA:308,2
DA:309,0
DA:318,0
DA:319,0
DA:320,0
DA:321,0
DA:322,0
DA:323,0
DA:324,0
DA:327,0
DA:329,0
DA:330,0
DA:333,0
DA:336,0
DA:338,0
DA:339,0
DA:343,0
DA:345,0
DA:346,0
DA:354,0
DA:355,0
DA:356,0
DA:357,0
DA:358,0
DA:359,0
DA:360,0
DA:363,0
DA:365,0
DA:366,0
DA:369,0
DA:372,0
DA:374,0
DA:375,0
DA:379,0
DA:381,0
DA:382,0
DA:391,1
DA:392,1
DA:393,1
DA:394,4
DA:395,1
DA:396,1
DA:397,4
DA:406,0
DA:407,0
DA:408,0
DA:409,0
DA:410,0
DA:411,0
DA:412,0
DA:415,0
DA:417,0
DA:418,0
DA:421,0
DA:424,0
DA:426,0
DA:427,0
DA:431,0
DA:433,0
DA:434,0
DA:443,0
DA:445,0
DA:446,0
DA:448,0
DA:449,0
DA:451,0
DA:452,0
DA:457,0
DA:458,0
DA:460,0
DA:462,0
DA:465,0
DA:466,0
DA:467,0
DA:468,0
DA:469,0
DA:472,0
DA:473,0
DA:474,0
DA:482,0
DA:483,0
DA:487,0
DA:489,0
DA:490,0
DA:491,0
DA:492,0
DA:494,0
DA:495,0
DA:498,0
DA:500,0
DA:504,0
DA:506,0
DA:509,0
DA:510,0
DA:511,0
DA:512,0
DA:516,0
DA:517,0
DA:522,0
DA:523,0
DA:527,0
DA:528,0
DA:533,0
DA:534,0
DA:537,0
DA:544,0
DA:545,0
DA:547,0
DA:548,0
DA:550,0
DA:551,0
DA:552,0
DA:553,0
DA:557,0
DA:558,0
DA:563,0
DA:564,0
DA:568,0
DA:569,0
DA:574,0
DA:575,0
DA:578,0
DA:587,0
DA:588,0
DA:592,0
DA:593,0
DA:595,0
DA:596,0
DA:597,0
DA:598,0
DA:599,0
DA:602,0
DA:604,0
DA:605,0
DA:608,0
DA:611,0
DA:613,0
DA:614,0
DA:620,0
DA:622,0
DA:623,0
DA:634,0
DA:635,0
DA:636,0
DA:637,0
DA:638,0
DA:639,0
DA:640,0
DA:643,0
DA:645,0
DA:646,0
DA:649,0
DA:652,0
DA:654,0
DA:655,0
DA:663,3
DA:664,3
DA:665,3
DA:667,3
DA:669,3
DA:670,3
DA:671,3
DA:672,3
DA:674,9
DA:677,3
DA:679,12
DA:680,9
DA:686,3
DA:688,3
DA:689,12
DA:690,3
DA:691,3
DA:692,12
DA:695,3
DA:697,3
DA:698,3
DA:701,9
DA:704,3
DA:706,12
DA:707,9
DA:726,3
DA:728,3
DA:730,6
DA:732,3
DA:733,3
DA:735,3
DA:737,3
DA:738,3
DA:740,3
DA:741,3
DA:742,3
DA:743,3
DA:745,9
DA:748,3
DA:750,9
DA:754,3
DA:755,0
DA:763,3
DA:765,3
DA:766,3
DA:767,6
DA:768,2
DA:771,3
DA:772,1
DA:773,1
DA:774,1
DA:775,1
DA:776,1
DA:777,1
DA:779,1
DA:781,3
DA:783,1
DA:784,4
DA:785,3
DA:787,1
DA:788,9
DA:789,3
DA:791,1
DA:792,1
DA:793,3
DA:794,4
DA:795,3
DA:803,3
DA:804,0
DA:813,2
DA:814,2
DA:815,2
DA:816,8
DA:817,2
DA:818,2
DA:819,8
DA:822,2
DA:824,2
DA:825,2
DA:828,6
DA:831,2
DA:833,8
DA:834,6
DA:842,0
DA:843,0
DA:844,0
DA:845,0
DA:846,0
DA:847,0
DA:848,0
DA:851,0
DA:853,0
DA:854,0
DA:857,0
DA:860,0
DA:862,0
DA:863,0
DA:877,3
DA:879,3
DA:881,6
DA:883,3
DA:884,3
DA:886,3
DA:888,3
DA:889,3
DA:890,3
DA:891,3
DA:893,9
DA:896,3
DA:897,3
DA:899,9
DA:903,3
DA:904,0
DA:913,3
DA:915,3
DA:916,3
DA:917,3
DA:925,1
DA:926,2
DA:931,2
DA:933,1
DA:934,1
DA:935,1
DA:936,0
DA:939,1
DA:940,0
DA:942,0
DA:943,0
DA:947,0
DA:948,0
DA:949,0
DA:950,0
DA:951,0
DA:952,0
DA:953,0
DA:954,0
DA:956,0
DA:957,0
DA:959,0
DA:961,0
DA:963,0
DA:964,0
DA:967,0
DA:969,0
DA:971,0
DA:972,0
DA:976,1
DA:977,0
DA:979,0
DA:980,0
DA:983,0
DA:984,0
DA:985,0
DA:986,0
DA:987,0
DA:988,0
DA:990,0
DA:1000,0
DA:1001,0
DA:1003,0
DA:1004,0
DA:1010,1
DA:1011,0
DA:1016,0
DA:1017,0
DA:1023,0
DA:1024,0
DA:1028,0
DA:1029,0
DA:1031,0
DA:1032,0
DA:1033,0
DA:1034,0
DA:1035,0
DA:1038,0
DA:1040,0
DA:1041,0
DA:1044,0
DA:1047,0
DA:1049,0
DA:1050,0
DA:1056,0
DA:1058,0
DA:1059,0
DA:1070,0
DA:1071,0
DA:1072,0
DA:1073,0
DA:1074,0
DA:1075,0
DA:1076,0
DA:1079,0
DA:1081,0
DA:1082,0
DA:1085,0
DA:1088,0
DA:1090,0
DA:1091,0
DA:1099,0
DA:1100,0
DA:1101,0
DA:1102,0
DA:1103,0
DA:1104,0
DA:1105,0
DA:1108,0
DA:1110,0
DA:1111,0
DA:1114,0
DA:1117,0
DA:1119,0
DA:1120,0
DA:1128,3
DA:1129,3
DA:1130,3
DA:1131,12
DA:1132,3
DA:1133,3
DA:1134,12
DA:1137,3
DA:1139,3
DA:1140,3
DA:1143,9
DA:1146,3
DA:1148,12
DA:1149,9
DA:1164,3
DA:1166,3
DA:1169,3
DA:1170,3
DA:1172,3
DA:1174,3
DA:1175,3
DA:1176,3
DA:1177,3
DA:1179,9
DA:1182,3
DA:1184,9
DA:1187,3
DA:1188,0
DA:1195,3
DA:1196,3
DA:1197,2
DA:1204,1
DA:1205,3
DA:1207,1
DA:1208,1
DA:1209,1
DA:1210,1
DA:1211,1
DA:1212,1
DA:1213,1
DA:1214,1
DA:1217,3
DA:1223,1
DA:1224,1
DA:1227,3
DA:1235,1
DA:1236,1
DA:1237,1
DA:1238,1
DA:1241,3
DA:1247,1
DA:1248,1
DA:1251,2
DA:1259,1
DA:1262,1
DA:1263,4
DA:1264,1
DA:1265,1
DA:1266,4
DA:1269,1
DA:1270,1
DA:1271,1
DA:1273,1
DA:1274,1
DA:1275,2
DA:1276,3
DA:1278,1
DA:1279,2
DA:1280,3
DA:1285,1
DA:1286,2
DA:1287,4
DA:1288,3
DA:1297,1
DA:1298,0
DA:1302,1
DA:1309,1
DA:1311,1
DA:1312,1
DA:1313,1
DA:1314,2
DA:1316,1
DA:1317,1
DA:1318,1
DA:1320,1
DA:1322,4
DA:1327,1
DA:1329,3
DA:1337,0
DA:1338,0
DA:1339,0
DA:1341,0
DA:1342,0
DA:1343,0
DA:1346,0
DA:1349,0
DA:1351,0
DA:1352,0
DA:1362,0
DA:1363,0
DA:1365,0
DA:1366,0
DA:1367,0
DA:1368,0
DA:1369,0
DA:1372,0
DA:1373,0
DA:1375,0
DA:1376,0
DA:1379,0
DA:1382,0
DA:1384,0
DA:1385,0
DA:1394,3
DA:1395,3
DA:1397,3
DA:1398,12
DA:1399,3
DA:1400,3
DA:1401,12
DA:1404,3
DA:1405,3
DA:1406,3
DA:1409,9
DA:1412,3
DA:1414,12
DA:1415,9
DA:1426,3
DA:1427,9
DA:1429,3
DA:1430,3
DA:1431,3
DA:1433,3
DA:1434,2
DA:1435,2
DA:1437,2
DA:1438,2
DA:1439,2
DA:1441,8
DA:1444,2
DA:1446,10
DA:1447,8
DA:1457,2
DA:1458,3
DA:1459,2
DA:1460,2
DA:1461,1
DA:1466,1
DA:1467,1
DA:1469,1
DA:1471,1
DA:1472,1
DA:1473,1
DA:1474,1
DA:1476,4
DA:1480,1
DA:1482,5
DA:1483,4
DA:1490,1
DA:1491,1
DA:1492,1
DA:1497,5
DA:1500,3
DA:1502,1
DA:1503,1
DA:1504,4
DA:1506,1
DA:1507,0
DA:1508,0
DA:1509,0
DA:1512,1
DA:1514,5
DA:1515,4
DA:1524,6
DA:1525,3
DA:1527,3
DA:1528,3
DA:1535,3
DA:1537,12
DA:1543,0
DA:1544,0
DA:1546,0
DA:1547,0
DA:1548,0
DA:1550,0
DA:1553,0
DA:1554,0
DA:1556,0
DA:1557,0
LF:683
LH:361
end_of_record
SF:lib/screens/fuel_entries_screen.dart
DA:22,3
DA:24,3
DA:25,3
DA:37,3
DA:39,3
DA:40,7
DA:41,2
DA:42,3
DA:47,3
DA:49,6
DA:50,3
DA:53,3
DA:55,3
DA:56,6
DA:57,1
DA:58,2
DA:59,0
DA:60,0
DA:61,0
DA:62,0
DA:63,0
DA:64,0
DA:68,1
DA:69,0
DA:70,0
DA:71,0
DA:72,0
DA:74,0
DA:75,0
DA:79,0
DA:80,0
DA:82,1
DA:83,1
DA:84,1
DA:86,3
DA:88,3
DA:90,3
DA:91,3
DA:92,5
DA:93,3
DA:94,3
DA:95,3
DA:96,0
DA:97,0
DA:98,0
DA:101,1
DA:102,2
DA:103,1
DA:106,0
DA:107,0
DA:108,0
DA:109,0
DA:113,6
DA:114,6
DA:115,3
DA:116,3
DA:117,3
DA:118,3
DA:119,3
DA:123,3
DA:124,0
DA:130,2
DA:131,2
DA:133,2
DA:134,8
DA:135,2
DA:136,2
DA:137,10
DA:141,2
DA:142,2
DA:143,2
DA:146,4
DA:147,1
DA:149,0
DA:150,0
DA:154,2
DA:155,2
DA:159,8
DA:165,3
DA:166,3
DA:167,3
DA:168,6
DA:169,2
DA:170,4
DA:171,4
DA:172,2
DA:173,0
DA:174,0
DA:179,3
DA:181,3
DA:183,3
DA:185,0
DA:186,0
DA:187,0
DA:188,0
DA:190,0
DA:191,0
DA:195,2
DA:196,1
DA:198,1
DA:199,1
DA:204,2
DA:205,2
DA:209,1
DA:211,1
DA:212,1
DA:217,2
DA:218,0
DA:222,1
DA:224,1
DA:225,1
DA:230,2
DA:231,0
DA:235,1
DA:237,1
DA:238,1
DA:243,2
DA:244,0
DA:250,3
DA:252,0
DA:253,0
DA:259,1
DA:260,1
DA:261,1
DA:262,2
DA:263,1
DA:264,1
DA:265,0
DA:266,0
DA:267,0
DA:270,0
DA:271,0
DA:272,0
DA:275,0
DA:276,0
DA:277,0
DA:278,0
DA:297,1
DA:308,1
DA:310,3
DA:312,1
DA:313,2
DA:314,1
DA:315,1
DA:316,1
DA:317,2
DA:318,1
DA:320,1
DA:322,1
DA:324,1
DA:326,1
DA:327,0
DA:328,0
DA:330,0
DA:331,0
DA:336,0
DA:337,0
DA:341,0
DA:343,0
DA:344,0
DA:349,0
DA:350,0
DA:354,0
DA:356,0
DA:357,0
DA:362,0
DA:363,0
DA:367,0
DA:369,0
DA:370,0
DA:375,0
DA:376,0
DA:382,1
DA:384,1
DA:388,2
DA:390,1
DA:391,1
DA:392,2
DA:393,1
DA:395,1
DA:397,1
DA:399,1
DA:401,1
DA:405,0
DA:407,0
DA:408,0
DA:409,0
DA:410,0
DA:412,0
DA:414,0
DA:416,0
DA:418,0
DA:425,1
DA:437,3
DA:445,3
DA:446,3
DA:452,3
DA:454,3
DA:460,6
DA:461,6
DA:462,3
DA:464,3
DA:466,3
DA:468,3
DA:469,3
DA:471,6
DA:472,6
DA:473,3
DA:475,3
DA:476,3
DA:478,1
DA:479,2
DA:480,1
DA:483,1
DA:485,0
DA:493,6
DA:494,0
DA:496,0
DA:497,0
DA:499,0
DA:503,6
DA:504,1
DA:506,1
DA:507,1
DA:508,11
DA:511,0
DA:512,0
DA:513,0
DA:514,0
DA:522,1
DA:524,1
DA:526,0
DA:527,0
DA:528,0
DA:529,0
DA:540,1
DA:541,1
DA:545,1
DA:546,0
DA:547,0
DA:548,0
DA:552,1
DA:553,1
DA:554,3
DA:558,0
DA:559,0
DA:560,0
DA:566,3
DA:579,3
DA:588,3
DA:591,3
DA:592,1
DA:594,3
DA:598,3
DA:599,6
DA:601,3
DA:602,3
DA:603,3
DA:607,3
DA:608,0
DA:611,3
DA:614,3
DA:617,3
DA:619,3
DA:620,3
DA:621,6
DA:622,3
DA:623,3
DA:624,3
DA:628,1
DA:629,0
DA:630,0
DA:632,1
DA:634,1
DA:635,1
DA:636,1
DA:637,1
DA:644,2
DA:645,3
DA:649,1
DA:650,3
DA:652,1
DA:653,1
DA:655,1
DA:658,1
DA:660,1
DA:661,1
DA:662,2
DA:663,1
DA:664,1
DA:665,1
DA:669,0
DA:670,0
DA:671,0
DA:673,0
DA:675,0
DA:676,0
DA:677,0
DA:678,0
DA:685,1
DA:686,0
DA:690,3
DA:694,3
DA:695,0
DA:699,6
DA:700,2
DA:701,2
DA:702,3
DA:703,5
DA:704,3
DA:705,1
DA:709,3
DA:710,0
DA:714,3
DA:715,2
DA:716,5
DA:717,0
DA:718,1
DA:724,1
DA:728,2
DA:729,0
DA:730,0
DA:731,0
DA:732,0
DA:733,0
DA:734,0
DA:738,1
DA:739,0
DA:743,1
DA:744,0
DA:745,0
DA:746,0
DA:747,0
DA:753,3
DA:754,3
DA:756,4
DA:758,1
DA:759,1
DA:760,3
DA:762,0
DA:763,0
DA:765,0
DA:766,0
DA:768,0
DA:769,0
DA:770,0
DA:771,0
DA:774,0
DA:776,2
DA:782,1
DA:783,1
DA:784,1
DA:786,1
DA:788,1
DA:789,1
DA:792,3
DA:795,1
DA:797,3
DA:800,1
DA:802,3
DA:806,1
DA:807,0
DA:808,0
DA:824,3
DA:826,3
DA:828,3
DA:829,1
DA:830,1
DA:832,1
DA:834,1
DA:835,1
DA:838,3
DA:841,1
DA:843,4
DA:844,3
DA:848,1
DA:850,4
DA:851,3
DA:856,1
DA:857,0
DA:867,3
DA:868,3
DA:870,3
DA:872,3
DA:873,3
DA:876,9
DA:879,3
DA:881,12
DA:882,9
DA:886,3
DA:888,12
DA:889,9
DA:894,3
DA:895,0
DA:900,3
DA:901,0
DA:917,1
DA:922,1
DA:924,4
DA:926,1
DA:927,3
DA:929,0
DA:930,1
DA:933,1
DA:934,3
DA:935,1
DA:937,1
DA:939,1
DA:940,1
DA:942,3
DA:944,1
DA:946,1
DA:947,3
DA:954,1
DA:957,1
DA:959,1
DA:960,3
DA:961,1
DA:963,3
DA:966,1
DA:967,2
DA:968,1
DA:969,1
DA:970,1
DA:971,1
DA:972,4
DA:978,3
DA:981,2
DA:982,1
DA:985,3
DA:988,0
DA:989,0
DA:992,0
DA:996,1
DA:998,1
DA:1000,1
DA:1001,1
DA:1002,1
DA:1005,3
DA:1008,1
DA:1009,1
DA:1010,4
DA:1011,3
DA:1016,1
DA:1019,3
DA:1022,1
DA:1023,1
DA:1024,2
DA:1025,3
DA:1032,1
DA:1033,1
DA:1034,1
DA:1037,3
DA:1040,1
DA:1041,4
DA:1042,3
DA:1045,1
DA:1048,3
DA:1051,1
DA:1052,1
DA:1053,4
DA:1054,4
DA:1061,2
DA:1062,1
DA:1063,1
DA:1065,1
DA:1066,1
DA:1069,3
DA:1072,1
DA:1073,1
DA:1074,1
DA:1075,2
DA:1076,1
DA:1077,0
DA:1078,0
DA:1079,0
DA:1080,0
DA:1081,0
DA:1082,0
DA:1083,0
DA:1084,0
DA:1090,2
DA:1091,4
DA:1092,4
DA:1093,3
DA:1098,0
DA:1099,0
DA:1100,0
DA:1101,0
DA:1116,1
DA:1117,1
DA:1118,1
DA:1121,3
DA:1124,1
DA:1125,4
DA:1126,3
DA:1129,1
DA:1132,3
DA:1135,1
DA:1136,4
DA:1137,3
DA:1143,1
DA:1144,0
DA:1146,0
DA:1148,0
DA:1150,0
DA:1151,0
DA:1155,0
DA:1178,1
DA:1179,1
DA:1186,0
DA:1187,0
DA:1189,0
DA:1194,0
DA:1195,0
DA:1196,0
DA:1199,0
DA:1200,0
DA:1201,0
DA:1202,0
DA:1203,0
DA:1212,0
DA:1213,0
DA:1214,0
DA:1216,0
DA:1217,0
DA:1218,0
DA:1226,0
DA:1227,0
DA:1228,0
DA:1229,0
DA:1238,1
DA:1239,1
DA:1241,3
DA:1254,1
DA:1262,1
DA:1263,1
DA:1270,1
DA:1272,1
DA:1273,3
DA:1274,3
DA:1277,1
DA:1279,1
DA:1281,1
DA:1283,1
DA:1286,1
DA:1288,1
DA:1290,3
DA:1293,1
DA:1294,1
DA:1299,1
DA:1314,0
DA:1315,0
DA:1316,0
DA:1323,1
DA:1325,3
DA:1328,1
DA:1329,1
DA:1330,1
DA:1332,1
DA:1333,4
DA:1334,1
DA:1336,1
DA:1337,1
DA:1338,1
DA:1340,3
DA:1343,1
DA:1344,1
DA:1345,0
DA:1346,0
DA:1349,1
DA:1350,0
DA:1352,0
DA:1353,0
DA:1354,0
DA:1365,1
DA:1366,1
DA:1367,0
DA:1368,0
DA:1369,0
DA:1373,1
DA:1374,0
DA:1377,1
DA:1378,0
DA:1379,0
DA:1380,0
DA:1381,0
DA:1389,0
DA:1390,0
DA:1391,0
DA:1392,0
DA:1393,0
DA:1394,0
DA:1398,0
DA:1399,0
DA:1409,1
DA:1411,1
DA:1413,4
DA:1415,1
DA:1417,1
DA:1419,1
DA:1422,1
DA:1423,1
DA:1424,2
DA:1427,1
DA:1430,0
DA:1431,0
DA:1439,1
DA:1442,4
DA:1446,1
DA:1449,2
DA:1453,1
DA:1456,4
DA:1460,1
DA:1463,4
DA:1467,1
DA:1470,4
DA:1474,1
DA:1477,4
DA:1480,3
DA:1482,1
DA:1483,1
DA:1484,2
DA:1485,1
DA:1486,0
DA:1487,0
DA:1488,0
DA:1489,0
DA:1490,0
DA:1493,0
DA:1497,2
DA:1500,4
DA:1503,0
DA:1506,0
DA:1516,1
DA:1517,1
DA:1518,0
DA:1521,1
DA:1522,0
DA:1523,0
DA:1525,0
DA:1533,1
DA:1539,1
DA:1540,1
DA:1541,1
DA:1544,3
DA:1547,1
DA:1548,1
DA:1550,1
DA:1551,1
DA:1553,4
DA:1554,3
DA:1557,1
DA:1559,4
DA:1578,1
DA:1582,1
DA:1584,1
DA:1585,1
DA:1586,1
DA:1587,4
DA:1588,3
DA:1592,4
LF:662
LH:444
end_of_record
SF:lib/screens/add_fuel_entry_screen.dart
DA:22,20
DA:24,2
DA:25,2
DA:44,2
DA:46,2
DA:48,6
DA:49,6
DA:50,6
DA:53,2
DA:55,4
DA:56,4
DA:57,4
DA:58,4
DA:59,2
DA:62,2
DA:64,2
DA:65,2
DA:68,2
DA:69,2
DA:70,4
DA:71,2
DA:81,2
DA:82,2
DA:83,2
DA:85,2
DA:87,2
DA:88,2
DA:90,2
DA:92,2
DA:94,2
DA:96,2
DA:98,2
DA:100,2
DA:102,2
DA:104,2
DA:112,2
DA:113,6
DA:115,2
DA:117,2
DA:118,2
DA:120,8
DA:123,2
DA:124,2
DA:125,4
DA:126,2
DA:127,2
DA:128,2
DA:130,2
DA:131,10
DA:132,2
DA:133,10
DA:135,2
DA:136,2
DA:137,2
DA:139,8
DA:142,2
DA:143,2
DA:145,8
DA:152,2
DA:154,2
DA:155,0
DA:164,0
DA:165,0
DA:171,0
DA:172,0
DA:173,0
DA:174,0
DA:176,0
DA:177,0
DA:178,0
DA:179,0
DA:184,0
DA:187,0
DA:195,4
DA:204,0
DA:206,0
DA:207,0
DA:208,0
DA:210,0
DA:211,0
DA:212,0
DA:216,2
DA:218,0
DA:220,0
DA:221,0
DA:222,0
DA:224,0
DA:225,0
DA:226,0
DA:229,0
DA:232,0
DA:233,0
DA:234,0
DA:244,2
DA:245,2
DA:246,4
DA:248,2
DA:250,2
DA:251,2
DA:253,8
DA:256,2
DA:257,2
DA:258,2
DA:260,2
DA:261,2
DA:264,8
DA:266,2
DA:268,2
DA:269,2
DA:270,2
DA:274,8
DA:277,2
DA:278,22
DA:279,10
DA:284,2
DA:286,8
DA:292,0
DA:294,0
DA:296,0
DA:305,2
DA:306,2
DA:308,2
DA:309,2
DA:311,8
DA:314,2
DA:315,2
DA:324,2
DA:325,4
DA:327,0
DA:328,0
DA:331,0
DA:332,0
DA:335,0
DA:345,2
DA:346,2
DA:348,2
DA:349,2
DA:351,8
DA:354,2
DA:356,2
DA:357,2
DA:358,2
DA:359,0
DA:360,10
DA:362,2
DA:363,2
DA:364,0
DA:367,2
DA:368,2
DA:369,2
DA:370,2
DA:371,2
DA:372,2
DA:373,8
DA:376,2
DA:377,2
DA:379,2
DA:380,2
DA:381,2
DA:382,10
DA:386,2
DA:387,2
DA:390,10
DA:391,8
DA:397,2
DA:398,2
DA:399,2
DA:401,0
DA:402,0
DA:403,0
DA:409,2
DA:411,0
DA:413,0
DA:414,0
DA:415,0
DA:417,0
DA:418,0
DA:419,0
DA:422,0
DA:425,0
DA:426,0
DA:428,0
DA:429,0
DA:440,2
DA:442,0
DA:444,0
DA:445,0
DA:446,0
DA:448,0
DA:449,0
DA:450,0
DA:453,0
DA:456,0
DA:457,0
DA:459,0
DA:460,0
DA:472,2
DA:473,2
DA:475,2
DA:476,2
DA:478,8
DA:481,2
DA:482,2
DA:491,2
DA:492,4
DA:494,0
DA:495,0
DA:498,0
DA:499,0
DA:504,0
DA:505,0
DA:506,0
DA:507,0
DA:508,0
DA:509,0
DA:510,0
DA:521,2
DA:522,2
DA:524,2
DA:525,2
DA:527,8
DA:530,2
DA:531,2
DA:540,2
DA:541,4
DA:543,0
DA:544,0
DA:547,0
DA:548,0
DA:551,0
DA:552,0
DA:561,2
DA:562,2
DA:564,2
DA:565,2
DA:566,2
DA:567,2
DA:569,8
DA:572,2
DA:573,2
DA:574,2
DA:576,8
DA:579,2
DA:580,2
DA:581,0
DA:582,0
DA:583,0
DA:585,0
DA:595,2
DA:596,2
DA:597,2
DA:598,2
DA:600,2
DA:605,2
DA:610,2
DA:611,4
DA:613,0
DA:614,0
DA:617,0
DA:618,0
DA:621,0
DA:631,2
DA:632,2
DA:634,2
DA:635,2
DA:637,8
DA:640,2
DA:641,2
DA:642,0
DA:643,0
DA:644,0
DA:653,2
DA:654,2
DA:656,2
DA:657,4
DA:658,2
DA:660,2
DA:668,1
DA:669,1
DA:670,1
DA:671,3
DA:672,0
DA:673,1
DA:674,1
DA:675,1
DA:682,0
DA:683,0
DA:688,0
DA:689,0
DA:690,0
DA:691,0
DA:693,0
DA:694,0
DA:696,0
DA:698,0
DA:703,0
DA:704,0
DA:706,0
DA:707,0
DA:709,0
DA:710,0
DA:711,0
DA:716,0
DA:718,0
DA:720,0
DA:721,0
DA:722,0
DA:726,0
DA:728,0
DA:729,0
DA:730,0
DA:731,0
DA:737,0
DA:738,0
DA:739,0
DA:744,0
DA:746,0
DA:751,0
DA:752,0
DA:756,0
DA:757,0
DA:761,0
DA:762,0
DA:766,0
DA:767,0
DA:772,0
DA:773,0
DA:774,0
DA:775,0
DA:778,0
DA:779,0
DA:780,0
DA:784,0
DA:786,0
DA:787,0
DA:790,0
DA:793,0
DA:797,0
DA:798,0
DA:799,0
DA:801,0
DA:802,0
DA:807,0
DA:809,0
DA:810,0
DA:816,0
DA:819,0
DA:821,0
DA:822,0
DA:823,0
DA:829,0
DA:830,0
DA:831,0
DA:832,0
DA:833,0
LF:355
LH:187
end_of_record
SF:lib/screens/vehicles_screen.dart
DA:19,20
DA:21,3
DA:22,3
DA:26,3
DA:28,3
DA:29,3
DA:31,3
DA:32,3
DA:34,3
DA:44,3
DA:45,3
DA:51,1
DA:52,1
DA:53,1
DA:54,2
DA:55,1
DA:56,0
DA:57,0
DA:58,0
DA:59,0
DA:64,0
DA:65,0
DA:66,0
DA:67,0
DA:79,18
DA:81,3
DA:83,6
DA:84,6
DA:86,3
DA:88,3
DA:89,3
DA:90,3
DA:91,3
DA:94,3
DA:95,6
DA:96,3
DA:97,0
DA:99,9
DA:103,3
DA:104,3
DA:107,3
DA:108,12
DA:109,2
DA:110,0
DA:112,9
DA:128,3
DA:135,3
DA:137,3
DA:138,3
DA:140,3
DA:141,3
DA:142,9
DA:144,3
DA:145,3
DA:146,12
DA:147,3
DA:151,3
DA:152,3
DA:153,9
DA:165,18
DA:167,3
DA:169,6
DA:171,3
DA:172,3
DA:174,3
DA:175,0
DA:179,3
DA:180,0
DA:184,3
DA:185,0
DA:189,6
DA:194,0
DA:195,0
DA:196,0
DA:198,0
DA:200,0
DA:201,0
DA:202,0
DA:203,0
DA:208,3
DA:218,0
DA:222,0
DA:223,0
DA:224,0
DA:226,0
DA:228,0
DA:229,0
DA:232,0
DA:235,0
DA:237,0
DA:238,0
DA:242,0
DA:244,0
DA:248,0
DA:250,0
DA:251,0
DA:252,0
DA:257,0
DA:258,0
DA:270,0
DA:272,0
DA:273,0
DA:276,0
DA:279,0
DA:286,0
DA:287,0
DA:289,0
DA:290,0
DA:291,0
DA:293,0
DA:294,0
DA:295,0
DA:296,0
DA:301,0
DA:303,0
DA:304,0
DA:305,0
DA:306,0
DA:307,0
DA:312,0
DA:314,0
DA:321,0
DA:329,0
DA:330,0
DA:331,0
DA:333,0
DA:335,0
DA:336,0
DA:339,0
DA:342,0
DA:344,0
DA:347,0
DA:348,0
DA:349,0
DA:353,0
DA:355,0
DA:356,0
DA:357,0
DA:362,0
DA:363,0
DA:375,0
DA:376,0
DA:377,0
DA:379,0
DA:381,0
DA:382,0
DA:385,0
DA:388,0
DA:390,0
DA:391,0
DA:395,0
DA:397,0
DA:401,0
DA:402,0
DA:403,0
DA:404,0
DA:409,0
DA:410,0
DA:420,0
DA:421,0
DA:423,0
DA:432,0
DA:433,0
DA:434,0
DA:445,18
DA:447,3
DA:449,3
DA:450,3
DA:452,3
DA:454,3
DA:455,3
DA:458,9
DA:461,3
DA:463,12
DA:464,9
DA:468,3
DA:470,12
DA:471,9
DA:476,3
DA:477,2
DA:487,1
DA:488,1
DA:490,2
DA:492,0
DA:493,0
DA:494,0
DA:495,0
DA:500,0
DA:501,0
DA:502,0
DA:503,0
DA:517,0
DA:519,0
DA:521,0
DA:523,0
DA:525,0
DA:526,0
DA:527,0
DA:528,0
DA:530,0
DA:533,0
DA:534,0
DA:536,0
DA:537,0
DA:538,0
DA:539,0
DA:540,0
DA:543,0
DA:544,0
DA:546,0
DA:547,0
DA:548,0
DA:549,0
DA:550,0
DA:551,0
DA:553,0
DA:554,0
DA:556,0
DA:557,0
DA:562,0
DA:563,0
DA:567,0
DA:568,0
DA:569,0
DA:602,0
DA:607,0
DA:609,0
DA:610,0
DA:612,0
DA:613,0
DA:615,0
DA:616,0
DA:621,0
DA:622,0
DA:624,0
DA:625,0
DA:627,0
DA:628,0
DA:629,0
DA:630,0
DA:635,0
DA:636,0
DA:637,0
DA:638,0
DA:647,0
DA:648,0
DA:650,0
DA:652,0
DA:653,0
DA:654,0
DA:655,0
DA:658,0
DA:659,0
DA:660,0
DA:661,0
DA:663,0
DA:664,0
DA:665,0
DA:674,0
DA:676,0
DA:677,0
DA:678,0
DA:679,0
DA:680,0
DA:686,0
DA:687,0
DA:688,0
DA:689,0
DA:697,0
DA:698,0
DA:701,0
DA:703,0
DA:713,2
DA:719,2
DA:720,2
DA:729,2
DA:731,4
DA:732,4
DA:733,2
DA:736,2
DA:738,2
DA:740,2
DA:741,2
DA:742,2
DA:744,2
DA:745,2
DA:746,2
DA:753,1
DA:754,2
DA:757,3
DA:764,2
DA:765,2
DA:774,2
DA:775,4
DA:777,1
DA:778,1
DA:781,0
DA:782,0
DA:791,2
DA:792,2
DA:793,5
DA:796,2
DA:797,4
DA:798,2
DA:810,1
DA:811,3
DA:815,0
DA:816,0
DA:820,0
DA:821,0
DA:822,0
DA:826,0
DA:827,0
DA:828,0
DA:832,0
DA:833,0
DA:837,0
DA:840,0
DA:842,0
DA:843,0
DA:844,0
DA:847,0
DA:848,0
DA:851,0
DA:852,0
DA:853,0
DA:867,0
DA:874,0
DA:875,0
DA:884,0
DA:886,0
DA:887,0
DA:888,0
DA:891,0
DA:893,0
DA:894,0
DA:895,0
DA:898,0
DA:900,0
DA:902,0
DA:903,0
DA:904,0
DA:906,0
DA:907,0
DA:908,0
DA:915,0
DA:916,0
DA:919,0
DA:926,0
DA:927,0
DA:936,0
DA:937,0
DA:939,0
DA:940,0
DA:943,0
DA:944,0
DA:953,0
DA:954,0
DA:955,0
DA:958,0
DA:959,0
DA:960,0
DA:972,0
DA:973,0
DA:977,0
DA:978,0
DA:982,0
DA:983,0
DA:984,0
DA:988,0
DA:989,0
DA:990,0
DA:994,0
DA:995,0
DA:996,0
DA:1000,0
DA:1004,0
DA:1006,0
DA:1007,0
DA:1008,0
DA:1011,0
DA:1012,0
DA:1015,0
DA:1016,0
DA:1017,0
LF:385
LH:110
end_of_record
SF:lib/screens/settings_screen.dart
DA:18,19
DA:20,2
DA:21,2
DA:28,2
DA:30,2
DA:34,2
DA:36,2
DA:37,2
DA:39,2
DA:41,2
DA:43,2
DA:45,2
DA:47,2
DA:53,2
DA:54,6
DA:56,2
DA:59,2
DA:60,2
DA:61,0
DA:63,0
DA:64,0
DA:66,0
DA:68,2
DA:77,0
DA:80,0
DA:81,0
DA:85,2
DA:86,0
DA:89,0
DA:90,0
DA:92,2
DA:98,0
DA:100,2
DA:101,0
DA:104,0
DA:105,0
DA:107,2
DA:113,0
DA:119,0
DA:120,0
DA:122,0
DA:125,0
DA:126,0
DA:127,0
DA:129,0
DA:131,0
DA:133,0
DA:134,0
DA:135,0
DA:136,0
DA:141,0
DA:143,0
DA:150,0
DA:151,0
DA:152,0
DA:153,0
DA:159,0
DA:162,0
DA:163,0
DA:164,0
DA:165,0
DA:172,0
DA:181,0
DA:184,0
DA:185,0
DA:186,0
DA:187,0
DA:188,0
DA:189,0
DA:190,0
DA:192,0
DA:195,0
DA:198,0
DA:200,0
DA:201,0
DA:203,0
DA:216,0
DA:217,0
DA:218,0
DA:219,0
DA:220,0
DA:221,0
DA:222,0
DA:224,0
DA:227,0
DA:230,0
DA:232,0
DA:240,0
DA:246,0
DA:252,0
DA:253,0
DA:254,0
DA:255,0
DA:256,0
DA:264,2
DA:265,6
DA:267,2
DA:270,2
DA:271,2
DA:273,4
DA:274,0
DA:275,2
DA:276,0
DA:278,2
DA:279,0
DA:282,0
DA:284,0
DA:285,0
DA:286,0
DA:289,0
DA:290,0
DA:291,0
DA:298,0
DA:302,2
DA:307,0
DA:314,2
DA:315,6
DA:317,2
DA:320,2
DA:321,2
DA:323,4
DA:324,0
DA:325,2
DA:326,0
DA:328,2
DA:329,0
DA:332,0
DA:334,0
DA:335,0
DA:336,0
DA:339,0
DA:340,0
DA:341,0
DA:348,0
DA:352,2
DA:357,0
DA:364,2
DA:365,2
DA:368,2
DA:369,2
DA:372,2
DA:373,0
DA:374,0
DA:375,0
DA:384,2
DA:385,2
DA:388,2
DA:389,2
DA:393,2
DA:395,2
DA:399,2
DA:402,2
DA:405,2
DA:406,0
DA:407,0
DA:408,0
DA:414,2
DA:417,10
DA:418,8
DA:419,2
DA:425,2
DA:426,2
DA:429,2
DA:435,2
DA:438,0
DA:442,2
DA:445,0
DA:449,2
DA:452,0
DA:453,0
DA:454,0
DA:460,2
DA:463,0
DA:467,2
DA:470,0
DA:479,0
DA:481,0
DA:488,0
DA:490,0
DA:497,0
DA:498,0
DA:499,0
DA:500,0
DA:505,0
DA:506,0
DA:507,0
DA:510,0
DA:511,0
DA:512,0
DA:513,0
DA:515,0
DA:516,0
DA:517,0
DA:526,0
DA:528,0
DA:542,2
DA:548,2
DA:550,2
DA:552,2
DA:553,2
DA:555,2
DA:556,2
DA:557,10
DA:559,2
DA:560,2
DA:561,8
DA:562,6
DA:569,2
DA:571,4
LF:209
LH:81
end_of_record
SF:lib/screens/fuel_consumption_chart_screen.dart
DA:32,18
DA:34,0
DA:35,0
DA:47,0
DA:49,0
DA:50,0
DA:52,0
DA:53,0
DA:55,0
DA:60,0
DA:61,0
DA:62,0
DA:63,0
DA:64,0
DA:65,0
DA:66,0
DA:67,0
DA:68,0
DA:69,0
DA:71,0
DA:81,0
DA:82,0
DA:84,0
DA:85,0
DA:86,0
DA:87,0
DA:88,0
DA:92,0
DA:93,0
DA:94,0
DA:96,0
DA:98,0
DA:104,0
DA:105,0
DA:107,0
DA:108,0
DA:109,0
DA:111,0
DA:112,0
DA:113,0
DA:115,0
DA:117,0
DA:118,0
DA:126,0
DA:127,0
DA:128,0
DA:131,0
DA:132,0
DA:138,0
DA:143,0
DA:145,0
DA:148,0
DA:149,0
DA:150,0
DA:155,0
DA:156,0
DA:161,0
DA:162,0
DA:166,0
DA:168,0
DA:169,0
DA:172,0
DA:173,0
DA:174,0
DA:176,0
DA:181,0
DA:182,0
DA:183,0
DA:186,0
DA:187,0
DA:188,0
DA:189,0
DA:190,0
DA:198,0
DA:199,0
DA:204,0
DA:205,0
DA:207,0
DA:208,0
DA:210,0
DA:213,0
DA:216,0
DA:217,0
DA:218,0
DA:219,0
DA:220,0
DA:221,0
DA:228,0
DA:229,0
DA:230,0
DA:231,0
DA:233,0
DA:235,0
DA:236,0
DA:238,0
DA:242,0
DA:243,0
DA:244,0
DA:245,0
DA:247,0
DA:248,0
DA:254,0
DA:255,0
DA:256,0
DA:258,0
DA:262,0
DA:264,0
DA:266,0
DA:267,0
DA:268,0
DA:269,0
DA:271,0
DA:272,0
DA:273,0
DA:274,0
DA:275,0
DA:278,0
DA:280,0
DA:281,0
DA:285,0
DA:286,0
DA:288,0
DA:290,0
DA:292,0
DA:293,0
DA:295,0
DA:296,0
DA:297,0
DA:298,0
DA:301,0
DA:302,0
DA:304,0
DA:305,0
DA:306,0
DA:307,0
DA:308,0
DA:309,0
DA:310,0
DA:311,0
DA:313,0
DA:314,0
DA:315,0
DA:316,0
DA:317,0
DA:318,0
DA:319,0
DA:320,0
DA:321,0
DA:322,0
DA:323,0
DA:324,0
DA:326,0
DA:327,0
DA:328,0
DA:329,0
DA:330,0
DA:331,0
DA:332,0
DA:333,0
DA:334,0
DA:335,0
DA:336,0
DA:337,0
DA:338,0
DA:339,0
DA:340,0
DA:341,0
DA:342,0
DA:343,0
DA:344,0
DA:345,0
DA:346,0
DA:347,0
DA:349,0
DA:351,0
DA:353,0
DA:354,0
DA:355,0
DA:357,0
DA:358,0
DA:361,0
DA:362,0
DA:363,0
DA:367,0
DA:368,0
DA:370,0
DA:371,0
DA:372,0
DA:373,0
DA:374,0
DA:375,0
DA:376,0
DA:377,0
DA:378,0
DA:379,0
DA:380,0
DA:381,0
DA:382,0
DA:383,0
DA:384,0
DA:385,0
DA:386,0
DA:387,0
DA:388,0
DA:389,0
DA:390,0
DA:391,0
DA:392,0
DA:393,0
DA:394,0
DA:395,0
DA:397,0
DA:399,0
DA:409,0
DA:410,0
DA:411,0
DA:417,0
DA:418,0
DA:426,0
DA:427,0
DA:429,0
DA:430,0
DA:431,0
DA:432,0
DA:435,0
DA:437,0
DA:438,0
DA:440,0
DA:442,0
DA:443,0
DA:444,0
DA:445,0
DA:447,0
DA:450,0
DA:452,0
DA:457,0
DA:458,0
DA:466,0
DA:467,0
DA:471,0
DA:474,0
DA:475,0
DA:476,0
DA:477,0
DA:478,0
DA:479,0
DA:481,0
DA:482,0
DA:483,0
DA:484,0
DA:485,0
DA:488,0
DA:490,0
DA:491,0
DA:493,0
DA:495,0
DA:496,0
DA:497,0
DA:498,0
DA:501,0
DA:502,0
DA:503,0
DA:504,0
DA:505,0
DA:508,0
DA:509,0
DA:510,0
DA:512,0
DA:513,0
DA:514,0
DA:515,0
DA:516,0
DA:517,0
DA:518,0
DA:519,0
DA:521,0
DA:522,0
DA:523,0
DA:524,0
DA:525,0
DA:526,0
DA:527,0
DA:528,0
DA:529,0
DA:530,0
DA:531,0
DA:532,0
DA:533,0
DA:534,0
DA:536,0
DA:538,0
DA:540,0
DA:550,0
DA:551,0
DA:552,0
DA:565,0
DA:566,0
DA:567,0
DA:569,0
DA:573,0
DA:575,0
DA:577,0
DA:578,0
DA:579,0
DA:580,0
DA:582,0
DA:583,0
DA:584,0
DA:585,0
DA:586,0
DA:589,0
DA:591,0
DA:592,0
DA:596,0
DA:597,0
DA:599,0
DA:600,0
DA:601,0
DA:602,0
DA:603,0
DA:607,0
DA:608,0
DA:609,0
DA:610,0
DA:612,0
DA:613,0
DA:618,0
DA:619,0
DA:620,0
DA:621,0
DA:622,0
DA:623,0
DA:626,0
DA:628,0
DA:629,0
DA:631,0
DA:634,0
DA:635,0
DA:636,0
DA:637,0
DA:640,0
DA:641,0
DA:644,0
DA:645,0
DA:648,0
DA:649,0
DA:656,0
DA:657,0
DA:662,0
DA:663,0
DA:665,0
DA:666,0
DA:667,0
DA:668,0
DA:669,0
DA:673,0
DA:675,0
DA:676,0
DA:678,0
DA:681,0
DA:683,0
DA:684,0
DA:692,0
DA:693,0
DA:695,0
DA:696,0
DA:697,0
DA:698,0
DA:699,0
DA:702,0
DA:704,0
DA:705,0
DA:708,0
DA:711,0
DA:713,0
DA:714,0
DA:723,0
DA:725,0
DA:726,0
DA:739,0
DA:740,0
DA:741,0
DA:743,0
DA:744,0
DA:747,0
DA:750,0
DA:752,0
DA:753,0
DA:757,0
DA:759,0
DA:760,0
DA:768,0
DA:769,0
DA:770,0
DA:772,0
DA:773,0
DA:779,0
DA:780,0
DA:781,0
DA:783,0
DA:784,0
DA:787,0
DA:790,0
DA:792,0
DA:793,0
DA:797,0
DA:799,0
DA:800,0
DA:808,0
DA:821,0
DA:822,0
DA:823,0
DA:825,0
DA:826,0
DA:829,0
DA:832,0
DA:834,0
DA:835,0
DA:839,0
DA:841,0
DA:842,0
DA:851,0
DA:853,0
DA:856,0
DA:858,0
DA:861,0
DA:865,0
DA:867,0
DA:868,0
DA:870,0
DA:872,0
DA:876,0
DA:877,0
DA:880,0
DA:881,0
DA:882,0
DA:883,0
DA:884,0
DA:885,0
DA:886,0
DA:887,0
DA:888,0
DA:889,0
DA:890,0
DA:891,0
DA:892,0
DA:893,0
DA:897,0
DA:899,0
DA:900,0
DA:901,0
DA:902,0
DA:910,0
DA:911,0
DA:912,0
DA:919,0
DA:920,0
DA:924,0
DA:925,0
DA:932,0
DA:933,0
DA:936,0
DA:937,0
DA:941,0
DA:945,0
DA:951,0
DA:955,0
DA:956,0
DA:958,0
DA:959,0
DA:961,0
DA:962,0
DA:964,0
DA:965,0
DA:967,0
DA:968,0
DA:972,0
DA:976,0
DA:977,0
DA:978,0
DA:981,0
DA:982,0
DA:983,0
DA:988,0
DA:989,0
DA:990,0
DA:994,0
LF:487
LH:1
end_of_record
SF:lib/screens/average_consumption_chart_screen.dart
DA:31,18
DA:33,0
DA:34,0
DA:46,0
DA:48,0
DA:49,0
DA:51,0
DA:52,0
DA:54,0
DA:59,0
DA:60,0
DA:61,0
DA:62,0
DA:63,0
DA:64,0
DA:65,0
DA:66,0
DA:67,0
DA:68,0
DA:70,0
DA:80,0
DA:81,0
DA:83,0
DA:84,0
DA:85,0
DA:86,0
DA:87,0
DA:91,0
DA:92,0
DA:93,0
DA:95,0
DA:97,0
DA:103,0
DA:104,0
DA:106,0
DA:107,0
DA:108,0
DA:110,0
DA:111,0
DA:112,0
DA:114,0
DA:116,0
DA:117,0
DA:125,0
DA:126,0
DA:127,0
DA:130,0
DA:131,0
DA:137,0
DA:139,0
DA:140,0
DA:141,0
DA:142,0
DA:143,0
DA:148,0
DA:149,0
DA:154,0
DA:155,0
DA:159,0
DA:161,0
DA:162,0
DA:165,0
DA:166,0
DA:167,0
DA:169,0
DA:174,0
DA:175,0
DA:176,0
DA:179,0
DA:180,0
DA:181,0
DA:182,0
DA:183,0
DA:191,0
DA:192,0
DA:196,0
DA:197,0
DA:199,0
DA:200,0
DA:202,0
DA:205,0
DA:208,0
DA:209,0
DA:210,0
DA:211,0
DA:218,0
DA:219,0
DA:220,0
DA:221,0
DA:224,0
DA:226,0
DA:227,0
DA:231,0
DA:232,0
DA:233,0
DA:235,0
DA:236,0
DA:243,0
DA:244,0
DA:245,0
DA:249,0
DA:251,0
DA:252,0
DA:253,0
DA:254,0
DA:255,0
DA:256,0
DA:257,0
DA:258,0
DA:259,0
DA:262,0
DA:264,0
DA:265,0
DA:269,0
DA:270,0
DA:272,0
DA:274,0
DA:275,0
DA:276,0
DA:277,0
DA:280,0
DA:281,0
DA:283,0
DA:284,0
DA:285,0
DA:286,0
DA:287,0
DA:288,0
DA:289,0
DA:290,0
DA:292,0
DA:294,0
DA:296,0
DA:297,0
DA:298,0
DA:299,0
DA:302,0
DA:303,0
DA:304,0
DA:308,0
DA:309,0
DA:311,0
DA:312,0
DA:313,0
DA:314,0
DA:315,0
DA:316,0
DA:318,0
DA:328,0
DA:329,0
DA:330,0
DA:336,0
DA:337,0
DA:342,0
DA:343,0
DA:344,0
DA:348,0
DA:350,0
DA:351,0
DA:352,0
DA:353,0
DA:354,0
DA:355,0
DA:356,0
DA:357,0
DA:358,0
DA:361,0
DA:363,0
DA:364,0
DA:368,0
DA:369,0
DA:371,0
DA:372,0
DA:373,0
DA:374,0
DA:377,0
DA:378,0
DA:379,0
DA:380,0
DA:381,0
DA:382,0
DA:383,0
DA:384,0
DA:385,0
DA:386,0
DA:387,0
DA:388,0
DA:393,0
DA:394,0
DA:395,0
DA:397,0
DA:398,0
DA:399,0
DA:401,0
DA:404,0
DA:405,0
DA:406,0
DA:407,0
DA:408,0
DA:412,0
DA:414,0
DA:415,0
DA:424,0
DA:425,0
DA:430,0
DA:431,0
DA:432,0
DA:436,0
DA:438,0
DA:439,0
DA:440,0
DA:441,0
DA:442,0
DA:443,0
DA:444,0
DA:445,0
DA:448,0
DA:450,0
DA:451,0
DA:455,0
DA:456,0
DA:458,0
DA:459,0
DA:460,0
DA:461,0
DA:462,0
DA:466,0
DA:467,0
DA:468,0
DA:470,0
DA:471,0
DA:473,0
DA:476,0
DA:477,0
DA:478,0
DA:479,0
DA:480,0
DA:481,0
DA:487,0
DA:488,0
DA:493,0
DA:494,0
DA:496,0
DA:497,0
DA:498,0
DA:499,0
DA:500,0
DA:504,0
DA:506,0
DA:507,0
DA:509,0
DA:512,0
DA:514,0
DA:515,0
DA:523,0
DA:524,0
DA:525,0
DA:526,0
DA:528,0
DA:529,0
DA:530,0
DA:532,0
DA:534,0
DA:536,0
DA:538,0
DA:539,0
DA:551,0
DA:552,0
DA:553,0
DA:555,0
DA:556,0
DA:559,0
DA:562,0
DA:564,0
DA:565,0
DA:569,0
DA:571,0
DA:572,0
DA:580,0
DA:593,0
DA:594,0
DA:595,0
DA:597,0
DA:598,0
DA:601,0
DA:604,0
DA:606,0
DA:607,0
DA:611,0
DA:613,0
DA:614,0
DA:623,0
DA:625,0
DA:628,0
DA:632,0
DA:637,0
DA:638,0
DA:639,0
DA:640,0
DA:645,0
DA:646,0
DA:650,0
DA:651,0
DA:657,0
DA:658,0
DA:661,0
DA:662,0
DA:666,0
DA:670,0
DA:675,0
DA:677,0
DA:678,0
DA:679,0
DA:682,0
DA:683,0
DA:684,0
DA:687,0
DA:688,0
DA:689,0
DA:692,0
DA:693,0
DA:694,0
DA:697,0
DA:698,0
DA:702,0
DA:703,0
DA:704,0
DA:706,0
DA:708,0
LF:329
LH:1
end_of_record
SF:lib/screens/cost_analysis_dashboard_screen.dart
DA:30,18
DA:32,0
DA:33,0
DA:43,0
DA:45,0
DA:46,0
DA:48,0
DA:49,0
DA:50,0
DA:51,0
DA:52,0
DA:53,0
DA:56,0
DA:58,0
DA:60,0
DA:65,0
[...]
SF:lib/database/database_service.dart
DA:15,6
DA:18,6
DA:19,6
DA:27,4
DA:28,2
DA:33,2
DA:40,3
DA:42,3
DA:46,6
DA:47,0
DA:49,2
DA:61,1
DA:63,0
DA:66,0
DA:71,0
DA:72,0
DA:80,1
DA:81,2
DA:82,0
DA:89,0
DA:90,0
DA:98,2
DA:101,6
DA:102,0
DA:103,0
DA:106,0
DA:108,0
DA:109,0
DA:114,0
DA:119,0
DA:120,0
DA:123,0
DA:132,0
DA:134,0
DA:135,0
DA:137,0
DA:138,0
DA:140,0
DA:142,0
DA:151,0
DA:153,0
DA:154,0
DA:156,0
LF:43
LH:15
end_of_record
SF:lib/database/database_exceptions.dart
DA:12,0
DA:14,0
DA:16,0
DA:22,0
DA:23,0
DA:25,0
DA:26,0
DA:31,0
DA:32,0
DA:34,0
DA:35,0
DA:43,0
DA:48,0
DA:50,0
DA:52,0
DA:60,0
DA:65,0
DA:67,0
DA:69,0
DA:76,0
DA:82,0
DA:84,0
DA:86,0
DA:94,0
DA:99,0
DA:101,0
DA:103,0
DA:108,0
DA:109,0
DA:111,0
DA:112,0
DA:119,0
DA:120,0
DA:122,0
DA:124,0
DA:129,0
DA:130,0
DA:136,0
DA:137,0
DA:141,0
DA:142,0
DA:146,0
DA:152,0
DA:153,0
DA:156,0
DA:162,0
DA:163,0
DA:166,0
DA:172,0
DA:173,0
DA:174,0
DA:175,0
DA:181,0
DA:182,0
DA:183,0
DA:184,0
DA:190,0
DA:191,0
DA:197,0
DA:198,0
DA:199,0
DA:203,0
DA:204,0
DA:208,0
DA:209,0
DA:215,0
DA:219,0
DA:223,0
LF:68
LH:0
end_of_record
SF:lib/models/repositories/fuel_entry_repository.dart
DA:12,1
DA:13,0
DA:15,0
DA:17,0
DA:20,0
DA:21,0
DA:22,0
DA:23,0
DA:25,0
DA:27,0
DA:34,0
DA:37,0
DA:38,0
DA:39,0
DA:40,0
DA:42,0
DA:44,0
DA:46,0
DA:51,0
DA:57,0
DA:58,0
DA:59,0
DA:60,0
DA:61,0
DA:62,0
DA:64,0
DA:66,0
DA:73,0
DA:80,0
DA:81,0
DA:82,0
DA:83,0
DA:84,0
DA:85,0
DA:86,0
DA:88,0
DA:90,0
DA:97,0
DA:100,0
DA:101,0
DA:102,0
DA:103,0
DA:104,0
DA:106,0
DA:108,0
DA:110,0
DA:115,0
DA:118,0
DA:119,0
DA:120,0
DA:122,0
DA:124,0
DA:126,0
DA:131,0
DA:135,0
DA:136,0
DA:139,0
DA:140,0
DA:141,0
DA:143,0
DA:144,0
DA:150,0
DA:153,0
DA:154,0
DA:157,0
DA:158,0
DA:165,0
DA:168,0
DA:169,0
DA:171,0
DA:177,0
DA:179,0
DA:183,0
DA:184,0
DA:185,0
DA:190,0
DA:193,0
DA:194,0
DA:195,0
DA:197,0
DA:198,0
DA:204,0
DA:207,0
DA:208,0
DA:209,0
DA:211,0
DA:213,0
DA:214,0
DA:221,0
DA:224,0
DA:225,0
DA:226,0
DA:228,0
DA:230,0
DA:237,0
DA:240,0
DA:241,0
DA:242,0
DA:244,0
DA:246,0
DA:251,0
DA:254,0
DA:255,0
DA:256,0
DA:257,0
DA:259,0
DA:261,0
DA:268,0
DA:271,0
DA:272,0
DA:273,0
DA:274,0
DA:276,0
DA:278,0
DA:280,0
DA:285,0
DA:288,0
DA:289,0
DA:291,0
DA:292,0
DA:293,0
DA:294,0
DA:296,0
DA:302,0
DA:309,0
DA:312,0
DA:314,0
DA:315,0
DA:316,0
DA:318,0
DA:320,0
DA:321,0
DA:323,0
DA:325,0
LF:134
LH:1
end_of_record
SF:lib/models/repositories/vehicle_repository.dart
DA:14,1
DA:15,0
DA:17,0
DA:19,0
DA:22,0
DA:23,0
DA:24,0
DA:25,0
DA:27,0
DA:29,0
DA:36,0
DA:39,0
DA:40,0
DA:41,0
DA:43,0
DA:45,0
DA:47,0
DA:52,0
DA:56,0
DA:57,0
DA:58,0
DA:60,0
DA:61,0
DA:66,0
DA:68,0
DA:71,0
DA:75,0
DA:76,0
DA:79,0
DA:80,0
DA:87,0
DA:90,0
DA:91,0
DA:93,0
DA:99,0
DA:100,0
DA:101,0
DA:103,0
DA:104,0
DA:109,0
DA:110,0
DA:111,0
DA:114,0
DA:117,0
DA:121,0
DA:122,0
DA:123,0
DA:125,0
DA:127,0
DA:128,0
DA:135,0
DA:139,0
DA:140,0
DA:141,0
DA:142,0
DA:143,0
DA:145,0
DA:146,0
DA:149,0
DA:153,0
DA:154,0
DA:155,0
DA:157,0
DA:159,0
DA:160,0
DA:167,0
DA:170,0
DA:171,0
DA:174,0
DA:177,0
DA:180,0
DA:187,0
DA:190,0
DA:191,0
DA:192,0
DA:193,0
DA:195,0
DA:197,0
DA:205,0
DA:208,0
DA:209,0
DA:210,0
DA:211,0
DA:212,0
DA:215,0
DA:217,0
DA:219,0
DA:221,0
DA:227,0
DA:229,0
DA:232,0
DA:234,0
DA:242,0
DA:244,0
DA:246,0
DA:254,0
DA:256,0
DA:257,0
DA:259,0
DA:261,0
DA:262,0
DA:263,0
DA:264,0
DA:265,0
DA:266,0
DA:269,0
DA:270,0
DA:271,0
DA:272,0
DA:273,0
DA:274,0
DA:276,0
DA:279,0
DA:285,0
LF:114
LH:1
end_of_record
SF:lib/app.dart
DA:18,1
DA:20,1
DA:21,1
DA:28,1
DA:30,1
DA:31,1
DA:34,1
DA:35,2
DA:36,1
DA:37,1
DA:41,1
DA:43,0
DA:44,0
DA:45,0
DA:49,0
DA:50,0
DA:51,0
DA:52,0
DA:54,0
DA:60,0
DA:61,0
DA:64,0
DA:65,0
DA:68,1
DA:72,1
DA:75,1
DA:79,1
DA:80,1
DA:81,1
DA:82,1
DA:83,0
DA:84,0
DA:85,0
DA:88,0
DA:89,0
DA:90,0
DA:91,0
DA:96,0
DA:97,0
DA:98,0
DA:99,0
DA:100,0
DA:103,0
DA:111,1
DA:113,0
DA:116,0
LF:46
LH:19
end_of_record
SF:lib/screens/splash_screen.dart
DA:16,3
DA:22,2
DA:23,2
DA:39,2
DA:41,2
DA:42,2
DA:43,2
DA:46,2
DA:48,4
DA:49,4
DA:50,2
DA:53,2
DA:54,4
DA:59,4
DA:64,4
DA:67,4
DA:68,2
DA:72,4
DA:75,4
DA:76,2
DA:80,4
DA:83,4
DA:84,2
DA:89,4
DA:92,3
DA:93,1
DA:94,2
DA:99,2
DA:101,2
DA:102,2
DA:103,2
DA:104,4
DA:105,2
DA:106,2
DA:113,0
DA:115,0
DA:116,0
DA:119,0
DA:120,0
DA:121,0
DA:122,0
DA:124,0
DA:126,0
DA:131,0
DA:132,0
DA:133,0
DA:134,0
DA:135,0
DA:136,0
DA:139,0
DA:142,2
DA:144,2
DA:145,6
DA:146,2
DA:147,2
DA:149,2
DA:150,2
DA:154,2
DA:155,2
DA:156,2
DA:157,2
DA:158,4
DA:159,2
DA:160,4
DA:161,2
DA:170,2
DA:171,2
DA:172,2
DA:173,2
DA:174,4
DA:175,2
DA:177,8
DA:178,6
DA:190,2
DA:191,2
DA:192,2
DA:193,2
DA:194,6
DA:195,2
DA:197,8
DA:198,8
DA:209,2
DA:210,2
DA:211,2
DA:212,2
DA:213,4
DA:214,2
DA:215,0
DA:216,2
DA:224,2
DA:225,2
DA:226,2
DA:227,2
DA:228,6
DA:229,2
DA:231,8
DA:232,8
DA:245,2
DA:246,2
DA:249,2
DA:251,6
DA:252,2
DA:253,2
DA:254,2
DA:260,2
DA:263,6
DA:268,2
DA:269,2
DA:270,2
DA:272,2
DA:274,2
DA:275,2
DA:276,8
DA:277,2
DA:278,6
DA:287,2
DA:288,2
DA:289,8
DA:290,8
DA:298,2
DA:299,8
DA:300,8
DA:301,8
DA:308,0
DA:309,0
DA:310,0
DA:312,0
DA:315,0
DA:321,0
DA:323,0
DA:324,0
DA:333,0
DA:334,0
DA:335,0
DA:336,0
DA:341,0
DA:343,0
DA:344,0
DA:345,0
DA:346,0
DA:352,0
DA:355,0
DA:356,0
DA:357,0
DA:360,0
DA:361,0
DA:362,0
DA:373,1
DA:375,1
DA:377,1
DA:378,3
DA:379,1
DA:380,1
DA:382,1
DA:383,1
DA:386,1
DA:388,3
DA:390,1
DA:393,3
DA:397,1
DA:399,4
DA:400,3
DA:405,1
DA:406,1
DA:407,3
LF:165
LH:124
end_of_record
SF:lib/screens/initialization_error_screen.dart
DA:19,1
DA:26,1
DA:27,1
DA:35,1
DA:37,1
DA:38,1
DA:41,1
DA:43,1
DA:44,1
DA:45,2
DA:46,1
DA:54,0
DA:55,0
DA:57,0
DA:58,0
DA:62,0
DA:63,0
DA:65,0
DA:66,0
DA:67,0
DA:73,0
DA:74,0
DA:75,0
DA:77,0
DA:85,0
DA:86,0
DA:87,0
DA:88,0
DA:89,0
DA:90,0
DA:92,0
DA:93,0
DA:96,0
DA:97,0
DA:100,0
DA:101,0
DA:102,0
DA:104,0
DA:105,0
DA:106,0
DA:109,0
DA:112,0
DA:113,0
DA:115,0
DA:118,1
DA:120,1
DA:121,3
DA:122,1
DA:123,1
DA:125,1
DA:126,1
DA:127,1
DA:128,1
DA:129,1
DA:131,1
DA:135,1
DA:138,1
DA:140,3
DA:141,1
DA:142,1
DA:143,1
DA:149,1
DA:152,3
DA:159,1
DA:161,4
DA:162,3
DA:171,1
DA:172,3
DA:173,4
DA:174,3
DA:179,4
DA:181,1
DA:183,1
DA:184,4
DA:185,1
DA:187,1
DA:188,1
DA:189,1
DA:191,3
DA:194,1
DA:195,1
DA:196,3
DA:197,4
DA:198,3
DA:207,1
DA:210,1
DA:212,1
DA:215,1
DA:222,1
DA:230,1
DA:231,1
DA:232,1
DA:235,1
DA:236,1
DA:237,2
DA:238,1
DA:241,1
DA:242,1
DA:244,1
DA:246,1
DA:247,5
DA:248,4
DA:250,3
DA:251,0
DA:253,3
DA:260,0
DA:263,0
DA:264,0
DA:265,0
DA:267,0
DA:268,0
DA:277,1
DA:280,1
DA:282,1
DA:283,1
DA:296,1
DA:297,1
DA:299,1
DA:301,1
DA:302,1
DA:304,1
DA:305,1
DA:309,1
DA:310,1
DA:317,1
DA:318,1
DA:332,1
DA:333,1
DA:336,1
DA:337,1
DA:339,1
DA:341,1
DA:342,2
DA:343,4
DA:352,1
DA:353,1
DA:354,1
DA:356,1
DA:357,1
DA:358,4
DA:359,1
DA:360,1
DA:361,2
DA:362,1
DA:369,2
DA:370,1
DA:371,4
DA:372,4
DA:380,1
DA:381,1
DA:382,2
DA:385,1
DA:396,1
DA:398,5
DA:399,5
LF:155
LH:115
end_of_record
SF:lib/services/app_initialization_service.dart
DA:28,3
DA:29,3
DA:33,3
DA:34,3
DA:35,2
DA:38,2
DA:39,2
DA:40,0
DA:43,0
DA:44,0
DA:45,0
DA:48,0
DA:49,0
DA:50,0
DA:53,0
DA:54,0
DA:55,0
DA:57,0
DA:59,1
DA:60,1
DA:65,1
DA:66,1
DA:74,3
DA:79,0
DA:83,6
DA:84,2
DA:86,1
DA:87,1
DA:97,2
DA:101,0
DA:105,4
DA:107,0
DA:114,0
DA:116,0
DA:118,0
DA:119,0
DA:120,0
DA:128,0
DA:131,0
DA:132,0
DA:134,0
DA:135,0
DA:143,0
DA:147,0
DA:152,0
DA:153,0
DA:154,0
DA:155,0
DA:160,0
DA:165,0
DA:167,0
DA:168,0
DA:178,0
DA:181,0
DA:182,0
DA:183,0
DA:184,0
DA:185,0
DA:186,0
DA:187,0
DA:188,0
DA:189,0
DA:190,0
DA:191,0
DA:194,0
DA:196,0
DA:197,0
DA:204,0
DA:206,0
DA:211,0
DA:214,0
DA:216,0
DA:217,0
DA:218,0
DA:226,0
DA:228,0
DA:233,0
DA:235,0
DA:240,0
DA:242,0
DA:247,0
DA:249,0
DA:254,0
DA:256,0
DA:261,0
DA:267,0
DA:269,0
DA:270,0
DA:277,0
DA:282,0
DA:284,0
DA:285,0
DA:292,1
DA:297,2
DA:301,1
DA:302,1
DA:303,1
DA:304,2
DA:305,1
DA:309,0
DA:310,1
DA:312,0
DA:313,0
DA:314,0
DA:315,0
DA:320,0
DA:328,1
DA:330,0
DA:332,1
DA:334,1
DA:335,1
DA:358,5
DA:366,1
DA:368,2
DA:369,1
DA:370,3
DA:376,3
DA:377,6
DA:379,6
DA:381,6
LF:120
LH:39
end_of_record
SF:lib/utils/currency_formatter.dart
DA:15,1
DA:21,1
DA:23,1
DA:24,1
DA:26,1
DA:27,1
DA:30,1
DA:31,1
DA:33,1
DA:40,1
DA:45,1
DA:46,1
DA:47,1
DA:51,1
DA:52,1
DA:53,1
DA:57,2
DA:58,1
DA:61,2
DA:62,1
DA:68,1
DA:76,1
DA:85,2
DA:89,1
DA:95,1
DA:101,1
DA:107,2
DA:113,1
DA:119,1
DA:120,1
DA:126,1
DA:132,1
DA:133,1
DA:134,1
DA:140,1
DA:141,1
DA:142,2
DA:148,1
DA:153,1
DA:154,1
DA:157,1
DA:158,1
DA:163,1
DA:165,1
DA:166,1
DA:168,1
DA:171,1
DA:174,1
DA:177,1
DA:179,1
DA:186,1
DA:191,1
DA:192,1
DA:193,1
DA:196,2
DA:197,2
DA:198,2
DA:202,1
DA:203,1
DA:205,2
DA:211,1
DA:212,1
DA:213,1
DA:219,1
DA:223,2
DA:224,2
DA:225,2
DA:226,1
DA:228,1
DA:237,1
DA:246,1
DA:255,1
DA:260,1
DA:261,1
DA:262,1
DA:263,1
DA:264,1
DA:267,2
DA:268,1
DA:269,3
DA:272,1
DA:275,1
DA:276,1
DA:277,1
DA:281,2
DA:285,1
DA:286,3
DA:287,1
DA:288,1
DA:289,3
DA:291,3
LF:91
LH:91
end_of_record
SF:lib/models/currency/currency_conversion.dart
DA:27,1
DA:38,0
DA:39,0
DA:40,0
DA:41,0
DA:42,0
DA:43,0
DA:44,0
DA:45,0
DA:46,0
DA:47,0
DA:53,0
DA:54,0
DA:55,0
DA:56,0
DA:57,0
DA:58,0
DA:59,0
DA:60,0
DA:61,0
DA:66,0
DA:75,0
DA:76,0
DA:77,0
DA:78,0
DA:79,0
DA:80,0
DA:81,0
DA:82,0
DA:86,0
DA:89,0
DA:90,0
DA:91,0
DA:92,0
DA:93,0
DA:94,0
DA:95,0
DA:96,0
DA:99,0
DA:101,0
DA:102,0
DA:103,0
DA:104,0
DA:105,0
DA:106,0
DA:107,0
DA:108,0
DA:112,0
DA:114,0
DA:121,0
DA:122,0
DA:124,0
DA:128,0
DA:129,0
DA:130,0
DA:131,0
DA:132,0
DA:133,0
DA:134,0
DA:135,0
DA:136,0
DA:142,0
DA:143,0
DA:144,0
DA:145,0
DA:149,0
DA:150,0
DA:154,0
DA:155,0
DA:159,0
DA:160,0
DA:164,0
DA:168,0
DA:169,0
DA:170,0
DA:174,0
DA:175,0
DA:176,0
DA:180,0
DA:183,0
DA:184,0
DA:185,0
DA:186,0
DA:187,0
DA:188,0
DA:189,0
DA:193,0
DA:195,0
DA:196,0
DA:197,0
DA:198,0
DA:199,0
DA:200,0
DA:201,0
DA:202,0
DA:203,0
DA:204,0
DA:205,0
DA:206,0
DA:207,0
DA:209,0
LF:101
LH:1
end_of_record
SF:lib/main.dart
DA:15,0
DA:17,0
DA:21,0
DA:24,0
DA:25,0
DA:34,2
DA:36,1
DA:40,2
DA:45,0
DA:49,0
DA:50,0
DA:51,0
DA:53,0
DA:58,0
DA:59,0
DA:60,0
DA:61,0
DA:63,0
DA:64,0
LF:19
LH:3
end_of_record
SF:lib/api/dto/api_response_dto.dart
DA:13,0
DA:20,0
DA:21,0
DA:23,0
DA:34,0
DA:41,0
DA:45,0
DA:47,0
DA:48,0
DA:51,0
DA:52,0
DA:60,0
DA:66,0
DA:68,0
DA:85,0
DA:91,0
DA:92,0
DA:94,0
LF:18
LH:0
end_of_record
SF:lib/api/dto/api_response_dto.g.dart
DA:9,0
DA:10,0
DA:11,0
DA:12,0
DA:13,0
DA:14,0
DA:15,0
DA:18,0
DA:19,0
DA:20,0
DA:21,0
DA:22,0
DA:23,0
DA:26,0
DA:29,0
DA:30,0
DA:31,0
DA:32,0
DA:33,0
DA:35,0
DA:38,0
DA:41,0
DA:42,0
DA:43,0
DA:44,0
DA:45,0
DA:48,0
DA:51,0
DA:53,0
DA:56,0
DA:58,0
DA:59,0
DA:60,0
DA:61,0
DA:62,0
DA:65,0
DA:66,0
DA:67,0
DA:68,0
DA:69,0
LF:40
LH:0
end_of_record
SF:lib/api/dto/fuel_entry_dto.dart
DA:20,1
DA:31,1
DA:32,1
DA:34,0
DA:37,1
DA:38,2
DA:39,1
DA:40,1
DA:42,1
DA:43,1
DA:44,1
DA:45,1
DA:46,1
DA:47,1
DA:66,0
DA:78,0
DA:79,0
DA:81,0
DA:84,0
DA:85,0
DA:86,0
DA:87,0
DA:88,0
DA:89,0
DA:90,0
DA:91,0
DA:92,0
DA:93,0
DA:94,0
DA:104,1
DA:108,1
DA:109,1
DA:111,2
DA:120,0
DA:125,0
DA:126,0
DA:128,0
DA:137,0
DA:142,0
DA:143,0
DA:145,0
DA:155,0
DA:161,0
DA:162,0
DA:164,0
LF:45
LH:17
end_of_record
SF:lib/api/dto/fuel_entry_dto.g.dart
DA:9,1
DA:10,1
DA:11,2
DA:12,1
DA:13,2
DA:14,2
DA:15,2
DA:16,1
DA:17,2
DA:18,1
DA:21,0
DA:22,0
DA:23,0
DA:24,0
DA:25,0
DA:26,0
DA:27,0
DA:28,0
DA:29,0
DA:30,0
DA:33,0
DA:35,0
DA:36,0
DA:37,0
DA:38,0
DA:39,0
DA:40,0
DA:41,0
DA:42,0
DA:43,0
DA:44,0
DA:47,0
DA:49,0
DA:50,0
DA:51,0
DA:52,0
DA:53,0
DA:54,0
DA:55,0
DA:56,0
DA:57,0
DA:58,0
DA:61,1
DA:62,1
DA:63,1
DA:64,3
DA:65,1
DA:68,1
DA:69,2
DA:71,0
DA:73,0
DA:74,0
DA:75,0
DA:76,0
DA:77,0
DA:80,0
DA:82,0
DA:84,0
DA:85,0
DA:86,0
DA:87,0
DA:88,0
DA:89,0
DA:90,0
DA:93,0
DA:94,0
DA:95,0
DA:96,0
DA:99,0
DA:100,0
DA:101,0
DA:102,0
DA:103,0
DA:104,0
DA:105,0
DA:106,0
DA:107,0
DA:108,0
DA:109,0
DA:112,0
DA:114,0
DA:115,0
DA:116,0
DA:117,0
LF:84
LH:17
end_of_record
SF:lib/api/dto/vehicle_dto.dart
DA:12,1
DA:17,1
DA:18,1
DA:20,0
DA:23,1
DA:24,1
DA:25,1
DA:26,1
DA:39,1
DA:46,1
DA:47,1
DA:49,2
DA:52,0
DA:53,0
DA:54,0
DA:55,0
DA:56,0
DA:57,0
DA:67,1
DA:71,1
DA:72,1
DA:74,2
DA:83,0
DA:88,0
DA:89,0
DA:91,0
LF:26
LH:15
end_of_record
SF:lib/api/dto/vehicle_dto.g.dart
DA:9,1
DA:10,1
DA:11,1
DA:12,2
DA:15,0
DA:16,0
DA:18,1
DA:19,1
DA:20,2
DA:21,1
DA:22,2
DA:23,2
DA:26,1
DA:27,1
DA:28,1
DA:29,1
DA:30,1
DA:31,2
DA:34,1
DA:35,1
DA:36,1
DA:37,3
DA:38,1
DA:41,1
DA:42,2
DA:44,0
DA:46,0
DA:47,0
DA:48,0
DA:49,0
DA:50,0
DA:53,0
DA:55,0
LF:33
LH:23
end_of_record
SF:lib/api/rest_api_provider.dart
DA:9,0
DA:15,0
DA:17,0
DA:18,0
DA:23,3
DA:24,0
DA:25,0
DA:28,0
DA:29,0
DA:34,0
DA:37,0
DA:40,0
LF:12
LH:1
end_of_record
SF:lib/api/rest_api_service.dart
DA:28,1
DA:34,0
DA:36,0
DA:42,0
DA:47,0
DA:48,0
DA:49,0
DA:50,0
DA:51,0
DA:52,0
DA:54,0
DA:55,0
DA:56,0
DA:57,0
DA:58,0
DA:59,0
DA:60,0
DA:61,0
DA:62,0
DA:63,0
DA:64,0
DA:65,0
DA:66,0
DA:67,0
DA:69,0
DA:75,1
DA:76,1
DA:77,1
DA:78,1
DA:82,0
DA:83,0
DA:86,0
DA:89,0
DA:90,0
DA:91,0
DA:94,0
DA:95,0
DA:96,0
DA:99,0
DA:100,0
DA:101,0
DA:102,0
DA:108,0
DA:109,0
DA:110,0
DA:111,0
DA:112,0
DA:114,0
DA:120,0
DA:121,0
DA:123,0
DA:125,0
DA:127,0
DA:130,0
DA:133,0
DA:136,0
DA:137,0
DA:138,0
DA:145,0
DA:146,0
DA:148,0
DA:152,0
DA:157,0
DA:158,0
DA:159,0
DA:164,0
DA:166,0
DA:167,0
DA:168,0
DA:169,0
DA:171,0
DA:176,0
DA:177,0
DA:178,0
DA:181,0
DA:186,0
DA:188,0
DA:189,0
DA:190,0
DA:191,0
DA:194,0
DA:195,0
DA:196,0
DA:199,0
DA:200,0
DA:201,0
DA:203,0
DA:208,0
DA:209,0
DA:210,0
DA:213,0
DA:218,0
DA:220,0
DA:221,0
DA:224,0
DA:227,0
DA:228,0
DA:230,0
DA:234,0
DA:235,0
DA:236,0
DA:239,0
DA:244,0
DA:246,0
DA:247,0
DA:248,0
DA:249,0
DA:251,0
DA:256,0
DA:257,0
DA:258,0
DA:261,0
DA:266,0
DA:268,0
DA:269,0
DA:270,0
DA:271,0
DA:274,0
DA:275,0
DA:276,0
DA:279,0
DA:280,0
DA:281,0
DA:283,0
DA:288,0
DA:289,0
DA:290,0
DA:293,0
DA:298,0
DA:300,0
DA:301,0
DA:304,0
DA:307,0
DA:308,0
DA:310,0
DA:314,0
DA:315,0
DA:316,0
DA:319,0
DA:324,0
DA:326,0
DA:327,0
DA:328,0
DA:330,0
DA:331,0
DA:333,0
DA:335,0
DA:337,0
DA:338,0
DA:340,0
DA:341,0
DA:342,0
DA:346,0
DA:347,0
DA:349,0
DA:353,0
DA:358,0
DA:359,0
DA:360,0
DA:363,0
DA:368,0
DA:370,0
DA:371,0
DA:372,0
DA:374,0
DA:375,0
DA:377,0
DA:379,0
DA:381,0
DA:382,0
DA:384,0
DA:385,0
DA:386,0
DA:390,0
DA:391,0
DA:393,0
DA:397,0
DA:402,0
DA:403,0
DA:404,0
DA:407,0
DA:412,0
DA:414,0
DA:415,0
DA:416,0
DA:418,0
DA:419,0
DA:420,0
DA:423,0
DA:424,0
DA:426,0
DA:428,0
DA:429,0
DA:431,0
DA:432,0
DA:433,0
DA:437,0
DA:438,0
DA:440,0
DA:446,0
DA:447,0
DA:449,0
DA:451,0
DA:452,0
DA:454,0
DA:455,0
DA:456,0
DA:460,0
DA:461,0
DA:463,0
DA:468,0
DA:474,0
DA:475,0
DA:476,0
DA:479,0
DA:484,0
DA:487,0
DA:488,0
DA:491,0
DA:492,0
DA:494,0
DA:498,0
DA:499,0
DA:500,0
DA:503,0
DA:508,0
DA:514,0
DA:521,0
DA:523,0
DA:524,0
LF:230
LH:5
end_of_record
SF:lib/debug/web_auto_population.dart
DA:13,0
DA:16,0
DA:24,0
DA:25,0
DA:27,0
DA:29,0
DA:30,0
DA:31,0
DA:36,0
DA:38,0
DA:39,0
DA:40,0
DA:41,0
DA:42,0
DA:44,0
DA:46,0
DA:51,0
DA:52,0
DA:57,0
DA:58,0
DA:61,0
DA:63,0
DA:64,0
DA:71,0
DA:72,0
DA:73,0
DA:78,0
DA:79,0
DA:84,0
DA:85,0
DA:88,0
DA:90,0
DA:91,0
DA:98,0
DA:99,0
DA:100,0
DA:105,0
DA:106,0
DA:111,0
DA:112,0
DA:115,0
DA:120,0
DA:122,0
DA:123,0
DA:124,0
DA:127,0
DA:130,0
DA:131,0
DA:132,0
DA:133,0
DA:136,0
DA:137,0
DA:138,0
DA:141,0
DA:144,0
DA:145,0
DA:146,0
DA:149,0
DA:150,0
DA:151,0
DA:152,0
DA:155,0
DA:158,0
DA:161,0
DA:162,0
DA:163,0
DA:165,0
DA:166,0
DA:167,0
DA:168,0
DA:169,0
DA:170,0
DA:174,0
DA:177,0
DA:178,0
DA:181,0
DA:185,0
DA:186,0
DA:191,0
DA:192,0
DA:195,0
DA:197,0
DA:198,0
DA:205,0
DA:206,0
DA:207,0
DA:208,0
DA:214,0
DA:215,0
DA:220,0
DA:221,0
DA:224,0
DA:226,0
DA:227,0
DA:233,0
DA:240,0
DA:241,0
DA:242,0
DA:243,0
DA:244,0
DA:245,0
DA:246,0
DA:252,0
DA:253,0
DA:256,0
DA:260,0
DA:263,0
DA:264,0
DA:266,0
DA:269,0
DA:270,0
DA:275,0
DA:278,0
DA:290,0
DA:293,0
DA:296,0
DA:300,0
DA:315,0
DA:319,0
DA:321,0
DA:322,0
DA:323,0
DA:326,0
DA:327,0
DA:328,0
DA:332,0
DA:333,0
DA:335,0
DA:338,0
DA:339,0
DA:340,0
DA:341,0
DA:344,0
DA:345,0
DA:346,0
DA:351,0
DA:354,0
DA:363,0
DA:366,0
DA:370,0
DA:374,0
DA:375,0
DA:379,0
DA:380,0
DA:381,0
DA:382,0
DA:387,0
DA:388,0
DA:389,0
DA:390,0
DA:396,0
DA:397,0
LF:152
LH:0
end_of_record
SF:lib/debug/web_data_injector.dart
DA:14,0
DA:19,0
DA:23,0
DA:26,0
DA:27,0
DA:28,0
DA:29,0
DA:32,0
DA:33,0
DA:43,0
DA:44,0
DA:46,0
DA:54,0
DA:59,0
DA:60,0
DA:64,0
DA:66,0
DA:67,0
DA:70,0
DA:73,0
DA:74,0
DA:75,0
DA:78,0
DA:80,0
DA:83,0
DA:84,0
DA:90,0
DA:92,0
DA:93,0
DA:97,0
DA:99,0
DA:100,0
DA:101,0
DA:103,0
DA:104,0
DA:105,0
DA:107,0
DA:108,0
DA:110,0
DA:112,0
DA:123,0
DA:128,0
DA:132,0
DA:137,0
DA:141,0
DA:146,0
DA:150,0
DA:155,0
DA:159,0
DA:164,0
DA:168,0
DA:173,0
DA:178,0
DA:180,0
DA:181,0
DA:182,0
DA:184,0
DA:185,0
DA:186,0
DA:188,0
DA:189,0
DA:191,0
DA:193,0
DA:206,0
DA:214,0
DA:216,0
DA:217,0
DA:219,0
DA:220,0
DA:221,0
DA:223,0
DA:225,0
DA:226,0
DA:227,0
DA:229,0
DA:232,0
DA:233,0
DA:235,0
DA:236,0
DA:238,0
DA:239,0
DA:242,0
DA:244,0
DA:245,0
DA:251,0
DA:254,0
DA:262,0
DA:264,0
DA:265,0
DA:269,0
DA:271,0
DA:272,0
DA:278,0
DA:281,0
DA:282,0
DA:283,0
DA:284,0
DA:292,0
DA:295,0
DA:300,0
DA:303,0
DA:304,0
DA:306,0
DA:307,0
DA:308,0
DA:309,0
DA:310,0
DA:311,0
DA:312,0
DA:315,0
DA:316,0
DA:319,0
DA:322,0
DA:323,0
DA:329,0
DA:332,0
DA:333,0
DA:334,0
DA:335,0
DA:343,0
DA:346,0
DA:351,0
DA:354,0
DA:355,0
DA:357,0
DA:358,0
DA:359,0
DA:360,0
DA:361,0
DA:362,0
DA:363,0
DA:364,0
DA:365,0
DA:366,0
DA:367,0
DA:368,0
DA:371,0
DA:372,0
DA:373,0
DA:375,0
DA:376,0
DA:377,0
DA:378,0
DA:379,0
DA:380,0
DA:383,0
DA:384,0
DA:385,0
DA:386,0
DA:388,0
DA:391,0
DA:394,0
DA:395,0
DA:401,0
DA:404,0
DA:405,0
DA:406,0
DA:407,0
DA:415,0
DA:416,0
DA:417,0
DA:418,0
DA:421,0
DA:424,0
DA:429,0
DA:432,0
DA:433,0
DA:435,0
DA:436,0
DA:437,0
DA:438,0
DA:439,0
DA:440,0
DA:441,0
DA:442,0
DA:443,0
DA:444,0
DA:445,0
DA:448,0
DA:451,0
DA:452,0
DA:458,0
DA:461,0
DA:462,0
DA:463,0
DA:464,0
DA:472,0
DA:475,0
DA:476,0
DA:477,0
DA:480,0
DA:481,0
DA:482,0
DA:485,0
DA:486,0
DA:487,0
DA:494,0
DA:497,0
DA:500,0
DA:502,0
DA:503,0
DA:509,0
DA:512,0
DA:513,0
DA:514,0
DA:515,0
DA:523,0
DA:526,0
DA:531,0
DA:534,0
DA:535,0
DA:542,0
DA:544,0
DA:553,0
DA:562,0
DA:571,0
DA:580,0
DA:589,0
DA:598,0
DA:608,0
DA:609,0
DA:610,0
DA:612,0
DA:613,0
DA:614,0
DA:615,0
DA:616,0
DA:617,0
DA:621,0
DA:624,0
DA:627,0
DA:628,0
DA:635,0
DA:638,0
DA:639,0
DA:640,0
DA:641,0
LF:237
LH:0
end_of_record
SF:lib/services/currency_service.dart
DA:41,4
DA:47,3
DA:49,9
DA:50,3
DA:51,9
DA:53,3
DA:66,3
DA:76,1
DA:80,1
DA:86,1
DA:90,2
DA:91,1
DA:92,1
DA:93,1
DA:94,1
DA:95,1
DA:96,2
DA:99,1
DA:100,1
DA:101,2
DA:102,1
DA:103,2
DA:104,1
DA:105,2
DA:106,2
DA:110,3
DA:112,15
DA:113,6
DA:126,6
DA:128,3
DA:140,3
DA:141,6
DA:142,3
DA:149,3
DA:150,6
DA:151,3
DA:152,3
DA:159,3
DA:160,3
DA:165,6
DA:168,6
DA:171,3
DA:173,3
DA:174,6
DA:180,3
DA:181,3
DA:182,3
DA:184,3
DA:186,3
DA:187,6
DA:193,0
DA:194,0
DA:203,3
DA:204,6
DA:207,3
DA:208,3
DA:212,5
DA:214,2
DA:218,2
DA:220,0
DA:221,0
DA:222,0
DA:225,0
DA:226,0
DA:227,0
DA:228,0
DA:229,0
DA:233,0
DA:236,0
DA:238,0
DA:239,0
DA:244,0
DA:245,0
DA:246,0
DA:247,0
DA:249,0
DA:250,0
DA:251,0
DA:252,0
DA:255,0
DA:257,0
DA:260,3
DA:261,2
DA:267,2
DA:269,2
DA:277,0
DA:280,0
DA:281,0
DA:282,0
DA:284,0
DA:285,0
DA:286,0
DA:290,0
DA:291,0
DA:292,0
DA:294,0
DA:295,0
DA:299,0
DA:300,0
DA:304,0
DA:312,3
DA:315,9
DA:316,3
DA:317,3
DA:320,6
DA:324,3
DA:325,6
DA:331,3
DA:332,3
DA:333,9
DA:337,6
DA:338,6
DA:340,3
DA:341,6
DA:347,2
DA:348,2
DA:357,3
DA:359,3
DA:364,2
DA:366,2
DA:367,2
DA:373,2
DA:383,3
DA:388,2
DA:394,3
DA:401,3
DA:402,1
DA:411,3
DA:415,3
DA:417,3
DA:419,1
DA:420,1
DA:426,1
DA:428,1
DA:429,1
DA:430,0
DA:431,0
DA:436,1
DA:439,0
DA:440,0
DA:442,0
DA:443,0
DA:444,0
DA:450,0
DA:453,3
DA:455,3
DA:461,3
DA:464,3
DA:465,3
DA:471,2
DA:472,2
DA:481,1
DA:483,1
DA:484,2
DA:485,2
DA:488,2
DA:489,1
DA:492,1
DA:493,1
DA:495,1
DA:500,0
DA:501,0
DA:505,0
DA:513,1
DA:515,1
DA:516,1
DA:517,4
DA:518,4
DA:520,1
DA:521,1
DA:522,1
DA:523,2
DA:524,1
DA:528,1
DA:529,2
DA:530,1
DA:531,1
DA:532,2
DA:534,1
DA:538,0
DA:539,0
DA:543,0
LF:182
LH:129
end_of_record
SF:lib/services/ephemeral_initialization_service.dart
DA:17,1
DA:18,1
DA:22,1
DA:25,1
DA:28,1
DA:30,1
DA:32,0
DA:33,0
DA:43,1
DA:46,1
DA:50,1
DA:53,1
DA:57,1
DA:64,1
DA:65,1
DA:66,1
DA:67,2
DA:69,1
DA:74,1
DA:75,1
LF:20
LH:18
end_of_record
