SF:lib/models/vehicle_model.dart
DA:11,1
DA:19,0
DA:20,0
DA:21,0
DA:22,0
DA:23,0
DA:24,0
DA:29,1
DA:33,1
DA:36,1
DA:41,0
DA:42,0
DA:43,0
DA:44,0
DA:45,0
DA:50,0
DA:51,0
DA:52,0
DA:53,0
DA:54,0
DA:55,0
DA:60,0
DA:61,0
DA:64,0
DA:65,0
DA:66,0
DA:67,0
DA:68,0
DA:69,0
DA:73,0
DA:74,0
DA:81,0
DA:84,1
DA:90,1
DA:91,1
DA:92,1
DA:93,1
DA:94,1
DA:98,0
DA:101,0
DA:102,0
DA:103,0
DA:104,0
DA:105,0
DA:108,1
DA:110,5
DA:113,1
DA:115,5
LF:48
LH:14
end_of_record
SF:lib/providers/vehicle_providers.g.dart
DA:9,1
DA:13,0
DA:15,1
DA:17,2
DA:19,4
DA:20,2
DA:23,1
DA:25,4
DA:27,2
DA:28,4
DA:45,1
DA:50,1
DA:51,1
DA:54,0
DA:56,0
DA:61,0
DA:66,0
DA:70,0
DA:81,1
DA:82,1
DA:83,2
DA:94,1
DA:102,1
DA:106,0
DA:110,0
DA:112,0
DA:113,0
DA:114,0
DA:119,0
DA:124,1
DA:126,1
DA:129,1
DA:131,4
DA:134,1
DA:136,3
DA:137,3
DA:139,1
DA:153,1
DA:155,0
DA:156,0
DA:159,1
DA:174,1
DA:179,1
DA:180,1
DA:183,0
DA:187,0
DA:192,0
DA:197,0
DA:201,0
DA:212,1
DA:213,1
DA:214,2
DA:231,1
DA:240,1
DA:245,0
DA:249,0
DA:251,0
DA:252,0
DA:253,0
DA:258,0
DA:259,0
DA:264,1
DA:266,1
DA:269,1
DA:271,1
DA:272,3
DA:273,3
DA:276,1
DA:278,3
DA:279,3
DA:280,3
DA:282,1
DA:299,1
DA:301,0
DA:302,0
DA:303,0
DA:304,0
DA:307,1
DA:313,3
DA:326,1
DA:341,1
DA:346,1
DA:347,1
DA:350,0
DA:354,0
DA:359,0
DA:364,0
DA:368,0
DA:380,1
DA:381,1
DA:382,2
DA:394,1
DA:402,1
DA:406,0
DA:410,0
DA:412,0
DA:413,0
DA:414,0
DA:419,0
DA:424,1
DA:426,1
DA:429,1
DA:431,4
DA:434,1
DA:436,3
DA:437,3
DA:439,1
DA:453,1
DA:455,0
DA:456,0
DA:459,0
DA:465,0
DA:466,0
DA:480,1
DA:487,3
DA:500,1
DA:506,2
DA:507,1
LF:118
LH:72
end_of_record
SF:lib/providers/vehicle_providers.dart
DA:8,3
DA:12,1
DA:13,1
DA:35,2
DA:46,0
DA:49,0
DA:52,0
DA:53,0
DA:56,0
DA:59,0
DA:66,1
DA:75,1
DA:76,1
DA:77,1
DA:79,0
DA:80,1
DA:81,1
DA:82,1
DA:86,0
DA:89,0
DA:90,0
DA:91,0
DA:92,0
DA:93,0
DA:94,0
DA:97,0
DA:98,0
DA:99,0
DA:100,0
DA:101,0
DA:102,0
DA:103,0
DA:110,1
DA:112,1
DA:116,1
DA:119,3
DA:120,1
DA:123,1
DA:126,0
DA:127,0
DA:135,1
DA:136,1
DA:137,4
DA:141,1
DA:142,2
DA:143,3
DA:153,1
DA:154,1
DA:155,2
DA:157,2
DA:158,3
DA:160,2
DA:161,1
DA:165,1
DA:169,0
DA:170,0
DA:171,0
DA:172,0
DA:181,1
DA:182,1
DA:183,0
DA:186,2
DA:187,3
DA:197,3
DA:199,2
DA:200,1
DA:201,5
DA:202,1
DA:204,2
DA:205,1
DA:209,1
DA:213,0
DA:214,0
DA:215,0
DA:216,0
DA:225,1
DA:226,2
DA:227,3
DA:237,2
DA:239,2
DA:240,1
DA:241,4
DA:242,1
DA:244,2
DA:245,1
DA:249,1
DA:253,0
DA:254,0
DA:255,0
DA:256,0
DA:265,0
DA:266,0
DA:267,0
DA:268,0
DA:273,0
DA:274,0
DA:279,1
DA:282,2
DA:286,1
DA:289,4
DA:290,4
DA:291,2
DA:296,1
DA:299,2
DA:303,1
DA:307,1
DA:311,0
DA:314,0
DA:315,0
DA:316,0
DA:317,0
DA:318,0
DA:321,0
DA:325,1
DA:329,2
LF:115
LH:66
end_of_record
SF:lib/models/vehicle_statistics.dart
DA:20,1
DA:37,1
DA:38,1
DA:47,1
DA:52,0
DA:56,0
DA:57,0
DA:65,0
DA:72,0
DA:73,0
DA:74,0
DA:77,0
DA:78,0
DA:79,0
DA:80,0
DA:83,0
DA:86,0
DA:92,0
DA:93,0
DA:96,0
DA:97,0
DA:100,0
DA:106,0
DA:107,0
DA:109,0
DA:110,0
DA:114,0
DA:115,0
DA:116,0
DA:117,0
DA:120,0
DA:122,0
DA:138,0
DA:139,0
DA:140,0
DA:144,0
DA:145,0
DA:149,0
DA:150,0
DA:151,0
DA:155,0
DA:156,0
DA:160,0
DA:161,0
DA:165,0
DA:166,0
DA:168,0
DA:169,0
DA:170,0
DA:174,0
DA:175,0
DA:177,0
DA:178,0
DA:179,0
DA:180,0
DA:185,0
DA:200,0
DA:201,0
DA:202,0
DA:203,0
DA:204,0
DA:205,0
DA:206,0
DA:207,0
DA:208,0
DA:209,0
DA:210,0
DA:211,0
DA:212,0
DA:213,0
DA:217,0
DA:220,0
DA:221,0
DA:222,0
DA:223,0
DA:224,0
DA:225,0
DA:228,0
DA:230,0
DA:231,0
DA:232,0
DA:233,0
DA:234,0
DA:235,0
DA:239,0
DA:241,0
DA:242,0
LF:87
LH:4
end_of_record
SF:lib/database/database_exceptions.dart
DA:12,0
DA:14,0
DA:16,0
DA:22,0
DA:23,0
DA:25,0
DA:26,0
DA:31,0
DA:32,0
DA:34,0
DA:35,0
DA:43,0
DA:48,0
DA:50,0
DA:52,0
DA:60,0
DA:65,0
DA:67,0
DA:69,0
DA:76,0
DA:82,0
DA:84,0
DA:86,0
DA:94,0
DA:99,0
DA:101,0
DA:103,0
DA:108,0
DA:109,0
DA:111,0
DA:112,0
DA:119,0
DA:120,0
DA:122,0
DA:124,0
DA:129,0
DA:130,0
DA:136,0
DA:137,0
DA:141,0
DA:142,0
DA:146,0
DA:152,0
DA:153,0
DA:156,0
DA:162,0
DA:163,0
DA:166,0
DA:172,0
DA:173,0
DA:174,0
DA:175,0
DA:181,0
DA:182,0
DA:183,0
DA:184,0
DA:190,0
DA:191,0
DA:197,0
DA:198,0
DA:199,0
DA:203,0
DA:204,0
DA:208,0
DA:209,0
DA:215,0
DA:219,0
DA:223,0
LF:68
LH:0
end_of_record
SF:lib/database/database_service.dart
DA:15,0
DA:18,0
DA:19,0
DA:27,0
DA:28,0
DA:33,0
DA:40,0
DA:42,0
DA:46,0
DA:47,0
DA:49,0
DA:61,0
DA:63,0
DA:66,0
DA:71,0
DA:72,0
DA:80,0
DA:81,0
DA:82,0
DA:89,0
DA:90,0
DA:98,0
DA:101,0
DA:102,0
DA:103,0
DA:106,0
DA:108,0
DA:109,0
DA:114,0
DA:119,0
DA:120,0
DA:123,0
DA:132,0
DA:134,0
DA:135,0
DA:137,0
DA:138,0
DA:140,0
DA:142,0
DA:151,0
DA:153,0
DA:154,0
DA:156,0
LF:43
LH:0
end_of_record
SF:lib/database/database.g.dart
DA:10,0
DA:60,0
DA:61,0
DA:62,0
DA:63,0
DA:64,0
DA:67,0
DA:72,0
DA:73,0
DA:74,0
DA:75,0
DA:77,0
DA:78,0
DA:80,0
DA:83,0
DA:85,0
DA:86,0
DA:88,0
DA:91,0
DA:93,0
DA:94,0
DA:96,0
DA:102,0
DA:103,0
DA:104,0
DA:106,0
DA:107,0
DA:108,0
DA:110,0
DA:112,0
DA:114,0
DA:116,0
DA:118,0
DA:120,0
DA:122,0
DA:127,0
DA:129,0
DA:147,0
DA:153,0
DA:155,0
DA:156,0
DA:157,0
DA:158,0
DA:159,0
DA:163,0
DA:164,0
DA:165,0
DA:166,0
DA:167,0
DA:168,0
DA:172,0
DA:176,0
DA:177,0
DA:178,0
DA:179,0
DA:180,0
DA:181,0
DA:184,0
DA:186,0
DA:187,0
DA:188,0
DA:189,0
DA:190,0
DA:191,0
DA:195,0
DA:200,0
DA:201,0
DA:202,0
DA:203,0
DA:204,0
DA:206,0
DA:207,0
DA:208,0
DA:209,0
DA:210,0
DA:211,0
DA:215,0
DA:217,0
DA:218,0
DA:219,0
DA:220,0
DA:221,0
DA:222,0
DA:223,0
DA:226,0
DA:227,0
DA:228,0
DA:231,0
DA:232,0
DA:233,0
DA:234,0
DA:235,0
DA:243,0
DA:249,0
DA:254,0
DA:255,0
DA:256,0
DA:262,0
DA:263,0
DA:264,0
DA:265,0
DA:266,0
DA:270,0
DA:276,0
DA:277,0
DA:278,0
DA:279,0
DA:280,0
DA:284,0
DA:286,0
DA:287,0
DA:288,0
DA:290,0
DA:291,0
DA:293,0
DA:294,0
DA:296,0
DA:297,0
DA:302,0
DA:304,0
DA:305,0
DA:306,0
DA:307,0
DA:308,0
DA:309,0
DA:310,0
DA:319,0
DA:424,0
DA:425,0
DA:426,0
DA:427,0
DA:428,0
DA:429,0
DA:430,0
DA:431,0
DA:432,0
DA:433,0
DA:434,0
DA:436,0
DA:437,0
DA:438,0
DA:441,0
DA:446,0
DA:447,0
DA:448,0
DA:449,0
DA:451,0
DA:452,0
DA:454,0
DA:457,0
DA:459,0
DA:460,0
DA:462,0
DA:465,0
DA:467,0
DA:468,0
DA:470,0
DA:473,0
DA:475,0
DA:476,0
DA:478,0
DA:481,0
DA:483,0
DA:484,0
DA:486,0
DA:489,0
DA:491,0
DA:492,0
DA:494,0
DA:497,0
DA:499,0
DA:500,0
DA:502,0
DA:503,0
DA:508,0
DA:510,0
DA:511,0
DA:513,0
DA:514,0
DA:522,0
DA:523,0
DA:524,0
DA:526,0
DA:527,0
DA:528,0
DA:530,0
DA:532,0
DA:534,0
DA:536,0
DA:538,0
DA:540,0
DA:542,0
DA:544,0
DA:546,0
DA:548,0
DA:550,0
DA:552,0
DA:554,0
DA:556,0
DA:558,0
DA:560,0
DA:562,0
DA:567,0
DA:569,0
DA:607,0
DA:618,0
DA:620,0
DA:621,0
DA:622,0
DA:623,0
DA:624,0
DA:625,0
DA:626,0
DA:627,0
DA:628,0
DA:629,0
DA:630,0
DA:635,0
DA:636,0
DA:637,0
DA:638,0
DA:639,0
DA:640,0
DA:641,0
DA:642,0
DA:643,0
DA:644,0
DA:645,0
DA:647,0
DA:651,0
DA:655,0
DA:656,0
DA:657,0
DA:658,0
DA:659,0
DA:660,0
DA:661,0
DA:662,0
DA:663,0
DA:664,0
DA:665,0
DA:668,0
DA:670,0
DA:671,0
DA:672,0
DA:673,0
DA:674,0
DA:675,0
DA:676,0
DA:677,0
DA:678,0
DA:679,0
DA:680,0
DA:684,0
DA:694,0
DA:695,0
DA:696,0
DA:697,0
DA:698,0
DA:699,0
DA:700,0
DA:701,0
DA:702,0
DA:703,0
DA:705,0
DA:706,0
DA:707,0
DA:708,0
DA:709,0
DA:710,0
DA:711,0
DA:712,0
DA:713,0
DA:714,0
DA:715,0
DA:716,0
DA:717,0
DA:718,0
DA:719,0
DA:720,0
DA:721,0
DA:725,0
DA:727,0
DA:728,0
DA:729,0
DA:730,0
DA:731,0
DA:732,0
DA:733,0
DA:734,0
DA:735,0
DA:736,0
DA:737,0
DA:738,0
DA:741,0
DA:742,0
DA:743,0
DA:744,0
DA:745,0
DA:746,0
DA:747,0
DA:748,0
DA:749,0
DA:750,0
DA:751,0
DA:753,0
DA:756,0
DA:757,0
DA:758,0
DA:759,0
DA:760,0
DA:761,0
DA:762,0
DA:763,0
DA:764,0
DA:765,0
DA:778,0
DA:789,0
DA:799,0
DA:800,0
DA:801,0
DA:802,0
DA:803,0
DA:804,0
DA:805,0
DA:806,0
DA:817,0
DA:818,0
DA:819,0
DA:820,0
DA:821,0
DA:822,0
DA:823,0
DA:824,0
DA:825,0
DA:826,0
DA:830,0
DA:841,0
DA:842,0
DA:843,0
DA:844,0
DA:845,0
DA:846,0
DA:847,0
DA:848,0
DA:849,0
DA:850,0
DA:854,0
DA:856,0
DA:857,0
DA:858,0
DA:860,0
DA:861,0
DA:863,0
DA:864,0
DA:866,0
DA:867,0
DA:869,0
DA:870,0
DA:872,0
DA:873,0
DA:875,0
DA:876,0
DA:878,0
DA:879,0
DA:881,0
DA:882,0
DA:887,0
DA:889,0
DA:890,0
DA:891,0
DA:892,0
DA:893,0
DA:894,0
DA:895,0
DA:896,0
DA:897,0
DA:898,0
DA:899,0
DA:900,0
DA:905,0
DA:906,0
DA:909,0
DA:911,0
DA:912,0
DA:913,0
DA:933,0
DA:935,0
DA:936,0
DA:937,0
DA:938,0
DA:941,0
DA:942,0
DA:943,0
DA:944,0
DA:945,0
DA:947,0
DA:948,0
DA:949,0
DA:956,0
DA:963,0
DA:964,0
DA:965,0
DA:968,0
DA:969,0
DA:970,0
DA:973,0
DA:974,0
DA:975,0
DA:978,0
DA:979,0
DA:980,0
DA:983,0
DA:986,0
DA:988,0
DA:989,0
DA:990,0
DA:992,0
DA:996,0
DA:997,0
DA:998,0
DA:1005,0
DA:1011,0
DA:1018,0
DA:1019,0
DA:1020,0
DA:1023,0
DA:1024,0
DA:1025,0
DA:1028,0
DA:1029,0
DA:1030,0
DA:1033,0
DA:1034,0
DA:1035,0
DA:1041,0
DA:1048,0
DA:1049,0
DA:1051,0
DA:1052,0
DA:1054,0
DA:1055,0
DA:1057,0
DA:1058,0
DA:1060,0
DA:1063,0
DA:1065,0
DA:1066,0
DA:1067,0
DA:1069,0
DA:1073,0
DA:1074,0
DA:1075,0
DA:1082,0
DA:1101,0
DA:1102,0
DA:1103,0
DA:1106,0
DA:1107,0
DA:1108,0
DA:1109,0
DA:1110,0
DA:1111,0
DA:1113,0
DA:1118,0
DA:1125,0
DA:1130,0
DA:1136,0
DA:1137,0
DA:1138,0
DA:1139,0
DA:1140,0
DA:1143,0
DA:1144,0
DA:1145,0
DA:1147,0
DA:1149,0
DA:1150,0
DA:1152,0
DA:1159,0
DA:1160,0
DA:1164,0
DA:1165,0
DA:1166,0
DA:1218,0
DA:1220,0
DA:1221,0
DA:1222,0
DA:1225,0
DA:1226,0
DA:1228,0
DA:1229,0
DA:1230,0
DA:1231,0
DA:1232,0
DA:1234,0
DA:1235,0
DA:1242,0
DA:1249,0
DA:1250,0
DA:1251,0
DA:1254,0
DA:1255,0
DA:1256,0
DA:1259,0
DA:1260,0
DA:1261,0
DA:1264,0
DA:1265,0
DA:1266,0
DA:1269,0
DA:1270,0
DA:1271,0
DA:1274,0
DA:1275,0
DA:1276,0
DA:1279,0
DA:1280,0
DA:1281,0
DA:1284,0
DA:1285,0
DA:1286,0
DA:1289,0
DA:1290,0
DA:1292,0
DA:1293,0
DA:1294,0
DA:1296,0
DA:1300,0
DA:1301,0
DA:1302,0
DA:1315,0
DA:1322,0
DA:1323,0
DA:1324,0
DA:1327,0
DA:1328,0
DA:1329,0
DA:1332,0
DA:1333,0
DA:1334,0
DA:1337,0
DA:1338,0
DA:1339,0
DA:1342,0
DA:1343,0
DA:1344,0
DA:1347,0
DA:1348,0
DA:1349,0
DA:1352,0
DA:1353,0
DA:1354,0
DA:1357,0
DA:1358,0
DA:1359,0
DA:1362,0
DA:1363,0
DA:1365,0
DA:1366,0
DA:1367,0
DA:1369,0
DA:1373,0
DA:1374,0
DA:1375,0
DA:1388,0
DA:1395,0
DA:1396,0
DA:1398,0
DA:1399,0
DA:1401,0
DA:1402,0
DA:1404,0
DA:1405,0
DA:1406,0
DA:1409,0
DA:1410,0
DA:1412,0
DA:1413,0
DA:1415,0
DA:1416,0
DA:1417,0
DA:1420,0
DA:1421,0
DA:1422,0
DA:1425,0
DA:1426,0
DA:1428,0
DA:1429,0
DA:1430,0
DA:1432,0
DA:1436,0
DA:1437,0
DA:1438,0
DA:1464,0
DA:1465,0
DA:1466,0
DA:1469,0
DA:1470,0
DA:1471,0
DA:1472,0
DA:1473,0
DA:1474,0
DA:1476,0
DA:1486,0
DA:1498,0
DA:1508,0
DA:1519,0
DA:1520,0
DA:1521,0
DA:1522,0
DA:1523,0
DA:1526,0
DA:1527,0
DA:1528,0
DA:1530,0
DA:1546,0
DA:1549,0
DA:1551,0
DA:1553,0
DA:1555,0
DA:1556,0
DA:1563,0
DA:1564,0
DA:1589,0
DA:1590,0
DA:1591,0
DA:1592,0
DA:1593,0
LF:629
LH:0
end_of_record
SF:lib/database/database.dart
DA:15,0
DA:18,0
DA:20,0
DA:23,0
DA:25,0
DA:26,0
DA:27,0
DA:30,0
DA:35,0
DA:40,0
DA:45,0
DA:53,0
DA:55,0
DA:58,0
DA:61,0
DA:68,0
DA:70,0
DA:74,0
DA:75,0
DA:76,0
DA:78,0
DA:81,0
DA:86,0
DA:87,0
DA:88,0
DA:89,0
LF:26
LH:0
end_of_record
SF:lib/models/repositories/fuel_entry_repository.dart
DA:12,0
DA:13,0
DA:15,0
DA:17,0
DA:20,0
DA:21,0
DA:22,0
DA:23,0
DA:25,0
DA:27,0
DA:34,0
DA:37,0
DA:38,0
DA:39,0
DA:40,0
DA:42,0
DA:44,0
DA:46,0
DA:51,0
DA:57,0
DA:58,0
DA:59,0
DA:60,0
DA:61,0
DA:62,0
DA:64,0
DA:66,0
DA:73,0
DA:80,0
DA:81,0
DA:82,0
DA:83,0
DA:84,0
DA:85,0
DA:86,0
DA:88,0
DA:90,0
DA:97,0
DA:100,0
DA:101,0
DA:102,0
DA:103,0
DA:104,0
DA:106,0
DA:108,0
DA:110,0
DA:115,0
DA:118,0
DA:119,0
DA:120,0
DA:122,0
DA:124,0
DA:126,0
DA:131,0
DA:135,0
DA:136,0
DA:139,0
DA:140,0
DA:141,0
DA:143,0
DA:144,0
DA:150,0
DA:153,0
DA:154,0
DA:157,0
DA:158,0
DA:165,0
DA:168,0
DA:169,0
DA:171,0
DA:177,0
DA:179,0
DA:183,0
DA:184,0
DA:185,0
DA:190,0
DA:193,0
DA:194,0
DA:195,0
DA:197,0
DA:198,0
DA:204,0
DA:207,0
DA:208,0
DA:209,0
DA:211,0
DA:213,0
DA:214,0
DA:221,0
DA:224,0
DA:225,0
DA:226,0
DA:228,0
DA:230,0
DA:237,0
DA:240,0
DA:241,0
DA:242,0
DA:244,0
DA:246,0
DA:251,0
DA:254,0
DA:255,0
DA:256,0
DA:257,0
DA:259,0
DA:261,0
DA:268,0
DA:271,0
DA:272,0
DA:273,0
DA:274,0
DA:276,0
DA:278,0
DA:280,0
DA:285,0
DA:288,0
DA:289,0
DA:291,0
DA:292,0
DA:293,0
DA:294,0
DA:296,0
DA:302,0
DA:309,0
DA:312,0
DA:314,0
DA:315,0
DA:316,0
DA:318,0
DA:320,0
DA:321,0
DA:323,0
DA:325,0
LF:134
LH:0
end_of_record
SF:lib/models/fuel_entry_model.dart
DA:16,1
DA:29,0
DA:30,0
DA:31,0
DA:32,0
DA:33,0
DA:34,0
DA:35,0
DA:36,0
DA:37,0
DA:38,0
DA:39,0
DA:44,1
DA:54,1
DA:67,0
DA:68,0
DA:69,0
DA:70,0
DA:71,0
DA:72,0
DA:73,0
DA:74,0
DA:75,0
DA:76,0
DA:81,0
DA:82,0
DA:83,0
DA:84,0
DA:85,0
DA:86,0
DA:87,0
DA:88,0
DA:89,0
DA:90,0
DA:91,0
DA:96,0
DA:101,0
DA:102,0
DA:103,0
DA:107,0
DA:110,0
DA:111,0
DA:112,0
DA:116,0
DA:120,0
DA:121,0
DA:124,0
DA:125,0
DA:129,0
DA:130,0
DA:134,0
DA:135,0
DA:139,0
DA:140,0
DA:144,0
DA:145,0
DA:146,0
DA:147,0
DA:151,0
DA:152,0
DA:156,0
DA:157,0
DA:158,0
DA:159,0
DA:163,0
DA:164,0
DA:165,0
DA:166,0
DA:167,0
DA:168,0
DA:172,0
DA:173,0
DA:174,0
DA:175,0
DA:182,0
DA:187,0
DA:190,0
DA:191,0
DA:192,0
DA:196,0
DA:199,0
DA:202,1
DA:213,1
DA:214,1
DA:215,1
DA:216,1
DA:217,1
DA:218,1
DA:219,1
DA:220,1
DA:221,1
DA:222,1
DA:226,0
DA:229,0
DA:230,0
DA:231,0
DA:232,0
DA:233,0
DA:234,0
DA:235,0
DA:236,0
DA:237,0
DA:238,0
DA:241,1
DA:243,1
DA:244,1
DA:245,1
DA:246,1
DA:247,1
DA:248,1
DA:249,1
DA:250,1
DA:251,1
DA:252,1
DA:256,1
DA:258,10
LF:116
LH:27
end_of_record
SF:lib/models/repositories/vehicle_repository.dart
DA:14,0
DA:15,0
DA:17,0
DA:19,0
DA:22,0
DA:23,0
DA:24,0
DA:25,0
DA:27,0
DA:29,0
DA:36,0
DA:39,0
DA:40,0
DA:41,0
DA:43,0
DA:45,0
DA:47,0
DA:52,0
DA:56,0
DA:57,0
DA:58,0
DA:60,0
DA:61,0
DA:66,0
DA:68,0
DA:71,0
DA:75,0
DA:76,0
DA:79,0
DA:80,0
DA:87,0
DA:90,0
DA:91,0
DA:93,0
DA:99,0
DA:100,0
DA:101,0
DA:103,0
DA:104,0
DA:109,0
DA:110,0
DA:111,0
DA:114,0
DA:117,0
DA:121,0
DA:122,0
DA:123,0
DA:125,0
DA:127,0
DA:128,0
DA:135,0
DA:139,0
DA:140,0
DA:141,0
DA:142,0
DA:143,0
DA:145,0
DA:146,0
DA:149,0
DA:153,0
DA:154,0
DA:155,0
DA:157,0
DA:159,0
DA:160,0
DA:167,0
DA:170,0
DA:171,0
DA:174,0
DA:177,0
DA:180,0
DA:187,0
DA:190,0
DA:191,0
DA:192,0
DA:193,0
DA:195,0
DA:197,0
DA:205,0
DA:208,0
DA:209,0
DA:210,0
DA:211,0
DA:212,0
DA:215,0
DA:217,0
DA:219,0
DA:221,0
DA:227,0
DA:229,0
DA:232,0
DA:234,0
DA:242,0
DA:244,0
DA:246,0
DA:254,0
DA:256,0
DA:257,0
DA:259,0
DA:261,0
DA:262,0
DA:263,0
DA:264,0
DA:265,0
DA:266,0
DA:269,0
DA:270,0
DA:271,0
DA:272,0
DA:273,0
DA:274,0
DA:276,0
DA:279,0
DA:285,0
LF:114
LH:0
end_of_record
SF:lib/providers/chart_providers.g.dart
DA:9,0
DA:14,0
DA:16,0
DA:18,0
DA:20,0
DA:21,0
DA:24,0
DA:26,0
DA:28,0
DA:29,0
DA:47,1
DA:52,0
DA:57,0
DA:64,0
DA:68,0
DA:69,0
DA:70,0
DA:71,0
DA:77,0
DA:82,0
DA:86,0
DA:98,0
DA:102,0
DA:103,0
DA:122,0
DA:132,0
DA:138,0
DA:145,0
DA:147,0
DA:148,0
DA:149,0
DA:154,0
DA:155,0
DA:156,0
DA:161,0
DA:163,0
DA:166,0
DA:168,0
DA:169,0
DA:170,0
DA:171,0
DA:174,0
DA:176,0
DA:177,0
DA:178,0
DA:179,0
DA:181,0
DA:202,0
DA:204,0
DA:205,0
DA:206,0
DA:207,0
DA:208,0
DA:209,0
DA:212,0
DA:229,1
DA:234,0
DA:235,0
DA:238,0
DA:242,0
DA:247,0
DA:252,0
DA:256,0
DA:268,0
DA:269,0
DA:270,0
DA:287,0
DA:296,0
DA:301,0
DA:308,0
DA:310,0
DA:311,0
DA:312,0
DA:317,0
DA:318,0
DA:323,0
DA:325,0
DA:328,0
DA:330,0
DA:331,0
DA:332,0
DA:335,0
DA:337,0
DA:338,0
DA:339,0
DA:341,0
DA:359,0
DA:361,0
DA:362,0
DA:363,0
DA:364,0
DA:367,0
DA:384,1
DA:389,0
DA:390,0
DA:393,0
DA:397,0
DA:402,0
DA:407,0
DA:411,0
DA:423,0
DA:424,0
DA:425,0
DA:442,0
DA:451,0
DA:456,0
DA:463,0
DA:465,0
DA:466,0
DA:467,0
DA:472,0
DA:473,0
DA:478,0
DA:480,0
DA:483,0
DA:485,0
DA:486,0
DA:487,0
DA:490,0
DA:492,0
DA:493,0
DA:494,0
DA:496,0
DA:514,0
DA:516,0
DA:517,0
DA:518,0
DA:519,0
DA:522,0
DA:537,1
DA:542,0
DA:547,0
DA:554,0
DA:558,0
DA:559,0
DA:560,0
DA:561,0
DA:567,0
DA:572,0
DA:576,0
DA:588,0
DA:592,0
DA:593,0
DA:612,0
DA:622,0
DA:628,0
DA:633,0
DA:635,0
DA:636,0
DA:637,0
DA:642,0
DA:643,0
DA:644,0
DA:649,0
DA:651,0
DA:654,0
DA:656,0
DA:657,0
DA:658,0
DA:659,0
DA:662,0
DA:664,0
DA:665,0
DA:666,0
DA:667,0
DA:669,0
DA:690,0
DA:692,0
DA:693,0
DA:694,0
DA:695,0
DA:696,0
DA:697,0
DA:700,0
DA:717,1
DA:722,0
DA:726,0
DA:732,0
DA:736,0
DA:741,0
DA:746,0
DA:750,0
DA:762,0
DA:763,0
DA:764,0
DA:781,0
DA:790,0
DA:795,0
DA:800,0
DA:802,0
DA:803,0
DA:804,0
DA:809,0
DA:810,0
DA:815,0
DA:817,0
DA:820,0
DA:822,0
DA:823,0
DA:824,0
DA:827,0
DA:829,0
DA:830,0
DA:831,0
DA:833,0
DA:851,0
DA:853,0
DA:855,0
DA:856,0
DA:857,0
LF:210
LH:5
end_of_record
SF:lib/providers/chart_providers.dart
DA:13,0
DA:19,0
DA:22,0
DA:23,0
DA:24,0
DA:25,0
DA:28,0
DA:29,0
DA:31,0
DA:33,0
DA:43,0
DA:49,0
DA:52,0
DA:53,0
DA:54,0
DA:55,0
DA:58,0
DA:59,0
DA:61,0
DA:63,0
DA:68,0
DA:79,0
DA:80,0
DA:83,0
DA:88,0
DA:89,0
DA:90,0
DA:91,0
DA:92,0
DA:94,0
DA:98,0
DA:108,0
DA:109,0
DA:113,0
DA:114,0
DA:119,0
DA:120,0
DA:121,0
DA:122,0
DA:124,0
DA:128,0
DA:134,0
DA:137,0
DA:139,0
DA:140,0
DA:141,0
DA:142,0
DA:147,0
DA:149,0
DA:150,0
DA:151,0
DA:152,0
DA:153,0
DA:155,0
DA:156,0
DA:157,0
DA:165,0
DA:176,0
DA:177,0
DA:180,0
DA:183,0
DA:184,0
DA:195,0
DA:196,0
DA:199,0
DA:200,0
DA:201,0
DA:204,0
DA:205,0
DA:207,0
DA:213,0
DA:218,0
DA:225,0
DA:227,0
DA:229,0
DA:230,0
DA:231,0
DA:235,0
DA:236,0
DA:237,0
DA:238,0
DA:241,0
DA:243,0
DA:244,0
DA:245,0
LF:85
LH:0
end_of_record
SF:lib/providers/fuel_entry_providers.g.dart
DA:9,1
DA:14,0
DA:16,1
DA:18,2
DA:20,4
DA:21,2
DA:24,1
DA:26,4
DA:28,2
DA:29,4
DA:47,2
DA:52,1
DA:53,1
DA:56,0
DA:60,0
DA:65,0
DA:70,0
DA:74,0
DA:86,1
DA:87,1
DA:88,1
DA:89,1
DA:101,1
DA:109,1
DA:113,0
DA:118,0
DA:120,0
DA:121,0
DA:122,0
DA:127,0
DA:132,1
DA:134,1
DA:137,1
DA:139,1
DA:140,3
DA:143,1
DA:145,3
DA:146,3
DA:148,1
DA:163,1
DA:165,0
DA:166,0
DA:169,1
DA:186,2
DA:191,1
DA:192,1
DA:195,0
DA:199,0
DA:204,0
DA:209,0
DA:213,0
DA:225,1
DA:226,1
DA:227,2
DA:244,1
DA:253,1
DA:258,0
DA:263,0
DA:265,0
DA:266,0
DA:267,0
DA:272,0
DA:273,0
DA:278,1
DA:280,1
DA:283,1
DA:285,1
DA:286,3
DA:287,3
DA:290,1
DA:292,3
DA:293,3
DA:294,3
DA:296,1
DA:314,1
DA:316,0
DA:318,0
DA:319,0
DA:320,0
DA:323,1
DA:341,2
DA:346,1
DA:351,1
DA:358,0
DA:362,0
DA:367,0
DA:372,0
DA:376,0
DA:388,1
DA:392,1
DA:393,2
DA:412,1
DA:422,1
DA:428,0
DA:435,0
DA:437,0
DA:438,0
DA:439,0
DA:444,0
DA:445,0
DA:446,0
DA:451,1
DA:453,1
DA:456,1
DA:458,1
DA:459,3
DA:460,3
DA:461,3
DA:464,1
DA:466,3
DA:467,3
DA:468,3
DA:469,3
DA:471,1
DA:492,1
DA:494,0
DA:496,0
DA:497,0
DA:499,0
DA:500,0
DA:502,0
DA:505,1
DA:522,2
DA:527,1
DA:528,1
DA:531,0
DA:535,0
DA:540,0
DA:545,0
DA:549,0
DA:561,1
DA:562,1
DA:563,2
DA:578,1
DA:586,1
DA:590,0
DA:595,0
DA:597,0
DA:598,0
DA:599,0
DA:604,0
DA:609,1
DA:611,1
DA:614,1
DA:616,1
DA:617,3
DA:620,1
DA:622,3
DA:623,3
DA:625,1
DA:640,1
DA:642,0
DA:643,0
DA:646,1
DA:661,2
DA:666,1
DA:667,1
DA:670,0
DA:672,0
DA:677,0
DA:682,0
DA:686,0
DA:697,1
DA:698,1
DA:699,2
DA:710,1
DA:718,1
DA:722,0
DA:726,0
DA:728,0
DA:729,0
DA:730,0
DA:735,0
DA:740,1
DA:742,1
DA:745,1
DA:747,4
DA:750,1
DA:752,3
DA:753,3
DA:755,1
DA:769,1
DA:771,0
DA:772,0
DA:775,1
DA:781,3
DA:794,1
DA:810,2
DA:815,1
DA:816,1
DA:819,0
DA:823,0
DA:828,0
DA:833,0
DA:837,0
DA:848,1
DA:849,1
DA:850,2
DA:865,1
DA:873,1
DA:877,0
DA:881,0
DA:883,0
DA:884,0
DA:885,0
DA:890,0
DA:895,1
DA:897,1
DA:900,1
DA:902,1
DA:903,3
DA:906,1
DA:908,3
DA:909,3
DA:911,1
DA:925,1
DA:927,0
DA:928,0
DA:931,1
DA:938,2
DA:939,1
DA:953,1
DA:970,2
DA:975,1
DA:976,1
DA:979,0
DA:983,0
DA:988,0
DA:993,0
DA:997,0
DA:1009,1
DA:1010,1
DA:1011,2
DA:1026,1
DA:1034,1
DA:1038,0
DA:1042,0
DA:1044,0
DA:1045,0
DA:1046,0
DA:1051,0
DA:1056,1
DA:1058,1
DA:1061,1
DA:1063,1
DA:1064,3
DA:1067,1
DA:1069,3
DA:1070,3
DA:1072,1
DA:1086,1
DA:1088,0
DA:1090,0
DA:1093,1
DA:1100,2
DA:1101,1
LF:256
LH:155
end_of_record
SF:lib/providers/fuel_entry_providers.dart
DA:7,3
DA:11,1
DA:12,1
DA:21,3
DA:27,1
DA:32,1
DA:33,1
DA:34,0
DA:39,0
DA:42,0
DA:43,0
DA:44,0
DA:45,0
DA:48,0
DA:49,0
DA:55,1
DA:57,1
DA:61,1
DA:63,3
DA:65,5
DA:66,1
DA:68,0
DA:69,0
DA:74,1
DA:75,1
DA:76,4
DA:80,1
DA:81,2
DA:82,3
DA:88,1
DA:89,1
DA:90,2
DA:92,2
DA:93,2
DA:95,2
DA:96,1
DA:103,0
DA:104,0
DA:105,0
DA:106,0
DA:115,1
DA:116,1
DA:117,0
DA:120,2
DA:121,3
DA:127,3
DA:129,2
DA:130,1
DA:131,5
DA:132,1
DA:134,2
DA:135,1
DA:142,0
DA:143,0
DA:144,0
DA:145,0
DA:154,1
DA:155,2
DA:156,3
DA:162,2
DA:164,2
DA:165,1
DA:166,4
DA:167,1
DA:169,2
DA:170,1
DA:177,0
DA:178,0
DA:179,0
DA:180,0
DA:189,0
DA:190,0
DA:191,0
DA:192,0
DA:197,0
DA:198,0
DA:203,1
DA:208,3
DA:209,5
DA:211,5
DA:216,1
DA:222,3
DA:223,2
DA:224,3
DA:225,3
DA:226,1
DA:228,5
DA:233,1
DA:240,3
DA:241,2
DA:242,2
DA:243,3
DA:244,3
DA:245,1
DA:247,5
DA:252,1
DA:257,3
DA:258,5
DA:259,1
DA:262,5
DA:263,1
DA:267,1
DA:269,2
DA:273,1
DA:275,2
DA:279,1
DA:284,2
DA:285,5
DA:289,1
DA:293,3
DA:294,1
DA:296,2
DA:297,1
DA:298,1
DA:299,2
DA:301,2
DA:305,2
DA:306,5
DA:313,1
DA:318,3
DA:319,2
DA:320,3
DA:321,1
DA:323,1
DA:326,3
DA:327,3
DA:329,2
LF:127
LH:98
end_of_record
SF:lib/providers/database_providers.g.dart
DA:9,0
DA:15,0
DA:28,0
DA:34,0
DA:47,0
DA:53,0
DA:66,0
DA:73,0
LF:8
LH:0
end_of_record
SF:lib/providers/database_providers.dart
DA:10,0
DA:12,0
DA:16,0
DA:18,0
DA:22,0
DA:24,0
DA:25,0
DA:29,0
DA:31,0
DA:32,0
LF:10
LH:0
end_of_record
SF:lib/database/connection/connection.dart
DA:8,0
LF:1
LH:0
end_of_record
SF:lib/database/connection/native_connection.dart
DA:11,0
DA:12,0
DA:14,0
DA:15,0
DA:19,0
DA:20,0
DA:23,0
DA:24,0
DA:26,0
LF:9
LH:0
end_of_record
SF:lib/database/tables/vehicles_table.dart
DA:10,0
DA:14,0
DA:18,0
DA:21,0
DA:25,0
DA:26,0
LF:6
LH:0
end_of_record
SF:lib/database/tables/fuel_entries_table.dart
DA:12,0
DA:15,0
DA:18,0
DA:22,0
DA:26,0
DA:30,0
DA:34,0
DA:38,0
DA:43,0
DA:47,0
DA:48,0
LF:11
LH:0
end_of_record
